34 22 23 16 32 13 4 1 27 25 2 3 45 14 24 42 5 17 30 33 12 0 46 6 8 18 36 7 39 47 15 31 41 29 40 48 19 49 44 9 10 21 37 11 26 20 35 43 28 3
41 0 25 1 26 2 27 3 28 4 29 5 30 6 31 7 32 8 33 9 34 10 35 11 36 12 37 13 38 14 39 15 40 16 42 17 43 18 44 19 45 20 46 21 47 22 48 23 49 2
23 26 0 27 7 32 2 43 22 46 5 40 13 28 4 29 21 38 14 30 24 1 3 33 19 47 17 36 8 35 12 31 15 44 6 42 16 49 10 45 18 34 11 37 9 39 20 41 25 4
24 5 1 36 45 32 0 23 4 2 48 3 7 12 16 14 49 35 18 10 21 22 9 41 6 31 20 28 43 15 33 19 17 27 8 30 11 25 44 13 47 39 37 29 38 42 26 40 46 3
48 0 34 3 16 33 18 41 12 4 6 42 27 5 9 28 45 29 10 2 43 7 30 11 21 39 14 15 37 8 44 20 31 23 40 22 47 25 17 32 1 24 49 38 19 26 13 35 46 3
10 0 1 8 2 13 5 15 3 14 4 12 6 9 7 1
1 49 27 4 25 13 28 11 41 10 30 19 32 24 40 0 29 2 35 3 26 6 33 14 31 5 43 7 34 21 47 8 45 9 39 17 36 12 46 22 37 23 38 16 44 18 42 15 48 2
26 1 38 19 5 27 18 9 39 47 6 32 23 40 45 2 8 17 42 30 29 33 15 28 4 3 36 49 16 25 37 24 41 11 7 31 10 0 20 46 14 12 48 13 35 22 21 44 34 4
29 0 1 2 3 4 5 6 7 8 9 10 11 12 13 14 15 16 17 18 19 20 21 22 23 24 25 26 27 2
34 1 2 3 0 15 4 5 6 7 8 9 10 11 14 13 12 17 16 19 18 25 20 23 22 43 30 31 24 21 38 27 28 33 32 39 36 41 26 47 42 29 40 35 48 45 46 37 44 4
7 0 1 3 2 4 5 6
34 0 30 1 25 2 4 35 33 5 49 44 48 3 14 9 36 21 8 6 42 7 28 10 12 18 11 15 13 20 19 37 41 29 16 23 17 26 22 31 32 40 39 43 27 45 38 46 24 4
14 25 32 15 26 18 38 8 44 22 35 21 28 1 31 0 33 13 40 9 36 20 48 4 30 2 37 5 43 7 27 3 34 12 39 10 49 24 29 11 46 6 41 17 42 16 47 23 45 1
4 2 33 21 5 3 37 27 7 34 30 6 0 8 48 40 26 9 19 11 1 35 24 41 17 20 42 39 22 46 36 14 43 25 31 15 16 18 10 32 38 49 13 12 44 29 45 47 23 2
46 31 1 3 35 45 44 4 14 30 20 47 9 21 2 43 26 12 33 42 7 8 0 18 6 13 5 49 36 10 11 37 17 15 25 32 41 40 38 23 48 19 16 22 24 29 27 28 39 3
11 46 38 9 42 24 49 0 25 1 35 18 26 2 27 3 41 16 34 4 28 15 29 10 47 23 31 7 32 5 37 6 33 8 30 12 36 19 40 13 43 14 44 22 45 20 39 17 48 2
5 0 3 46 23 10 1 20 7 16 9 28 17 2 31 14 11 24 39 30 49 8 41 18 29 4 19 12 21 6 13 26 35 36 43 34 15 22 27 38 33 48 37 32 25 42 47 40 45 4
39 43 44 32 2 1 3 47 4 40 5 46 10 9 11 7 12 0 13 6 18 17 19 15 20 8 21 14 26 25 27 23 28 16 29 22 34 33 35 31 36 24 37 30 42 41 45 3
1 4 2 0 3 5
37 25 4 1 33 6 34 15 20 7 43 44 2 10 8 38 3 40 19 12 0 13 17 22 5 18 23 48 9 16 42 24 41 28 11 32 29 46 39 30 27 47 14 35 21 45 31 49 26 3
15 42 25 2 38 6 26 19 47 7 37 14 31 24 27 3 28 5 32 0 29 10 44 12 36 16 46 20 30 8 45 9 40 1 33 18 41 11 49 13 34 4 39 17 43 21 48 22 35 2
31 5 36 2 41 14 30 0 38 29 35 17 3 9 40 20 39 6 22 4 27 32 34 7 10 25 37 1 11 13 28 21 16 24 43 8 18 12 23 33 42 15 19 2
9 8 7 6 5 4 3 2 1 0 41 40 39 38 37 36 35 34 33 32 31 30 29 28 27 26 25 24 23 22 21 20 19 18 17 16 15 14 13 12 11 10 49 48 47 46 45 44 43 4
17 0 1 4 24 5 14 6 23 25 8 18 10 7 2 15 3 9 12 13 19 20 21 11 16 2
16 1 17 0 19 4 11 12 9 8 3 10 5 2 7 14 13 18 15 6
10 0 22 31 46 3 45 2 1 4 13 25 33 18 5 12 9 7 41 44 30 14 23 20 8 43 42 11 49 19 26 15 6 16 38 37 32 24 17 39 21 28 36 27 40 29 47 34 48 3
48 47 12 26 41 31 44 2 39 36 20 14 45 9 0 21 38 3 40 32 24 13 23 19 6 10 28 34 49 18 1 29 37 15 8 5 35 17 25 30 43 42 46 4 22 16 33 11 27 7
27 12 16 25 31 48 0 7 28 14 2 19 39 11 21 18 36 5 9 6 23 38 40 24 33 30 1 41 22 26 8 4 17 46 10 29 20 13 34 49 43 45 37 35 32 42 3 47 15 4
4 37 21 46 1 35 5 30 2 27 11 48 16 7 41 15 43 20 17 34 39 32 12 13 45 36 18 23 44 22 9 28 19 42 14 29 8 10 33 40 38 3 24 26 49 47 25 31 0 6
42 29 5 0 9 1 6 2 8 12 17 3 16 21 7 10 15 4 18 32 39 11 37 13 19 14 25 43 48 41 26 31 38 40 49 22 27 20 28 23 35 24 36 44 45 33 46 30 47 3
29 15 35 2 4 37 21 1 5 9 40 0 10 33 44 36 28 3 13 6 48 26 16 47 27 14 18 20 30 8 38 25 41 7 12 49 45 11 22 34 43 24 42 31 23 19 39 46 32 1
9 10 21 26 13 18 29 34 45 46 47 0 3 2 1 4 7 6 5 8 11 12 15 14 17 16 19 20 23 22 25 24 27 28 31 30 33 32 35 36 39 38 37 42 41 40 43 4
24 2 13 14 1 49 45 4 43 6 35 46 5 47 8 30 7 0 3 41 42 29 15 11 34 19 9 48 37 33 10 20 16 31 21 36 12 18 17 23 39 32 44 25 40 27 26 22 28 3
8 14 29 35 5 32 6 0 10 1 15 38 16 2 27 9 31 49 17 18 22 19 23 21 48 33 24 26 44 37 47 43 34 45 36 46 7 3 28 4 12 13 20 40 11 39 42 30 25 4
18 43 21 46 17 32 1 2 47 0 7 40 25 14 31 4 33 8 3 16 37 30 9 6 15 20 27 10 49 42 23 22 11 26 35 48 39 12 5 24 13 34 29 28 41 44 19 38 45 3
38 39 35 36 37 13 5 18 10 29 21 34 26 45 44 0 1 2 3 4 7 6 8 9 14 15 12 11 17 16 19 20 23 22 24 25 30 31 28 27 33 32 40 41 46 47 42 4
3 2 4 0 11 6 1 8 5 12 7 9 14 10 18 19 32 28 34 15 26 23 25 16 44 17 27 21 33 22 46 30 38 20 43 24 36 29 48 41 49 35 42 31 45 37 40 39 47 1
21 29 28 26 25 22 23 24 27 0 3 2 5 6 7 1 8 4 9 10 18 16 13 12 15 11 17 14 19 2
17 48 29 24 25 0 47 2 41 1 26 20 43 3 28 4 32 5 27 6 30 7 37 9 42 8 31 21 44 16 33 18 36 10 46 23 38 11 34 12 49 13 35 14 45 22 39 15 40 1
4 47 37 16 20 49 13 34 19 8 46 10 35 3 0 2 6 48 1 43 14 33 38 39 21 5 12 7 26 22 40 32 15 42 31 23 18 27 30 29 11 44 9 17 25 45 28 24 36 4
4 29 13 0 1 26 3 2 5 48 7 6 9 8 39 10 11 12 15 14 17 16 19 18 21 20 23 22 25 24 27 28 31 30 33 32 35 34 37 36 47 38 41 40 43 42 45 44 49 4
13 10 1 5 4 12 3 14 2 20 43 0 21 17 23 29 34 9 15 11 18 6 31 22 30 16 25 27 39 26 24 38 44 8 35 42 7 45 19 32 48 47 28 46 33 49 40 41 36 3
40 43 18 34 3 1 5 15 31 0 8 9 16 33 37 2 4 38 14 22 6 39 10 49 21 24 47 28 11 7 48 20 12 25 13 45 17 27 19 29 23 46 35 30 26 41 36 32 42 4
7 4 0 8 3 9 6 2 1 5
12 44 40 24 25 20 26 21 29 22 27 23 28 4 32 0 37 1 30 5 31 2 41 16 48 19 47 11 49 6 35 3 34 7 38 14 33 8 36 9 39 15 46 18 45 13 43 10 42 1
16 9 1 5 4 10 27 20 2 7 23 47 38 41 14 3 8 11 40 26 12 48 18 32 33 44 19 0 28 15 17 13 30 24 34 22 45 46 42 49 35 6 39 37 36 25 29 31 43 2
17 0 3 4 33 28 15 23 41 16 1 5 19 38 11 36 40 27 2 12 34 39 18 8 13 25 49 6 32 22 42 21 14 26 20 30 46 7 35 9 44 48 31 24 43 29 45 10 47 3
16 41 45 7 20 36 1 31 40 46 24 48 28 0 29 2 34 10 21 23 3 49 39 22 19 4 18 6 43 26 44 5 33 9 25 42 32 27 30 8 38 35 47 37 11 14 13 15 12 1
41 36 38 6 25 37 1 3 11 10 31 12 32 4 48 2 14 23 28 40 22 5 19 9 30 45 17 8 16 0 39 26 44 7 29 20 43 27 13 18 47 24 15 35 49 46 42 34 21 3
28 44 15 1 16 37 11 43 24 3 0 12 42 18 2 46 45 5 6 19 17 10 49 13 38 26 31 27 48 21 30 20 35 22 7 41 23 29 47 32 25 40 4 39 8 34 9 33 14 3
28 11 4 6 0 22 14 2 31 17 16 32 18 7 21 5 19 24 8 38 10 39 34 23 37 48 25 20 3 43 45 13 1 9 30 12 47 15 33 27 49 26 35 46 44 40 42 29 36 4
23 35 7 4 1 38 22 0 3 49 11 26 8 14 27 2 6 36 31 40 30 12 15 42 10 43 32 20 19 21 5 13 18 44 9 34 16 45 17 37 24 33 28 48 29 39 46 41 25 4
17 40 8 4 30 1 47 31 45 34 7 33 37 44 29 2 9 11 16 26 3 14 49 27 5 12 13 25 39 36 6 22 0 15 18 10 23 19 48 43 32 28 24 38 35 20 46 21 41 4
2 19 5 0 6 16 18 12 10 15 17 11 1 7 14 4 13 21 9 8 20 3
44 43 47 46 45 10 5 18 13 26 21 42 29 34 33 32 31 30 35 36 37 38 39 0 1 2 3 4 7 6 9 8 11 12 15 14 17 16 19 20 23 22 25 24 27 28 41 4
49 9 22 17 16 5 19 21 18 26 2 15 30 1 29 47 43 27 13 40 45 41 7 20 8 32 0 24 3 12 14 6 4 11 25 10 44 31 35 36 23 42 39 28 46 34 37 33 38 4
1 3 2 0
9 3 2 8 0 6 7 1 4 5
3 7 6 0 5 1 17 13 9 10 15 11 16 12 18 14 38 32 29 30 35 31 8 2 19 20 25 21 26 4 27 23 28 22 36 24 47 43 39 40 45 41 46 42 48 44 49 34 37 3
3 23 2 27 33 31 0 8 43 4 6 45 7 25 39 1 32 5 11 42 18 16 12 26 47 17 40 46 9 15 14 13 19 10 41 22 20 28 21 24 34 30 37 49 48 29 35 44 36 3
42 0 12 20 31 9 7 41 21 27 23 46 39 3 2 33 25 28 6 11 10 16 44 36 19 4 1 43 34 5 29 26 24 8 30 13 47 15 37 38 18 49 32 35 45 17 48 14 40 2
49 0 1 25 2 26 3 27 4 28 5 29 6 30 7 31 8 32 9 33 10 34 11 35 12 36 13 37 14 38 15 39 16 40 17 41 18 42 19 43 20 44 21 45 22 46 23 47 24 4
43 12 5 32 1 6 17 49 45 10 13 0 20 30 3 25 31 38 41 22 42 2 18 4 8 7 37 23 9 35 44 19 11 29 46 47 28 21 14 24 16 39 40 36 33 26 15 34 27 4
1 0 2 3
6 38 26 0 33 4 25 16 44 24 37 14 28 18 35 1 27 22 45 20 30 3 42 19 31 12 29 7 48 17 46 13 32 2 49 23 34 21 36 15 40 5 47 8 39 9 41 10 43 1
1 0 2 3 4 5 6 31 7 39 38 11 10 9 8 21 22 40 13 12 14 15 16 17 18 20 19 24 23 25 27 26 37 42 41 28 29 30 34 33 32 43 35 46 36 44 47 48 49 4
30 17 25 4 35 21 32 0 33 34 38 1 9 39 15 5 2 10 31 3 14 16 37 6 11 27 13 26 20 24 29 7 22 12 18 8 28 36 19 2
29 0 2 1 4 3 6 5 8 7 10 9 12 11 14 13 16 15 18 17 20 19 22 21 24 23 26 25 28 27 30 31 32 33 34 35 36 37 38 39 40 41 42 43 44 45 46 47 48 4
10 8 14 11 1 2 42 3 20 13 