41 29 40 48 19 49 44 9 2 3 45 14 12 33 30 17 5 21 10 0 46 6 8 18 36 1 4 13 32 16 23 22 34 38 35 43 28 7 39 47 15 31 24 20 26 11 37 25 27 4
32 0 25 1 26 2 27 3 28 4 29 5 30 6 31 7 33 8 34 9 35 10 36 11 37 12 38 13 39 14 40 15 41 16 42 17 43 18 44 19 45 20 46 21 47 22 48 23 49 2
13 26 3 1 2 30 24 31 0 27 5 46 23 34 12 35 4 28 21 38 14 43 22 29 6 42 16 49 7 32 10 33 19 36 17 47 8 37 9 44 15 45 25 39 11 40 18 41 20 4
26 40 5 24 37 2 4 32 0 23 43 28 1 36 45 3 17 27 6 41 9 39 46 12 16 14 49 35 18 10 21 22 7 30 8 19 48 29 33 15 20 31 38 42 11 25 44 13 47 3
26 10 19 0 34 25 47 2 43 41 12 15 14 39 31 5 27 42 6 4 16 3 9 7 30 29 17 8 44 11 21 28 45 24 1 20 13 23 40 22 48 32 18 33 37 38 49 35 46 3
10 0 1 8 2 13 3 14 6 12 4 15 5 9 7 1
20 48 25 13 28 4 27 10 30 19 32 11 41 0 29 1 49 12 26 6 33 14 43 2 35 3 37 21 31 7 44 5 34 24 36 17 38 8 45 9 39 15 42 22 40 16 47 18 46 2
28 4 42 30 29 33 15 2 45 40 23 32 6 25 37 49 1 46 38 19 5 27 8 17 18 9 39 47 10 0 20 31 7 11 16 13 35 22 41 24 34 3 36 26 48 12 14 43 21 4
29 0 1 2 3 4 5 6 7 8 9 10 11 12 13 14 15 16 17 18 19 20 21 22 23 24 25 26 27 2
20 17 0 1 2 3 4 5 6 7 8 9 10 11 14 15 12 13 16 19 18 25 24 21 28 23 22 31 26 33 30 39 32 41 36 43 42 47 34 27 38 29 40 35 44 37 46 45 48 4
5 0 1 3 2 4 7 6
35 4 17 0 30 1 25 2 8 3 14 5 49 6 42 7 28 9 36 21 11 31 32 10 12 18 13 15 34 20 19 37 41 23 16 43 39 40 33 46 22 29 48 44 24 45 27 26 38 4
24 29 41 7 35 21 25 12 27 2 26 18 28 22 44 1 31 15 32 11 46 16 47 3 34 13 40 0 33 8 38 14 30 4 48 20 36 9 39 10 49 17 42 6 45 23 37 5 43 1
0 8 48 40 26 2 33 21 5 3 37 27 4 6 16 9 19 46 13 49 44 12 1 35 24 15 7 34 30 29 42 20 17 41 31 25 43 14 23 47 45 39 22 32 38 18 10 28 36 1
41 40 0 18 6 3 1 13 39 34 46 31 11 4 14 8 48 30 20 47 9 21 38 12 2 43 26 37 17 15 36 10 35 45 44 22 5 49 7 42 33 28 27 19 16 23 24 29 25 3
14 47 38 0 43 1 35 8 33 2 31 23 25 9 26 3 27 4 29 10 40 19 28 15 30 12 34 5 37 17 39 6 32 7 49 24 36 11 46 18 41 16 45 20 48 13 42 21 44 2
42 3 1 0 27 10 5 22 7 20 47 40 13 6 49 8 39 30 15 2 31 14 11 24 9 28 17 32 19 4 23 46 21 12 33 48 25 36 43 34 29 16 45 44 35 18 41 38 37 2
31 35 36 24 37 30 42 41 2 1 3 47 4 40 5 46 10 9 11 7 12 0 13 6 18 17 19 15 20 8 21 14 26 25 27 23 28 16 29 22 34 33 45 38 43 39 44 3
1 4 2 0 3 5
25 18 2 10 8 24 41 49 0 12 5 30 39 7 33 6 34 15 4 13 20 44 26 48 9 16 42 35 14 38 27 47 3 40 19 46 11 22 29 28 17 32 21 45 23 1 31 36 43 3
2 25 27 20 28 17 39 4 26 19 47 3 49 12 29 0 32 5 35 14 45 15 31 24 41 18 33 1 38 6 36 16 46 11 42 23 37 7 30 8 40 9 44 10 34 21 48 22 43 1
23 0 38 1 35 17 3 9 36 2 41 6 34 4 22 7 10 25 37 12 39 21 11 13 28 29 40 20 27 32 16 24 30 14 43 5 31 26 19 15 18 8 42 3
47 46 45 44 43 42 41 40 39 38 37 36 35 34 33 32 31 30 29 28 27 26 25 24 23 22 21 20 19 18 17 16 15 14 13 12 11 10 9 8 7 6 5 4 3 2 1 0 49 4
13 12 16 15 2 7 10 18 8 25 23 6 3 0 1 4 24 22 14 5 17 20 19 11 21 9
10 15 7 14 5 2 1 16 13 18 9 12 11 4 3 8 19 0 17 6
15 21 0 39 1 20 23 2 42 43 6 4 5 10 8 7 9 3 45 11 49 18 33 12 13 25 17 14 36 27 41 19 22 35 46 31 48 28 26 16 38 24 30 29 47 34 32 37 40 4
45 9 27 13 0 3 40 32 24 11 6 19 1 18 12 7 20 36 33 29 25 17 22 16 37 47 48 4 46 42 43 14 38 21 28 10 23 15 8 5 35 34 49 2 39 26 41 31 44 3
1 47 0 48 15 44 2 4 8 26 22 41 9 6 3 30 33 24 10 5 40 19 39 11 21 18 36 14 28 7 27 12 16 25 17 46 31 29 20 13 34 49 43 42 32 35 23 38 37 4
2 27 11 3 21 46 1 4 37 23 18 32 12 6 49 7 41 15 43 20 17 10 33 22 8 29 14 26 44 13 45 30 5 28 9 34 39 35 24 36 19 42 16 48 38 40 0 31 25 4
17 0 5 1 6 22 7 10 46 41 47 2 8 3 9 4 16 21 49 40 38 12 27 30 15 20 28 24 36 11 39 33 45 14 29 32 35 23 37 44 18 13 19 34 26 31 25 43 48 4
33 10 27 47 16 0 39 1 21 20 5 9 40 11 44 36 28 3 13 6 15 2 4 14 18 17 30 8 22 46 32 7 12 49 35 19 23 26 38 25 41 29 42 24 43 34 45 37 48 3
3 0 1 2 5 6 7 4 9 8 11 12 15 14 13 18 29 10 21 26 45 34 33 32 31 28 27 24 23 20 19 16 17 22 25 30 35 36 39 38 37 42 41 40 43 44 47 4
20 39 5 47 12 33 10 19 34 11 7 30 1 14 13 0 3 4 43 6 35 31 16 32 44 41 42 29 15 48 37 22 8 23 17 18 26 27 40 25 2 24 21 36 45 49 28 38 9 4
30 25 6 0 24 33 5 32 27 18 22 1 16 2 23 46 10 9 15 38 17 37 29 35 36 19 44 49 31 26 48 21 34 43 47 45 7 3 11 4 42 40 20 8 14 13 28 39 12 4
13 24 5 8 3 16 37 30 9 32 17 46 15 20 27 0 7 40 25 14 19 44 31 28 1 2 11 26 43 18 45 48 29 10 49 6 41 4 33 12 39 42 23 22 21 34 35 38 47 3
20 19 23 22 21 13 5 18 26 34 42 29 10 45 37 36 35 4 3 2 1 0 7 6 8 9 14 15 12 11 17 16 24 25 30 31 28 27 33 32 39 38 40 41 46 47 44 4
45 30 18 23 25 29 26 15 27 17 38 19 32 28 33 24 48 41 34 16 36 35 42 31 40 20 43 21 46 22 44 37 49 39 47 0 1 8 2 3 4 12 5 10 14 13 7 6 11 9
20 29 28 26 25 22 23 24 3 2 5 0 7 1 8 4 9 6 13 12 15 16 18 10 17 11 19 14 27 2
20 26 38 23 40 22 41 2 47 0 25 7 48 14 35 1 46 10 28 3 29 24 33 18 30 4 32 5 37 6 27 19 45 16 31 8 42 9 39 13 34 11 36 12 43 15 44 21 49 1
8 46 36 49 6 2 0 3 11 29 19 34 9 39 38 4 47 33 1 43 14 22 26 7 12 5 13 23 15 32 40 27 18 17 25 16 37 44 20 45 35 10 28 24 31 42 21 48 30 4
46 1 15 12 3 0 5 2 7 4 9 6 11 8 13 10 17 14 35 16 19 18 21 20 23 22 31 30 33 24 25 26 45 40 27 32 29 28 49 42 43 38 39 34 37 36 47 44 41 4
12 40 25 27 1 11 23 29 34 9 24 6 18 0 2 8 35 10 4 16 30 22 13 37 36 45 7 42 15 47 19 32 48 14 43 20 21 5 28 49 31 38 44 41 3 46 33 17 39 2
7 48 5 1 21 9 16 33 18 2 37 15 31 0 8 20 11 28 10 39 3 22 14 38 4 34 6 46 23 43 13 45 35 24 47 49 12 25 17 32 19 30 26 41 36 27 40 29 42 4
8 0 4 7 1 5 3 9 6 2
11 49 40 24 25 20 26 22 27 21 28 23 29 0 37 1 43 13 30 5 31 2 32 4 36 9 33 3 34 6 35 15 38 7 39 12 47 8 41 16 42 14 44 17 45 19 48 10 46 1
32 18 1 31 29 10 4 5 14 41 33 44 38 13 17 11 8 26 2 7 23 47 35 0 9 16 34 22 45 46 42 15 28 6 19 48 12 3 30 24 40 37 39 49 43 20 27 21 36 2
25 0 3 38 1 4 33 17 49 6 2 12 34 23 15 5 35 24 19 39 11 36 40 27 42 7 13 29 45 30 46 26 14 48 44 9 41 8 18 10 31 21 43 16 47 28 20 22 32 3
29 0 30 27 19 4 25 2 1 31 40 6 43 48 44 5 41 22 39 10 21 23 3 9 32 42 33 26 28 49 47 35 11 14 13 15 12 16 18 37 45 7 20 36 34 8 38 46 24 1
6 25 1 3 42 34 38 23 11 7 14 0 16 8 17 2 48 4 13 10 31 37 39 26 44 20 43 27 21 33 28 40 19 5 22 35 15 9 30 45 29 24 47 46 32 12 49 18 41 3
39 4 0 3 2 46 45 5 6 19 30 12 42 18 7 27 9 34 14 20 35 22 8 1 16 13 38 26 24 21 17 44 15 10 28 43 11 37 23 29 47 32 49 36 31 40 48 41 25 3
9 8 0 22 4 6 28 11 35 48 37 23 10 39 34 5 19 24 14 2 1 13 49 27 21 7 18 12 47 29 33 15 3 20 25 17 16 32 45 46 44 40 42 38 30 41 31 43 36 2
27 35 7 4 1 38 22 0 3 13 5 21 11 44 23 33 28 40 30 42 15 12 9 2 29 48 8 14 24 26 19 20 32 39 6 36 31 43 10 41 17 34 16 45 18 49 25 47 46 3
21 47 23 19 9 11 8 4 30 42 45 34 7 33 37 10 18 15 0 28 3 14 49 2 5 12 13 25 39 36 6 22 40 17 24 38 35 1 29 44 32 43 48 31 46 20 16 26 41 2
12 18 9 8 1 7 5 19 2 0 6 16 14 4 20 3 10 11 17 15 13 2
44 43 47 46 45 10 21 26 5 18 29 42 37 36 35 34 13 14 15 16 17 0 1 2 3 4 7 6 9 8 11 12 19 20 23 22 25 24 27 28 31 30 33 32 39 38 41 4
4 11 25 12 9 40 45 1 29 15 2 5 19 21 18 26 39 17 3 24 0 34 7 41 35 10 8 20 13 27 14 31 44 28 30 6 37 32 16 36 23 42 22 47 43 48 38 33 46 4
0 2 3 1
5 3 2 8 0 6 7 1 4 9
43 47 46 0 5 1 6 2 8 3 7 4 18 12 9 10 15 11 17 13 16 14 38 32 29 30 35 31 36 20 19 21 25 22 28 24 26 23 27 33 37 34 39 40 45 41 48 42 49 4
40 46 2 23 3 15 9 38 11 42 48 1 0 27 33 31 37 4 43 8 36 45 6 10 12 5 14 13 19 26 18 16 39 25 7 22 41 44 21 24 20 28 35 29 32 17 47 30 34 4
5 29 6 0 12 20 31 9 7 41 1 33 25 4 24 8 10 16 44 36 19 3 23 27 21 17 45 35 2 14 18 13 47 15 37 38 30 22 34 43 39 46 42 28 32 49 48 11 40 2
25 1 0 26 2 27 3 28 4 29 5 30 6 31 7 32 8 33 9 34 10 35 11 36 12 37 13 38 14 39 15 40 16 41 17 42 18 43 19 44 20 45 21 46 22 47 23 48 24 4
35 1 3 0 5 32 8 4 42 22 11 29 12 2 18 6 17 49 9 7 46 47 20 30 28 10 13 19 44 34 37 23 16 39 15 21 33 36 14 24 27 26 45 43 41 25 31 38 40 4
2 0 1 3
21 25 32 13 27 22 26 0 28 18 29 7 48 4 30 3 42 19 31 12 46 20 45 15 33 2 49 1 40 6 38 5 47 9 39 24 37 14 34 17 41 8 35 10 36 16 44 11 43 2
20 19 18 17 16 0 1 43 2 3 4 5 6 31 32 33 7 9 8 40 41 42 37 28 27 26 29 30 10 11 13 12 14 15 22 21 23 24 49 48 47 46 34 25 35 39 38 44 36 4
7 32 28 0 33 34 31 10 2 3 14 16 38 1 9 39 15 4 35 21 37 6 11 27 22 12 30 17 18 8 13 23 19 5 25 24 20 26 29 3
39 0 2 1 4 3 6 5 8 7 10 9 12 11 14 13 16 15 18 17 20 19 22 21 24 23 26 25 28 27 30 29 32 31 34 33 36 35 38 37 40 41 42 43 44 45 46 47 48 4
34 24 1 18 45 25 5 3 20 13 40 21 28 43 4 11 6 26 15 7 9 16 35 22 29 10 8 12 49 23 31 38 32 41 19 36 30 2 33 47 44 17 14 46 27 0 37 48 42 3
6 3 1 15 7 0 41 4 19 40 38 36 22 42 25 13 18 29 20 8 26 5 47 24 23 28 11 2 21 14 45 39 31 9 32 49 35 16 43 37 33 30 46 44 27 17 10 12 48 3
5 0 8 2 1 9 6 7 4 3
31 0 2 1 49 4 3 5 6 8 7 12 13 14 15 16 9 10 11 18 19 44 45 46 47 48 41 42 43 20 21 22 23 24 17 28 29 30 25 26 27 40 33 34 35 36 37 38 39 3
18 41 40 6 0 25 4 49 2 20 14 29 13 46 36 1 26 48 10 11 30 35 45 28 42 12 17 3 8 5 33 22 32 38 15 31 47 43 23 9 19 7 21 24 34 16 37 27 39 4
23 22 21 10 5 18 13 26 37 42 29 34 45 2 1 0 4 3 6 7 9 8 12 11 14 15 17 16 20 19 25 24 28 27 30 31 33 32 36 35 38 39 41 40 44 43 46 4
1 8 3 2 0 5 4 7 12 17 14 11 6 16 15 13 9 1
10 3 16 19 20 4 1 24 15 18 26 27 0 2 5 11 8 23 17 12 13 7 21 9 25 14 22 6
14 1 22 3 34 39 18 35 24 21 2 15 16 29 32 17 6 5 38 23 8 11 4 13 20 27 10 37 30 9 28 7 36 25 12 33 26 19 0 3
11 40 17 0 24 1 3 4 45 10 5 25 41 33 28 2 46 38 9 23 6 29 42 16 8 7 19 13 12 15 48 36 22 30 20 31 35 32 47 39 14 37 27 34 43 18 44 21 49 2
31 2 9 0 3 40 14 7 19 1 6 48 36 4 29 5 17 30 26 13 37 8 43 32 23 10 20 18 41 21 11 45 12 46 38 16 15 35 22 47 24 44 25 33 34 39 28 42 27 4
34 3 0 1 2 7 4 5 6 9 8 11 10 13 12 15 14 17 16 19 18 21 20 23 22 25 24 27 26 29 28 31 30 33 32 35 36 37 38 39 40 41 42 43 44 45 46 47 48 4
24 44 25 8 26 2 27 14 28 0 49 1 30 16 29 17 34 3 41 22 40 10 31 9 38 4 39 19 42 23 32 5 48 15 43 7 36 6 33 11 45 12 35 13 37 20 46 18 47 2
14 45 35 0 29 1 27 11 30 4 38 5 25 13 32 24 28 8 43 19 41 7 46 3 39 9 26 15 31 10 34 12 37 2 36 6 40 20 42 17 47 16 44 21 33 22 48 23 49 1
30 1 11 10 39 0 25 16 19 18 3 2 17 6 37 12 35 24 29 26 27 14 5 4 7 8 9 40 43 32 13 46 15 20 21 44 23 22 33 42 41 38 47 36 31 28 45 34 49 4
29 16 0 27 20 28 13 32 7 38 18 33 9 37 2 31 3 44 8 43 5 45 11 30 24 40 23 35 4 39 10 46 21 41 6 34 17 26 14 25 12 49 1 47 22 48 15 36 19 4
17 2 16 33 39 29 15 7 26 35 4 8 23 1 10 0 36 34 28 3 47 5 11 41 13 22 45 14 24 31 25 32 37 6 27 44 18 12 43 9 40 19 42 20 30 48 49 21 38 4
29 0 1 2 3 4 5 6 7 8 9 10 11 12 13 14 15 16 17 18 19 20 21 22 23 24 25 26 27 2
43 47 46 1 5 49 0 2 8 3 7 4 6 10 15 11 9 12 18 14 16 13 17 23 27 24 19 20 25 21 26 22 28 44 39 40 45 41 38 32 29 30 35 31 36 33 37 34 48 4
13 0 30 4 42 1 40 3 18 15 29 9 2 43 32 8 11 34 5 6 28 23 22 49 7 36 12 19 41 16 14 17 35 27 24 20 46 26 44 33 31 45 25 47 37 38 48 10 21 3
1 4 5 0 3 2
30 41 46 2 34 3 15 39 14 36 6 19 28 29 31 21 1 38 8 26 18 47 32 12 5 37 4 49 17 0 43 7 11 13 25 42 22 44 48 24 9 33 35 10 23 16 20 40 27 4
48 22 7 13 2 37 0 28 45 1 30 3 25 32 6 4 10 11 9 19 21 26 14 12 5 47 15 17 23 20 46 31 44 36 49 27 16 29 8 33 34 39 24 42 41 43 18 38 40 3
8 4 19 18 6 24 12 9 10 2 1 14 29 0 11 3 13 23 20 5 28 15 17 7 26 21 25 16 31 22 27 3
23 32 2 3 10 0 5 37 7 11 26 18 31 4 8 35 27 9 22 1 20 29 43 15 47 6 44 39 13 49 33 41 14 30 25 12 36 16 21 42 46 48 17 38 40 34 19 24 45 2
0 4 5 1 6 3 7 2
7 49 0 2 1 4 12 5 6 16 44 8 18 15 39 19 42 28 27 10 14 11 36 13 20 43 30 24 34 22 17 48 3 32 9 21 23 25 33 41 38 29 35 47 31 45 26 46 37 4
38 2 35 23 31 6 27 18 45 0 29 5 26 11 25 3 36 1 34 8 44 20 48 4 28 9 32 13 30 17 42 7 46 16 39 10 49 19 37 14 40 12 41 24 47 15 43 21 33 2
39 20 30 48 8 44 0 6 10 32 2 16 4 27 41 40 7 22 33 43 9 42 14 1 25 3 45 35 26 11 34 17 23 5 12 19 18 21 46 24 15 31 13 28 49 29 38 47 36 3
31 3 29 30 8 49 11 27 25 18 41 39 2 23 35 14 7 0 32 33 43 40 16 6 12 36 44 10 13 4 28 42 19 17 15 21 20 38 24 22 26 37 34 1 45 9 47 46 48 5
5 14 13 7 8 2 15 0 11 3 12 1 9 4 10 6
9 5 0 8 3 2 4 7 6 1
3 4 5 0 6 1 7 2
2 1 5 8 9 4 3 0 7 6
17 35 38 2 24 21 13 10 5 6 0 22 40 8 1 44 39 30 3 26 11 16 12 43 7 20 25 31 33 45 23 18 4 47 9 27 14 46 29 28 34 36 19 15 37 32 42 4
19 20 1 36 0 25 3 5 37 45 21 11 4 15 6 41 27 10 8 39 9 13 49 40 44 17 14 7 30 47 16 18 24 22 12 2 23 42 28 29 26 31 43 34 35 33 46 38 48 3
31 13 12 10 9 0 3 1 4 2 6 5 14 11 15 7 17 8 20 18 23 16 24 21 28 25 29 22 32 26 33 27 37 34 38 35 41 39 44 40 45 42 46 43 47 30 48 36 49 1
41 8 3 0 22 2 21 4 26 9 28 13 36 10 12 18 1 16 34 11 6 15 24 49 40 42 5 14 29 38 7 46 20 43 25 17 30 19 31 27 32 23 45 33 35 48 37 44 39 4
47 2 13 40 41 0 29 36 7 4 11 16 23 12 45 46 5 26 17 24 31 28 3 18 9 8 33 6 19 10 1 38 25 42 21 48 15 22 49 14 37 44 27 30 39 34 35 20 43 3
12 6 3 1 42 26 2 30 8 37 9 14 24 17 10 0 40 16 28 43 36 35 15 20 7 5 47 19 18 32 45 31 33 13 4 38 34 29 11 27 22 48 39 25 41 21 44 23 46 4
4 11 14 3 17 2 16 0 12 5 13 9 20 7 18 6 21 1 15 8 19 1
32 39 3 4 1 0 7 2 5 6 9 8 29 10 11 16 13 18 17 12 15 14 19 44 43 20 26 23 22 27 24 21 28 25 31 30 33 36 37 38 35 34 41 46 45 48 49 42 47 4
1 3 4 0 5 2
10 21 22 23 20 19 16 17 18 5 6 7 4 3 0 1 2 13 14 15 12 11 8 9
37 40 4 2 11 0 46 5 6 30 24 27 26 13 34 16 7 8 1 10 3 14 21 20 12 17 15 19 18 23 25 22 28 35 9 32 29 42 33 36 49 48 38 43 44 39 41 45 31 4
39 14 1 0 23 8 2 4 3 12 5 16 6 20 7 24 25 30 29 48 33 26 37 28 41 31 9 32 45 34 13 35 10 36 15 38 17 40 19 43 11 27 18 42 22 46 49 47 21 4
36 39 22 0 4 2 9 31 10 8 1 12 44 49 25 41 5 20 15 11 6 43 34 3 24 13 30 16 38 21 7 23 17 46 19 29 26 14 27 35 28 45 18 47 32 48 33 40 37 4
33 1 6 36 3 45 20 28 4 23 47 2 7 46 29 0 24 11 40 9 38 14 31 17 12 44 8 32 10 39 15 35 16 5 18 13 37 22 19 25 21 41 49 26 43 48 34 30 42 2
12 6 5 2 3 4 7 1 18 19 11 9 8 17 13 14 0 10 16 1
3 11 15 35 24 4 28 6 7 8 19 10 18 5 30 13 17 31 36 26 34 42 41 43 1 0 21 16 2 44 9 29 14 22 39 12 33 20 27 47 46 23 32 25 37 40 38 4
19 29 1 0 48 12 45 13 2 32 31 3 4 5 40 6 26 10 17 42 9 25 18 7 34 27 20 16 22 15 23 39 35 14 21 46 33 8 28 36 47 11 49 30 24 38 43 37 41 4
0 27 44 2 5 34 1 43 29 9 45 33 24 49 3 30 4 13 41 8 25 15 6 10 7 11 40 12 26 36 31 17 35 28 18 16 38 48 14 21 32 19 23 22 46 20 39 42 47 3
23 37 43 3 14 18 26 6 0 7 10 9 1 39 2 36 4 34 25 12 5 13 8 15 21 22 27 48 42 16 41 31 46 47 11 17 28 38 19 44 20 24 32 29 45 33 49 30 35 4
35 24 4 3 31 2 27 38 32 0 12 36 19 13 22 20 17 28 21 29 25 6 30 8 34 9 33 10 16 5 39 37 7 15 1 14 26 23 18 1
42 23 12 47 7 0 20 41 43 22 26 49 3 5 48 25 33 21 17 19 45 11 8 1 16 2 31 4 9 38 10 18 24 29 35 27 28 30 13 46 15 40 36 14 44 6 34 32 37 3
21 22 37 1 38 12 39 41 0 35 2 3 4 5 25 11 8 6 31 23 36 7 9 44 13 10 29 47 42 19 27 18 14 15 16 24 30 28 33 20 26 45 17 32 40 48 46 34 49 4
8 0 7 34 30 21 33 2 4 12 1 35 10 18 36 3 5 28 26 6 16 46 22 47 13 49 44 9 19 11 48 40 31 25 43 14 23 15 24 41 17 20 42 39 37 27 45 29 38 3
4 1 21 0 9 34 11 8 41 2 39 48 37 16 23 40 19 36 33 46 27 22 7 6 13 26 15 10 3 44 5 12 17 38 29 14 45 20 31 18 49 32 43 24 25 28 35 30 47 4
21 8 1 39 24 20 3 10 28 11 0 7 13 5 35 44 32 34 27 23 46 4 2 41 6 9 45 25 14 48 17 36 22 12 42 16 49 19 15 29 33 18 43 30 47 38 26 31 37 4
45 41 42 6 7 0 1 5 4 8 36 40 44 16 12 24 20 32 28 29 25 38 39 3 2 11 10 13 9 22 23 14 15 19 18 21 17 30 31 27 26 35 34 37 33 46 47 4
13 25 26 0 27 1 28 2 30 6 32 8 29 3 31 4 34 9 37 17 43 18 36 12 33 5 40 7 35 10 38 15 41 16 39 14 42 19 44 20 45 21 47 22 48 23 49 24 46 1
45 1 35 19 31 20 39 15 37 13 33 2 40 4 26 3 47 0 44 8 38 7 34 10 28 17 48 16 36 9 29 11 25 6 49 18 27 5 32 12 41 14 46 21 42 23 30 22 43 2
11 13 1 27 12 14 3 0 29 2 22 5 23 19 38 6 4 10 25 7 49 32 16 41 15 17 40 18 8 26 35 42 31 33 46 47 9 28 48 21 20 30 43 37 36 39 44 34 24 4
24 15 1 5 46 32 43 36 10 25 30 2 0 45 27 7 9 20 41 17 14 23 16 8 3 39 44 22 21 35 11 47 42 31 18 12 6 48 26 13 4 40 28 33 19 38 29 49 37 3
24 8 37 20 33 0 30 1 35 46 28 2 34 11 5 21 14 15 45 22 25 13 9 3 4 6 16 38 12 39 18 44 7 17 31 29 19 10 26 47 32 23 36 27 40 41 42 48 43 4
9 18 13 8 10 7 14 3 15 0 11 1 16 2 17 4 12 6 19 5
22 48 47 0 49 1 25 24 26 2 27 3 28 4 29 5 30 6 31 7 32 8 33 9 34 10 35 11 36 12 37 13 38 14 39 15 42 16 40 18 41 17 43 19 44 20 45 21 46 2
19 26 0 41 2 47 13 38 8 34 6 32 11 40 3 28 18 37 22 44 7 45 12 42 17 49 14 35 23 36 20 43 16 25 24 29 5 48 9 39 4 33 15 27 21 31 10 30 1 4
30 6 26 0 28 3 25 4 29 5 27 15 35 20 34 2 32 11 33 7 40 1 37 9 47 22 31 10 39 8 43 12 44 14 46 16 48 19 49 18 36 13 38 17 42 24 45 23 41 2
31 3 1 7 2 12 4 49 21 10 44 13 6 22 43 45 5 15 8 37 19 9 26 34 11 40 48 25 0 33 36 41 35 17 14 18 23 16 38 32 46 27 42 30 24 20 29 28 47 3
41 17 0 26 1 25 2 27 3 28 4 29 5 30 6 31 7 32 8 33 9 34 10 35 11 36 12 37 13 38 14 39 15 40 16 42 18 43 19 44 20 45 21 46 22 47 23 48 24 4
40 37 4 36 21 2 33 32 39 49 27 0 10 6 18 30 45 47 48 17 25 29 16 31 15 9 14 3 1 26 19 5 38 43 20 8 22 11 7 34 24 23 42 28 35 12 13 41 46 4
20 38 21 17 5 1 41 37 0 3 43 35 2 45 36 19 4 29 23 46 9 12 6 31 10 33 11 40 13 42 26 7 22 49 24 25 34 14 30 8 44 15 48 16 47 18 39 32 28 2
4 29 38 0 25 1 26 2 27 3 28 5 30 6 31 7 32 8 33 9 34 10 35 11 36 12 37 13 39 14 40 15 41 16 42 17 43 18 44 19 45 20 46 21 47 22 48 23 49 2
33 30 31 0 1 2 9 4 5 6 3 8 7 12 11 14 19 10 13 16 15 18 17 20 22 21 28 23 26 27 24 25 45 42 43 48 49 40 47 46 41 44 29 32 35 34 37 36 39 3
10 1 23 0 38 44 27 28 4 15 36 30 7 41 11 3 13 6 14 2 47 5 43 12 35 19 16 18 20 8 21 40 22 9 24 31 26 17 49 32 29 48 25 33 37 42 45 34 46 3
11 32 0 23 22 6 3 43 20 9 46 36 26 10 41 37 30 1 4 24 19 16 5 31 18 2 8 7 13 33 40 15 34 21 39 42 17 27 28 14 29 35 44 49 38 12 45 48 47 2
5 12 0 10 13 14 7 9 4 1 11 3 2 8 15 6
16 1 30 4 0 8 21 6 42 36 20 9 41 18 40 23 3 37 35 5 7 34 39 44 13 45 10 27 24 12 2 22 17 11 19 31 28 26 14 32 43 49 25 38 47 46 29 33 15 4
28 31 12 0 11 2 1 3 6 47 35 7 39 4 46 9 34 5 10 29 37 36 25 23 13 45 26 38 33 32 17 20 42 30 49 24 21 8 15 14 18 16 40 22 41 27 43 44 48 1
38 45 41 37 47 42 34 20 23 5 0 30 1 32 12 3 10 25 44 39 43 6 36 35 11 2 4 9 18 7 16 14 21 8 29 22 17 49 26 40 24 31 13 19 48 15 28 27 33 4
7 32 33 0 35 1 34 2 26 3 23 4 31 5 30 6 25 8 36 15 37 14 38 10 27 12 24 19 29 13 39 11 20 17 28 9 21 18 22 1
18 38 4 20 46 44 45 40 7 24 43 10 1 17 16 5 6 13 15 12 9 33 14 47 21 0 22 48 41 8 39 30 23 31 34 36 25 26 32 2 35 11 28 42 27 3 49 29 37 1
12 28 43 0 37 6 27 3 25 2 29 1 34 4 32 7 26 13 49 5 46 8 30 11 31 24 38 22 36 10 33 9 48 14 45 16 39 20 35 18 40 15 41 17 47 21 44 19 42 2
42 7 6 5 4 3 2 1 0 49 32 17 18 19 20 21 22 23 24 25 26 27 28 29 30 37 12 11 10 9 8 41 14 13 36 31 38 35 40 33 16 15 34 39 44 43 46 45 48 4
2 11 0 44 27 18 1 10 46 47 7 4 22 16 23 32 39 36 30 5 25 42 6 38 3 9 8 20 15 19 17 40 12 45 41 26 28 29 37 21 13 33 31 14 43 49 35 24 34 4
47 1 10 37 6 38 0 27 5 25 14 46 15 30 19 45 12 39 8 31 2 28 4 26 20 29 23 36 22 48 7 40 17 43 9 49 3 32 18 35 21 33 11 44 16 34 24 42 13 4
0 6 8 2 1 5 3 4 9 7 10 1
7 2 34 5 1 3 19 9 33 18 4 0 49 12 38 8 35 27 15 28 11 40 47 44 48 24 10 22 20 41 13 45 16 14 6 26 25 30 32 37 42 36 17 21 23 29 39 43 46 3
36 49 30 6 39 25 0 19 2 3 1 28 7 42 9 5 47 13 44 26 31 29 41 4 8 27 12 10 37 11 22 38 21 45 17 14 18 24 35 33 23 15 40 16 20 34 32 43 46 4
40 10 20 1 36 0 22 25 37 15 8 38 17 5 24 35 30 4 16 7 19 3 34 14 27 6 9 43 18 29 2 46 13 44 26 11 23 49 32 28 12 48 33 41 31 21 45 42 39 4
19 16 6 21 0 3 2 22 5 10 1 11 4 17 8 12 14 13 15 7 9 18 20 2
7 0 4 46 6 22 8 23 9 1 47 2 35 5 30 39 41 24 43 10 29 3 34 38 25 17 14 11 28 42 15 37 21 40 13 36 18 12 44 16 20 27 26 45 31 33 32 1
43 17 14 15 6 12 21 20 0 1 2 4 3 24 18 23 5 8 9 11 7 13 10 16 19 25 22 27 26 28 31 32 33 35 30 36 41 37 34 39 38 40 29 45 44 46 47 4
26 29 40 13 0 31 5 30 8 28 27 37 45 1 2 11 12 23 18 16 9 7 32 35 41 43 49 3 38 24 39 34 14 42 15 47 10 4 17 6 21 20 19 22 33 25 36 44 48 4
33 2 4 8 10 1 11 21 12 0 40 32 13 15 18 48 41 3 44 38 17 30 35 46 23 14 26 5 20 45 34 31 42 6 43 7 22 9 24 16 27 25 47 39 28 37 29 19 36 4
41 42 43 44 45 46 47 48 49 0 1 2 3 4 5 6 7 8 9 10 11 12 13 14 15 16 17 18 19 20 21 22 23 24 25 26 27 28 29 30 31 32 33 34 35 36 37 38 39 4
6 19 24 21 1 16 9 12 7 0 18 11 2 13 3 4 15 14 8 5 22 25 17 23 20 1
5 37 25 1 42 16 30 0 49 4 29 2 26 17 27 6 39 7 43 20 46 3 33 8 36 9 47 14 28 21 45 19 48 22 31 10 40 11 32 12 44 18 35 13 34 15 41 23 38 2
1 30 31 3 25 20 26 22 29 21 28 23 27 24 48 19 45 18 46 17 32 0 33 5 34 2 35 4 36 9 41 6 37 7 42 16 44 8 38 10 39 11 40 12 47 13 43 14 49 1
34 23 2 1 17 4 26 27 0 6 3 13 11 16 31 45 8 15 10 20 22 5 46 24 12 14 21 7 49 48 47 33 43 32 44 19 28 25 29 41 35 42 18 40 37 9 38 30 36 3
11 8 17 5 25 2 7 6 15 48 27 0 12 37 36 4 42 10 18 13 16 35 43 1 9 3 22 14 29 47 30 19 31 49 33 28 34 32 41 24 20 26 23 39 44 45 21 46 38 4
44 47 16 18 23 1 49 33 35 5 0 43 2 26 3 40 31 42 17 9 24 22 10 4 19 45 12 32 38 14 37 8 11 6 36 27 25 7 28 13 29 21 20 41 15 30 46 39 34 4
2 23 46 1 4 5 15 33 42 45 0 31 19 3 9 13 30 43 44 6 12 27 16 22 14 7 8 40 36 34 20 48 10 21 25 29 24 49 26 38 28 37 11 39 18 41 17 32 47 3
36 0 7 4 24 2 18 1 15 33 45 30 8 10 49 12 6 43 9 3 47 13 11 23 44 22 37 35 21 5 14 41 19 31 27 25 32 16 40 17 29 28 34 48 39 26 38 42 46 2
12 2 0 40 4 26 19 29 30 38 3 1 5 35 8 31 16 36 6 22 46 9 45 33 13 20 17 7 39 10 18 15 27 43 34 11 42 14 23 25 24 28 49 41 47 37 44 32 48 2
21 29 25 13 35 7 26 1 32 2 45 17 27 12 28 4 30 3 48 8 33 10 44 22 40 0 38 5 31 24 41 11 34 23 47 14 49 6 43 15 36 9 42 18 39 16 37 19 46 2
0 3 5 2 1 4
17 2 24 9 4 5 12 7 0 11 10 25 14 27 6 1 8 15 18 3 26 19 28 29 22 23 16 21 20 1
30 22 45 0 13 21 1 39 6 33 11 49 18 2 4 3 26 9 19 46 5 32 12 36 17 10 25 29 27 7 8 16 14 47 20 28 35 38 15 24 23 31 48 37 43 41 34 40 44 4
48 1 0 3 2 7 4 5 6 9 8 11 10 13 12 15 14 17 16 19 18 21 20 23 22 25 24 27 26 29 28 31 30 33 32 35 34 37 36 39 38 41 40 43 42 45 44 47 46 4
5 0 1 2 3 32 7 4 11 6 13 8 33 10 17 12 19 14 15 16 21 18 9 20 25 22 27 24 23 28 29 26 31 3
4 7 10 0 8 5 6 3 9 1 11 2
40 38 37 0 6 8 22 24 31 25 4 2 5 11 14 1 7 3 15 9 20 18 12 10 13 19 30 32 21 16 23 17 28 26 29 35 36 34 39 33 44 42 45 41 47 27 46 4
49 0 1 2 3 4 5 6 7 8 9 10 11 12 13 14 15 16 17 18 19 20 21 22 23 24 25 26 27 28 29 30 31 32 33 34 35 36 37 38 39 40 41 42 43 44 45 46 47 4
0 10 5 2 27 1 15 41 32 8 3 49 11 29 12 9 36 38 16 31 4 46 7 23 39 30 13 25 6 24 37 14 20 21 48 17 34 28 22 47 26 18 44 43 33 45 35 19 42 4
19 0 13 16 9 14 1 8 3 2 15 5 6 4 7 12 10 17 11 1
2 38 11 15 30 22 6 0 14 21 48 36 45 41 7 10 8 1 16 3 33 43 49 4 20 5 42 9 23 47 35 12 28 32 29 13 40 17 25 39 34 18 26 37 31 19 44 24 46 2
35 45 4 0 5 32 9 15 38 1 11 2 12 8 31 49 13 3 16 24 47 43 42 7 27 23 18 48 28 29 21 30 34 36 41 33 40 37 44 46 14 6 17 10 39 22 20 19 26 2
20 13 25 2 18 7 21 14 15 1 29 8 30 39 23 5 26 9 6 12 49 46 16 11 0 44 3 10 19 24 47 31 4 45 17 37 27 33 36 35 38 32 40 34 22 48 28 41 43 4
20 22 30 46 1 45 38 10 2 43 3 44 28 0 9 5 18 13 4 31 29 16 26 7 41 6 47 12 21 27 15 11 17 42 24 14 49 8 32 36 33 35 34 19 39 23 25 40 48 3
12 0 17 4 6 36 1 30 13 18 41 23 19 10 14 38 15 21 34 2 31 7 22 42 45 9 25 8 26 11 37 29 20 5 33 39 43 3 44 16 40 24 35 28 27 3
10 1 2 22 33 6 21 40 31 30 34 11 23 32 35 4 25 41 19 5 8 12 15 13 0 27 9 37 26 29 18 3 16 38 20 36 7 24 28 39 17 1
38 1 9 8 43 4 5 2 3 36 7 6 45 18 13 12 17 46 31 10 11 42 21 20 19 44 47 0 29 28 25 24 15 14 39 32 33 30 37 26 27 22 23 48 49 40 41 34 35 1
16 23 13 4 0 15 36 1 25 29 2 12 31 19 7 44 9 6 3 10 49 28 35 5 8 18 27 14 48 21 39 26 17 45 47 22 46 24 30 42 11 38 20 40 33 43 41 34 37 3
2 1 0 3 4 6 5 10 21 26 13 18 29 34 45 46 8 7 9 11 12 14 16 15 17 19 20 22 24 23 25 27 28 30 32 31 33 35 36 38 37 42 41 39 40 43 44 47 48 4
14 8 7 35 39 31 1 2 3 17 26 48 9 15 0 6 4 37 29 12 18 32 5 27 28 38 21 19 13 47 20 16 11 49 33 23 10 45 42 46 22 43 24 30 34 25 40 41 36 4
25 27 20 21 0 3 2 39 18 4 1 10 6 16 7 5 19 9 44 48 36 34 30 40 26 47 12 46 8 11 43 35 37 23 13 15 14 17 24 22 31 33 32 45 49 29 42 41 38 2
1 41 13 19 40 14 4 2 9 24 36 3 5 12 17 25 47 27 31 6 22 10 45 30 44 11 15 7 39 8 33 35 23 18 37 16 34 20 38 26 48 29 46 21 42 0 43 32 49 2
3 0 1 4 2 5
9 1 0 2 42 5 37 25 21 32 46 20 6 28 26 35 3 31 15 18 29 4 22 44 38 7 8 12 36 13 33 27 10 17 40 39 16 23 11 34 43 49 24 48 19 41 45 14 30 4
32 3 1 26 14 0 2 6 39 46 4 21 34 18 5 7 19 40 38 13 17 22 29 48 15 45 31 9 24 25 10 20 33 41 27 11 30 23 16 47 35 36 44 37 12 28 49 8 43 4
18 0 1 4 15 5 3 30 13 7 2 12 32 8 26 40 46 9 43 10 6 20 14 36 17 31 21 39 45 44 22 23 47 41 49 38 42 48 37 11 24 19 33 16 28 25 27 29 35 3
47 32 2 1 37 31 39 48 3 12 21 49 0 11 5 4 6 13 7 17 9 19 10 26 41 44 22 46 14 27 28 18 15 24 42 23 16 35 33 43 25 29 38 40 45 36 20 8 30 3
45 1 6 39 20 40 23 46 2 9 12 19 13 43 5 17 0 7 4 38 32 30 10 8 29 49 24 41 14 31 16 47 33 48 18 3 36 44 25 15 37 21 34 11 27 35 22 26 28 4
11 2 8 0 7 1 3 9 6 10 5 4
49 3 5 10 37 12 22 0 11 1 32 6 38 45 21 2 16 36 48 4 9 7 13 8 42 14 44 46 23 17 15 18 28 25 43 40 30 31 35 39 20 19 27 47 29 24 34 26 33 4
16 45 25 4 11 13 3 30 21 5 7 40 0 10 35 23 2 29 39 26 1 49 34 47 27 33 32 18 6 48 12 17 14 20 19 24 15 28 8 38 31 46 9 37 22 44 42 43 36 4
5 25 29 7 26 4 35 17 47 6 36 13 30 0 34 11 45 22 28 1 33 2 31 8 27 18 42 19 32 10 37 21 38 3 39 14 40 12 41 20 43 9 44 15 46 16 48 24 49 2
24 33 1 7 29 12 10 21 9 30 6 2 45 3 19 20 17 41 42 5 27 4 8 11 37 13 0 47 43 26 31 35 28 14 18 48 49 15 23 32 40 38 36 46 16 34 39 22 25 4
9 38 21 39 7 2 36 1 0 27 5 16 48 30 10 6 46 26 31 49 13 37 43 47 14 3 15 8 44 25 45 23 22 11 20 12 19 32 24 34 41 4 42 35 18 17 40 29 28 3
22 1 11 30 15 27 4 26 32 0 47 10 33 9 2 34 40 23 48 6 7 39 13 24 49 8 14 46 42 16 31 36 41 45 43 17 28 19 5 21 3 25 38 20 18 29 44 35 37 1
8 7 45 0 43 30 44 2 20 18 4 48 36 3 16 6 9 34 22 39 40 5 21 47 23 19 26 33 42 10 25 11 49 12 17 14 38 1 27 28 31 15 24 32 35 13 41 29 46 3
28 22 7 0 4 44 18 38 1 26 5 2 9 12 47 6 41 13 25 40 14 43 46 20 33 3 19 32 10 8 36 23 27 31 17 39 11 30 21 42 29 48 15 35 16 34 24 37 49 4
3 10 8 2 7 6 13 0 12 4 9 5 11 1
0 12 10 19 11 13 2 14 18 17 1 3 6 8 7 15 16 4 5 9
6 4 7 12 1 14 9 3 0 2 8 15 5 13 10 1
0 32 2 1 3 35 33 34 6 4 36 38 37 5 7 10 9 8 16 14 12 11 17 15 13 18 39 31 22 20 19 21 23 28 27 24 26 25 29 3
21 26 49 47 0 9 17 3 31 22 1 29 45 12 2 23 8 37 13 34 5 20 7 4 6 35 48 11 10 18 38 42 15 27 16 14 33 25 32 19 28 41 46 24 39 36 44 30 40 4
13 0 7 24 1 40 21 20 49 14 45 16 25 32 5 8 41 2 11 22 19 46 3 48 15 18 9 4 17 10 43 34 47 6 23 12 39 38 27 44 29 26 37 30 31 28 33 36 35 4
43 42 45 10 13 18 21 26 29 34 37 36 35 0 1 2 3 4 5 6 7 8 9 14 15 16 17 12 11 20 19 22 23 24 25 28 27 30 31 32 33 38 39 40 41 46 47 4
45 46 47 48 49 0 1 2 3 4 5 6 7 8 9 10 11 12 13 14 15 16 17 18 19 20 21 22 23 24 25 26 27 28 29 30 31 32 33 34 35 36 37 38 39 40 41 42 43 4
9 8 3 1 2 4 6 5 36 10 12 11 40 30 0 27 7 34 33 32 37 38 39 26 20 19 18 17 16 13 21 22 25 24 35 14 41 42 43 15 45 46 47 23 48 28 44 29 49 3
32 18 10 48 22 16 49 3 12 5 2 24 29 44 1 7 39 41 27 6 15 0 17 42 8 28 4 19 9 20 34 13 46 14 43 21 38 40 11 33 25 36 23 30 26 47 37 45 35 3
36 2 44 12 45 0 26 17 7 28 30 9 39 1 13 14 34 22 37 3 46 38 8 4 42 5 10 29 27 6 11 15 41 24 16 21 18 23 35 31 19 32 25 40 47 33 20 4
23 3 48 7 24 0 26 47 10 9 16 1 27 6 4 44 14 40 15 31 11 37 8 33 17 2 5 12 19 30 13 18 22 29 25 45 20 39 32 42 36 35 43 34 28 38 21 41 49 4
41 0 6 2 1 7 49 3 4 12 11 9 13 34 15 5 39 8 27 22 19 29 36 10 20 14 21 16 37 25 45 23 40 44 48 17 24 18 47 28 30 26 33 31 35 32 46 43 38 4
41 23 9 14 29 0 28 31 46 6 13 2 20 12 19 15 45 26 38 10 48 7 24 21 1 17 34 18 40 27 39 32 49 37 47 33 16 4 5 43 8 42 36 30 44 22 3 11 25 3
13 15 0 5 4 1 2 17 8 7 3 9 39 36 27 31 22 18 48 32 6 43 11 10 14 45 34 12 16 20 26 47 35 23 19 49 37 21 24 25 38 30 28 41 44 33 29 42 40 4
30 43 24 35 45 7 40 29 2 6 1 0 4 33 5 9 38 11 12 3 17 10 22 49 14 25 21 8 37 36 18 28 16 13 26 39 47 15 19 20 46 48 42 31 23 41 27 32 34 4
2 4 1 0 3 5
28 38 5 0 8 14 46 23 2 13 6 9 19 16 10 39 49 1 35 11 12 3 15 36 27 22 40 37 43 4 30 7 17 18 44 25 32 21 33 24 47 31 20 41 29 45 34 48 42 2
9 1 4 2 3 6 8 0 7 5 10 1
23 19 18 20 16 0 2 1 4 3 5 8 9 10 13 7 6 11 12 14 15 21 17 2
49 4 11 29 18 28 41 1 26 9 7 3 20 21 8 48 31 2 5 19 42 36 12 24 13 14 39 33 15 27 6 35 45 38 16 17 46 44 40 37 47 10 43 23 22 25 30 0 32 3
45 16 48 24 23 0 2 6 3 22 26 40 12 5 10 14 18 15 11 41 7 30 9 13 4 1 21 27 34 38 25 20 17 33 31 39 29 43 28 49 44 35 19 42 37 47 8 36 32 4
4 34 3 20 22 1 38 24 9 43 16 42 5 0 11 33 10 7 49 12 17 14 31 35 46 19 36 44 23 40 29 13 39 6 37 2 21 32 30 8 47 27 28 18 15 26 45 41 48 2
6 39 3 21 0 28 15 1 26 9 38 45 7 33 24 13 14 5 2 11 36 4 12 46 16 19 22 34 42 8 29 23 32 10 18 27 17 49 35 30 41 37 25 20 31 48 44 43 40 4
47 0 1 2 3 4 5 10 13 18 21 26 29 34 37 42 45 44 43 6 7 8 9 12 11 14 15 16 17 20 19 22 23 24 25 28 27 30 31 32 33 36 35 38 39 40 41 4
45 0 11 5 30 20 10 21 16 31 7 9 18 36 13 49 2 32 48 27 1 15 42 46 38 43 41 3 28 29 34 25 39 24 4 35 19 44 26 6 22 14 47 33 12 23 8 37 40 1
24 27 37 0 47 2 31 1 28 20 25 11 36 13 46 5 34 8 42 3 30 7 29 4 49 22 44 6 26 9 45 12 41 18 33 10 32 14 43 15 35 16 39 23 40 21 38 17 48 1
1 7 5 3 0 4 2 6
38 5 23 1 14 39 48 3 24 26 0 6 22 4 11 7 15 45 9 36 17 47 42 8 21 44 2 12 31 19 28 25 20 35 34 32 18 16 27 10 37 43 33 30 40 13 29 46 41 4
1 0 10 8 13 3 2 12 5 11 4 6 9 7
12 35 37 31 1 2 0 3 34 4 32 5 16 19 49 39 13 9 7 40 33 10 6 11 29 27 23 14 28 43 8 15 45 38 25 26 22 42 24 17 21 36 20 18 30 44 46 47 41 4
0 1 2 3 5 4 6 7
35 32 31 0 3 47 44 1 4 2 5 9 6 10 7 25 8 11 15 12 16 13 28 46 19 14 17 21 18 22 20 23 27 24 29 26 30 33 41 38 42 45 39 36 40 37 43 3
15 24 34 16 0 33 4 29 48 1 26 3 35 2 9 41 21 47 5 13 40 31 18 6 17 10 49 22 42 14 39 44 45 46 12 28 8 27 25 32 19 36 7 30 11 37 20 23 38 4
0 13 3 2 19 14 25 24 21 4 15 10 11 20 1 22 5 6 7 12 9 8 17 16 23 1
3 0 6 1 4 2 5 7 11 8 13 14 12 9 15 1
47 0 1 2 3 4 5 10 21 26 13 18 29 34 45 44 43 42 37 36 35 6 7 8 9 12 11 14 15 16 17 20 19 22 23 24 25 28 27 30 31 32 33 38 39 40 41 4
38 9 0 12 11 17 47 5 21 33 28 39 44 46 43 34 2 27 37 41 32 1 6 14 25 4 3 20 42 8 26 19 35 40 23 31 7 22 45 36 30 15 16 18 29 13 24 1
18 26 25 0 27 1 28 2 29 3 30 4 31 5 32 6 33 7 34 8 35 9 36 10 37 11 38 12 39 13 40 14 41 15 42 16 43 17 44 19 45 20 46 21 47 22 48 23 49 2
2 0 7 37 1 12 17 9 6 47 41 25 26 39 44 29 18 46 43 31 30 48 8 14 10 36 32 28 40 24 13 42 16 5 23 3 15 21 38 33 35 4 22 45 34 11 27 20 19 4
0 1 3 12 19 4 11 20 27 36 43 28 35 44 41 40 39 38 15 14 49 6 7 8 9 2 5 10 13 16 17 18 21 22 23 24 25 26 29 30 31 32 33 42 45 34 37 46 47 4
26 24 32 16 33 7 39 6 27 8 28 1 34 11 38 3 35 12 31 17 25 21 36 15 43 9 42 0 37 10 46 13 29 20 41 4 45 14 30 23 48 2 49 5 47 22 40 18 44 1
11 0 4 21 46 22 20 19 14 31 42 39 30 43 34 6 35 9 12 47 15 8 32 1 13 5 16 25 17 36 33 10 26 49 18 27 24 2 28 3 38 7 45 48 29 40 44 41 37 2
43 8 31 20 40 9 36 0 25 4 38 24 28 1 30 5 29 11 34 2 48 19 27 6 35 15 32 3 33 21 37 13 39 10 46 16 49 23 47 17 41 12 44 18 26 22 42 7 45 1
8 4 6 3 1 9 2 0 7 5
7 0 15 14 27 2 49 4 17 44 1 48 3 6 5 40 9 16 47 30 25 8 45 22 13 28 21 34 11 38 19 42 37 36 33 10 29 12 23 24 39 18 41 20 43 32 35 46 31 2
19 0 1 6 5 3 4 7 12 11 9 10 2 23 21 22 13 18 17 15 16 8 14 2
43 0 1 42 5 4 9 10 3 2 7 8 11 6 45 12 21 14 13 22 41 30 35 38 15 16 31 46 47 26 29 44 39 28 19 18 17 20 23 24 25 32 33 34 27 36 37 40 49 4
47 14 42 6 43 5 8 18 11 29 36 23 27 39 24 40 15 16 31 17 41 1 28 44 19 4 7 30 33 9 21 37 12 46 3 22 35 34 20 45 32 38 0 26 2 25 10 1
17 3 10 9 2 19 1 0 20 11 15 21 16 6 4 18 8 5 14 7 12 1
0 29 19 2 6 3 42 25 7 4 30 17 24 23 14 13 12 11 9 8 31 5 16 46 37 26 10 35 27 21 15 36 20 45 22 49 28 1 41 18 32 33 43 47 44 48 34 38 40 3
29 22 21 20 19 16 27 0 7 8 2 1 11 10 5 4 6 14 13 3 12 9 17 15 18 23 28 26 25 2
7 46 2 35 0 23 6 3 42 41 24 49 36 9 20 1 10 13 16 21 12 11 44 15 14 25 4 27 18 29 8 37 32 31 22 47 34 33 38 19 28 39 30 5 48 17 26 43 40 4
2 9 4 10 13 7 11 1 0 6 3 14 15 8 5 12 16 17 27 18 19 22 31 28 21 23 29 26 20 24 25 30 32 33 43 39 45 42 36 34 41 40 35 38 47 44 37 46 48 4
39 5 45 48 30 47 1 31 49 7 17 3 37 27 26 6 0 13 23 34 36 8 4 22 10 9 12 19 14 15 11 16 25 18 33 38 2 29 41 28 20 43 21 46 24 32 40 35 44 4
14 26 13 45 7 11 25 15 22 9 3 41 38 17 47 1 5 2 49 4 28 43 19 10 0 20 18 29 23 12 31 8 30 35 37 44 32 21 39 16 48 27 24 6 46 33 34 36 40 4
34 35 33 32 31 7 8 9 1 2 3 6 11 10 0 39 4 5 37 36 17 16 15 12 13 21 22 29 30 28 24 25 20 19 14 18 27 26 23 3
21 0 39 45 2 15 11 34 35 42 44 12 30 6 22 33 38 19 13 7 14 1 28 10 32 43 20 36 23 49 4 40 47 29 17 5 26 27 24 16 46 8 9 37 48 3 25 18 31 4
48 47 28 0 22 39 38 2 29 21 3 25 17 35 8 27 40 19 14 7 4 12 6 18 5 45 13 42 20 10 16 33 34 11 43 44 9 32 15 1 26 23 36 46 24 31 30 37 41 4
49 48 0 1 2 3 4 5 6 7 8 9 10 11 12 13 14 15 16 17 18 19 20 21 22 23 24 25 26 27 28 29 30 31 32 33 34 35 36 37 38 39 40 41 42 43 44 45 46 4
23 0 4 3 2 1 6 7 8 9 10 5 18 13 14 15 16 17 12 11 22 21 20 1
29 7 21 35 40 5 41 48 2 39 0 31 18 14 3 4 11 12 32 20 43 44 27 33 16 36 37 6 9 10 30 42 24 23 13 15 8 25 1 34 22 46 49 38 26 17 28 45 19 4
25 14 5 42 33 24 38 8 15 17 13 29 26 21 19 28 3 1 4 16 27 22 6 30 7 11 0 35 9 37 2 40 23 43 32 34 44 41 10 49 12 18 20 48 39 46 31 45 47 3
2 1 3 0 9 8 5 4 7 6
14 25 45 12 37 0 41 8 31 21 46 1 27 2 26 3 36 7 40 5 28 4 42 23 34 24 39 6 29 18 48 15 49 19 47 22 32 13 30 16 38 11 33 9 43 10 35 20 44 1
46 47 43 0 1 2 45 5 10 26 13 29 21 37 42 41 40 3 30 31 27 4 25 24 28 6 38 7 8 12 9 11 39 35 34 33 20 16 22 14 23 19 18 17 44 15 36 3
36 10 9 0 1 33 2 34 3 4 5 8 7 39 13 12 6 38 22 35 23 24 25 40 17 16 15 28 29 44 21 20 11 43 14 32 31 45 18 41 19 42 27 46 26 47 30 3
2 7 4 0 3 1 5 6
10 1 4 7 26 30 42 2 48 35 13 0 5 3 40 6 14 11 12 49 39 8 28 46 45 19 25 34 31 29 15 17 16 24 41 47 33 44 22 9 36 20 37 21 38 18 27 23 43 3
42 43 44 20 19 18 25 1 26 27 28 4 3 2 7 6 11 10 15 14 23 22 24 0 29 5 30 31 32 8 33 9 34 35 36 12 37 13 38 39 40 16 41 17 45 21 46 4
26 1 17 49 33 0 22 2 6 25 9 8 10 16 4 14 5 46 12 3 45 35 15 48 11 31 13 28 18 40 41 42 19 32 20 23 37 7 21 36 24 30 39 38 29 44 34 47 43 2
0 5 1 4 2 3
40 0 18 21 4 3 1 28 8 7 36 12 11 37 15 13 5 10 19 14 35 41 23 43 25 2 27 30 17 9 31 16 45 26 22 38 24 6 32 44 29 39 34 42 33 2
43 42 37 10 13 18 21 26 45 34 29 28 27 30 31 32 33 0 1 2 3 4 5 6 7 8 9 12 11 14 15 16 17 36 35 22 23 24 25 20 19 38 39 40 41 46 47 4
14 25 36 1 39 17 37 6 26 5 44 9 40 15 29 4 35 0 30 3 32 18 31 12 33 2 45 8 49 7 28 11 48 22 38 16 47 13 41 10 27 19 34 20 42 23 43 24 46 2
14 2 3 0 6 1 4 35 37 40 24 26 34 5 8 16 28 7 9 11 42 39 10 32 15 12 18 47 19 41 29 44 20 23 22 17 36 13 33 43 48 30 25 21 45 31 46 27 49 3
41 47 36 21 38 18 42 10 23 48 7 43 40 2 1 33 3 4 12 30 16 0 15 8 22 20 29 5 44 6 19 9 46 37 14 11 13 24 26 34 39 31 17 28 27 45 32 25 35 4
3 0 2 1
22 21 19 18 1 4 9 0 3 8 17 2 5 10 7 14 11 6 15 24 23 12 13 16 25 2
36 7 17 1 32 3 4 30 0 5 8 2 45 35 6 26 29 21 34 37 49 22 16 28 24 10 11 41 47 48 12 9 18 27 14 46 31 38 23 19 13 33 15 39 25 40 20 43 44 4
21 25 3 4 2 32 6 29 11 9 13 0 7 41 15 44 28 48 18 37 38 5 39 14 23 46 8 20 12 42 16 1 22 24 27 43 10 47 19 17 35 36 34 40 26 45 30 33 31 4
19 31 25 20 48 15 26 3 30 0 27 1 28 4 35 14 29 2 38 9 40 12 41 10 45 6 33 22 49 5 42 24 32 11 47 23 37 8 46 7 43 17 44 18 34 13 36 21 39 1
34 44 24 4 0 23 38 30 27 1 3 31 2 37 6 40 8 13 9 33 20 5 14 45 32 19 26 16 48 22 42 7 25 43 29 12 49 41 10 11 17 15 21 28 18 35 36 46 39 4
11 19 0 1 9 3 2 40 35 27 4 5 15 33 12 47 6 25 14 7 20 16 21 8 48 18 37 46 23 13 22 34 49 44 30 28 26 17 32 31 38 10 39 24 41 29 42 36 45 4
9 44 25 1 29 0 35 19 26 3 41 2 34 21 27 8 32 4 48 6 31 5 37 20 28 12 47 14 45 7 39 10 30 23 46 11 33 13 36 15 38 16 49 17 40 18 42 22 43 2
2 3 7 6 1 0 4 5 18 13 34 21 26 37 10 29 42 43 47 46 41 40 44 45 9 8 12 11 15 14 33 32 36 35 39 38 17 16 20 19 23 22 25 24 28 27 31 3
24 4 3 0 1 5 14 6 23 25 8 18 10 7 2 15 19 9 16 11 17 13 12 20 21 2
40 44 45 19 22 8 14 11 4 1 5 2 6 3 7 0 12 9 13 10 15 18 20 16 21 17 23 26 28 24 29 25 30 27 31 32 36 33 37 34 38 35 39 42 46 43 47 4
6 0 4 5 12 8 1 7 11 14 2 9 3 13 16 15 10 1
24 17 43 0 44 10 7 8 31 13 48 21 20 1 47 14 5 45 32 23 11 41 2 15 22 37 34 29 3 33 30 36 4 26 49 19 16 46 12 27 18 28 6 39 25 42 35 38 9 4
7 4 0 38 14 15 2 1 3 5 36 6 9 41 17 44 23 18 19 20 13 11 12 10 21 37 22 16 30 34 32 40 48 45 49 33 39 8 24 42 26 47 27 35 43 31 28 25 29 4
44 2 3 45 1 24 22 25 0 46 4 42 6 40 5 41 7 39 8 38 9 37 10 36 11 35 12 34 13 33 15 26 20 27 14 32 16 30 18 28 17 29 19 31 21 43 23 4
20 25 13 5 16 17 11 0 48 1 15 34 2 27 30 14 49 19 46 26 37 22 6 9 3 4 33 8 7 10 12 31 18 21 47 29 45 23 41 35 24 38 36 39 44 42 32 43 28 4
38 27 0 4 47 5 1 11 2 6 20 7 36 9 15 14 3 16 13 17 8 21 10 22 12 23 18 48 19 29 25 24 26 30 45 34 32 37 28 39 31 41 33 40 49 42 44 43 35 4
3 1 5 0 4 2
7 49 27 34 1 20 2 0 24 25 4 3 23 15 45 6 22 48 47 46 5 42 8 10 13 12 9 41 11 14 31 32 26 40 18 16 19 35 29 17 21 37 30 39 33 28 38 36 44 4
3 1 2 0 4 6 5 7
49 3 4 5 6 7 10 9 11 1 17 16 15 14 12 13 18 2 19 20 21 22 24 23 25 27 26 8 31 30 28 29 32 36 37 34 33 35 38 42 41 40 39 43 44 47 46 48 45 0
15 18 2 1 16 3 32 31 34 19 10 5 8 35 28 21 4 7 12 29 6 9 26 17 0 11 20 13 24 33 14 27 22 23 30 2
29 13 35 1 15 34 22 9 0 43 33 45 4 11 10 2 28 3 24 23 5 17 25 6 32 40 47 36 20 38 46 19 44 18 7 31 14 39 16 37 27 26 30 42 21 41 8 1
27 43 33 34 0 7 2 25 9 1 3 28 46 47 6 39 48 19 13 36 4 29 16 26 20 15 8 12 5 32 22 23 14 37 18 17 10 41 21 30 31 24 35 40 44 42 45 49 11 3
5 16 15 0 9 8 10 2 11 6 13 7 14 1 12 3 17 4
27 41 1 5 0 2 7 11 8 3 22 20 28 21 26 6 12 13 4 9 16 14 35 15 30 17 10 25 18 19 23 32 43 29 42 31 47 34 33 36 24 44 39 37 40 38 49 46 45 4
12 6 8 0 14 13 40 41 34 39 42 2 38 27 49 9 7 19 11 36 16 5 44 1 29 3 28 17 20 24 45 4 35 32 23 47 30 10 25 37 31 15 46 18 26 21 48 22 33 4
36 16 22 42 13 43 5 39 14 29 4 35 15 26 6 49 12 31 0 27 7 25 19 34 20 30 8 40 3 38 2 46 1 48 21 41 24 47 9 32 11 28 23 44 17 33 18 37 10 4
26 13 2 0 32 5 45 36 4 1 30 33 42 3 27 19 17 38 37 6 16 8 7 24 12 9 18 11 10 14 15 31 25 20 29 21 34 22 44 23 35 28 39 40 43 4
32 6 3 8 1 22 17 16 7 45 5 19 11 41 34 4 33 31 13 28 18 20 21 12 29 42 9 10 36 15 27 35 24 14 30 40 25 0 38 2 39 43 44 23 37 2
48 45 49 34 3 4 35 36 1 0 6 5 2 8 25 26 9 15 12 20 39 10 29 11 16 17 33 13 43 19 7 42 46 38 47 24 27 22 40 14 23 30 18 32 21 28 44 41 37 3
41 43 20 16 34 7 31 25 13 10 29 5 3 14 24 0 6 28 22 11 45 30 26 15 9 17 19 8 18 36 46 1 4 23 38 27 48 32 40 33 47 44 21 39 12 42 2 49 35 3
5 14 1 0 3 4 24 6 23 25 8 18 10 7 2 15 16 9 12 13 19 20 21 22 17 1
13 23 5 3 8 11 6 25 15 0 9 22 24 1 7 4 16 21 14 12 18 29 26 10 17 28 19 27 20 2
4 5 3 14 13 12 23 22 21 32 31 30 41 40 39 36 37 38 27 28 29 18 19 20 9 10 11 0 1 2 7 8 35 34 33 6 17 16 15 26 25 24 43 4
42 0 15 45 26 49 21 1 8 20 6 22 32 3 14 43 9 24 23 2 25 29 37 4 39 34 5 10 13 12 7 16 28 33 35 31 11 27 48 47 30 17 41 18 19 36 44 38 46 4
37 49 33 27 22 11 10 5 48 13 9 7 47 0 29 43 28 4 41 25 3 35 6 17 18 14 46 1 12 2 15 42 24 20 30 34 8 44 26 19 40 36 16 23 31 21 39 45 32 3
12 20 34 38 39 1 35 47 42 7 2 14 3 5 24 10 4 11 8 44 6 19 13 26 9 0 18 31 29 15 49 16 43 40 17 33 22 41 23 27 32 30 37 25 28 48 45 36 46 2
18 42 2 37 13 22 46 12 9 11 1 3 25 28 38 20 35 43 31 36 15 6 17 14 27 49 34 30 26 10 29 4 5 45 24 0 23 7 33 8 16 21 19 44 41 40 32 48 47 3
33 48 49 12 1 0 2 6 7 4 22 42 8 5 38 10 9 3 15 16 13 24 14 11 25 30 21 28 27 36 37 29 20 23 19 18 31 17 26 41 43 35 32 40 39 46 45 47 44 3
13 19 33 8 4 1 7 23 9 17 21 48 18 37 12 28 6 38 10 2 42 30 49 3 22 0 14 11 40 45 25 5 47 31 35 32 27 15 46 34 16 44 20 26 29 43 36 39 24 4
36 41 33 4 16 22 20 27 17 34 1 31 35 13 45 30 24 25 12 6 0 15 40 9 39 32 14 8 26 10 7 37 2 18 42 19 3 43 29 28 23 46 11 21 5 38 47 4
17 18 19 3 4 12 8 16 20 24 28 36 32 40 44 45 46 0 1 2 5 6 42 41 9 13 10 11 15 14 22 21 23 7 47 26 25 38 39 27 29 30 33 37 34 35 43 3
21 0 27 11 1 30 15 31 5 6 10 7 4 8 12 16 24 14 19 22 17 18 20 13 29 2 23 9 28 3 25 2
3 25 26 24 27 23 28 22 29 21 30 19 31 20 32 0 33 17 34 18 35 16 36 7 37 1 40 4 38 14 39 15 43 13 41 5 42 6 44 10 45 8 46 12 47 9 48 11 49 2
3 0 2 4 9 6 1 7 5 8 11 13 14 10 12 1
1 9 13 8 5 25 22 4 19 23 7 17 2 6 15 10 12 3 24 11 0 14 21 16 18 2
6 7 9 38 39 10 1 0 33 34 3 42 47 4 15 16 31 2 13 28 11 24 21 48 45 8 27 30 17 32 19 22 29 36 25 14 49 12 37 18 5 26 43 20 23 44 35 40 41 4
0 2 4 1 3 5
38 40 14 15 31 10 3 2 0 1 47 20 49 26 43 32 30 34 41 8 7 37 36 4 5 6 42 16 44 13 25 17 9 29 11 21 48 23 39 22 19 12 18 24 45 33 27 28 46 3
32 36 37 25 38 31 43 42 3 2 4 0 5 41 6 47 11 10 12 8 13 1 14 7 19 18 20 16 21 9 22 15 27 26 28 24 29 17 30 23 35 34 46 39 44 40 45 3
31 12 0 22 29 3 42 23 8 7 46 4 5 9 11 13 6 20 21 1 39 26 28 14 40 30 48 17 2 34 35 15 36 32 43 16 37 25 44 19 38 10 47 18 49 27 41 33 45 2
28 29 2 21 27 39 17 1 3 0 9 6 5 8 19 36 42 24 12 10 23 46 4 26 40 30 7 15 47 25 11 14 13 16 20 49 44 18 33 37 32 22 38 48 35 31 43 41 45 3
5 1 2 26 28 0 4 34 12 39 13 47 21 20 23 44 17 15 8 48 37 14 35 6 3 33 41 11 7 18 9 31 16 38 22 30 27 19 42 29 32 36 24 43 46 40 10 25 49 4
46 1 47 12 42 2 10 19 13 33 6 0 34 9 32 45 4 14 15 44 49 7 27 26 28 16 36 37 21 39 43 17 30 18 22 41 3 5 24 11 38 35 31 23 40 29 8 48 25 2
42 7 15 1 36 12 19 13 0 38 2 32 3 24 43 48 39 44 11 21 4 6 17 18 27 29 9 23 10 41 5 47 8 30 14 35 34 40 28 37 16 25 45 49 22 26 33 46 20 3
7 2 0 1 44 42 9 15 22 3 46 24 13 11 4 32 39 40 14 33 35 5 20 17 47 25 49 6 28 26 16 10 8 21 48 12 18 19 29 23 37 41 45 38 36 34 43 27 31 3
7 44 12 46 34 2 0 14 15 3 10 4 1 22 47 20 35 17 23 13 30 8 31 21 32 37 40 6 5 42 16 28 9 26 19 36 48 45 39 11 24 25 29 41 38 27 49 33 43 1
32 5 41 29 1 0 10 38 2 15 35 45 22 24 14 26 18 13 4 11 30 3 47 21 7 6 8 37 9 23 16 25 28 36 19 12 17 34 42 31 27 40 33 49 39 48 43 20 46 4
22 4 37 47 24 0 5 48 30 7 9 49 12 14 8 13 20 17 3 40 25 38 43 33 15 46 2 28 27 19 21 34 16 1 42 35 36 32 11 29 6 39 41 45 10 26 23 31 18 4
19 46 3 47 45 1 0 35 6 2 31 23 41 30 7 10 26 4 18 14 9 16 42 39 37 43 12 25 11 5 15 48 34 32 17 28 36 8 13 22 40 33 20 44 24 29 21 38 49 2
14 15 11 10 5 13 18 34 21 42 26 25 27 31 32 36 37 38 39 35 41 40 44 43 47 46 45 2 1 3 7 6 12 8 0 4 17 16 20 9 19 23 22 24 28 30 29 3
18 6 33 23 4 21 38 16 2 0 14 34 45 10 1 13 3 24 26 41 25 8 44 12 31 11 20 5 29 36 7 15 9 19 27 40 17 37 47 32 43 28 46 42 22 30 49 48 39 3
43 0 25 1 26 2 27 3 28 4 29 5 30 6 31 7 32 8 33 9 34 10 35 11 36 12 37 13 38 14 39 15 40 16 41 17 42 18 44 19 45 20 46 21 47 22 48 23 49 2
5 25 32 0 41 4 48 11 30 7 34 1 26 20 38 2 27 3 33 6 46 14 28 10 29 8 31 12 35 22 36 23 37 9 39 16 45 13 43 15 40 24 49 17 44 18 42 19 47 2
35 24 7 4 47 36 25 22 9 0 27 16 11 32 37 8 5 18 33 2 19 34 41 6 49 26 29 28 43 38 13 30 3 40 21 10 17 12 45 14 1 20 31 42 23 46 15 48 39 4
1 18 10 16 6 17 7 5 19 8 3 9 15 13 11 4 2 0 14 1
28 0 25 1 26 2 27 3 29 4 30 5 31 6 32 7 33 8 34 9 35 10 36 11 37 12 38 13 39 14 40 15 41 16 42 17 43 18 44 19 45 20 46 21 47 22 48 23 49 2
8 49 2 38 3 23 22 10 39 34 5 26 24 43 21 27 9 17 20 36 15 0 25 44 30 6 33 7 16 41 4 11 31 42 46 40 1 12 19 37 47 13 32 18 28 29 48 14 45 3
11 25 26 0 27 1 28 2 29 3 30 4 31 5 32 6 33 7 34 8 35 9 36 10 37 12 38 13 39 14 40 15 41 16 42 17 43 18 44 19 45 20 46 21 47 22 48 23 49 2
1 24 6 3 12 17 28 23 18 8 4 22 15 32 41 36 33 38 2 19 10 25 20 45 37 47 35 0 11 7 13 9 16 30 48 42 14 39 44 29 5 31 21 40 26 43 46 27 34 4
9 3 6 0 7 2 11 5 8 10 1 4 13 1
2 5 1 4 0 7 3 6
6 5 4 0 23 24 3 2 9 8 10 1 11 12 15 14 16 7 17 18 21 20 22 13 27 26 28 19 29 30 33 32 34 25 35 36 39 38 40 31 41 42 45 44 46 37 47 4
20 16 15 11 10 9 8 12 13 14 0 4 5 6 7 3 2 1 18 17 21 22 23 1
26 15 22 1 0 18 5 2 11 3 35 45 32 14 9 44 10 6 8 13 17 46 16 4 19 7 23 28 27 31 33 36 20 37 24 40 29 25 21 12 30 47 43 41 34 48 39 42 38 4
45 6 4 0 14 1 34 44 18 38 23 7 37 12 2 3 29 16 21 5 8 35 10 36 11 15 39 26 9 24 20 17 27 41 13 33 43 19 31 25 40 28 46 22 42 32 48 47 30 4
10 1 3 0 2 5 6 7 4 9 14 12 15 11 8 1
6 32 9 27 17 14 3 34 13 4 26 36 2 18 16 33 11 7 21 35 38 0 39 29 15 37 24 5 10 28 1 31 22 12 19 8 20 23 30 2
44 10 31 22 39 25 2 45 0 46 40 49 38 1 3 4 16 5 6 7 19 9 33 32 8 11 21 12 20 37 17 30 36 23 28 35 34 13 24 15 27 41 14 43 18 42 26 47 29 4
7 4 2 42 0 46 16 5 1 33 31 10 27 48 8 18 11 21 20 25 44 32 22 41 34 6 15 17 3 49 9 12 40 29 23 30 35 36 14 45 19 13 37 43 24 38 26 47 28 3
37 7 5 49 24 20 8 13 19 9 1 40 38 35 47 2 26 6 11 41 27 48 29 3 32 17 45 16 43 12 28 15 18 4 34 10 44 22 0 21 30 36 39 46 33 14 42 25 31 2
23 1 2 41 43 42 3 4 14 0 7 5 9 6 8 10 26 48 49 35 27 28 13 17 25 15 39 22 21 12 19 18 40 11 38 29 20 16 32 24 44 36 37 34 33 46 45 47 31 3
6 19 28 22 20 9 21 2 33 1 12 17 0 4 15 8 26 7 13 5 3 18 14 10 30 23 32 24 16 27 25 29 31 1
18 27 3 8 47 0 7 6 39 40 1 2 41 20 9 4 31 32 21 14 45 38 19 22 13 44 49 16 37 12 29 28 5 42 11 30 15 34 23 10 35 36 25 46 43 26 33 24 17 4
28 0 21 5 22 4 11 8 1 10 40 24 42 37 2 47 27 12 34 17 14 13 33 18 6 43 7 39 46 16 3 23 9 32 30 31 15 19 45 25 20 38 49 44 26 36 29 48 35 4
31 19 27 33 5 34 2 23 32 29 39 12 17 24 35 20 30 0 1 3 36 7 16 18 6 10 37 21 8 4 11 28 13 26 38 15 22 25 14 9
12 1 3 0 7 8 17 16 5 6 11 4 15 2 9 10 13 14 19 18 21 20 23 2
49 0 1 2 3 4 5 10 21 26 13 18 29 34 45 44 43 42 37 36 35 6 7 8 9 12 11 14 15 16 17 20 19 22 23 24 25 28 27 30 31 32 33 38 39 40 41 46 47 4
41 42 43 0 1 2 5 6 9 13 10 11 15 14 18 17 19 3 4 12 8 16 20 24 28 36 32 40 44 45 46 31 39 38 25 26 22 21 23 7 33 37 34 35 29 30 47 2
23 37 17 35 9 46 5 31 22 19 7 14 38 2 11 0 6 28 8 21 27 18 42 3 15 47 12 48 30 32 13 25 10 44 16 4 26 41 34 29 24 45 1 39 33 36 49 43 20 4
3 5 1 2 0 4
17 15 47 9 46 13 18 26 29 21 37 22 45 42 41 6 7 8 35 4 3 28 1 32 40 11 0 10 39 34 2 24 33 16 43 30 5 36 12 31 14 23 27 25 44 38 19 2
9 0 3 1 4 2 8 6 5 7
2 1 3 0 5 4
1 2 3 4 5 6 7 8 9 10 11 12 13 14 15 16 17 18 19 20 21 22 23 24 25 26 27 28 29 30 31 32 33 34 35 36 37 38 39 40 41 42 43 44 45 46 47 48 49 0
33 41 11 4 6 1 42 9 0 10 2 20 3 25 5 24 15 23 22 35 37 12 26 13 7 38 31 30 39 48 28 45 36 17 44 16 8 14 32 29 49 21 40 18 43 19 46 27 47 3
36 38 37 25 24 11 12 0 3 1 4 2 6 5 9 7 14 13 15 8 17 18 20 10 23 21 28 26 29 16 31 19 32 27 33 30 41 34 44 39 46 43 45 42 47 35 48 40 49 2
26 30 31 19 0 41 5 4 6 2 7 43 8 1 13 12 14 10 15 3 16 9 21 20 22 18 23 11 24 17 29 28 38 34 32 25 37 36 46 42 47 35 40 33 45 44 39 2
7 27 14 4 15 2 16 0 19 3 17 13 25 1 18 5 20 8 21 10 22 11 23 6 24 12 26 9
32 1 3 0 5 2 7 4 9 6 11 8 13 10 15 12 17 14 19 16 21 18 23 20 25 22 27 24 35 30 29 26 31 34 33 48 43 36 37 28 39 38 41 40 45 42 47 44 49 4
3 14 7 5 27 0 23 44 19 40 16 43 22 38 11 46 13 41 15 1 12 33 8 42 18 2 10 32 17 34 21 4 20 6 24 36 30 45 26 35 29 39 31 37 9 48 28 47 25 4
43 1 7 31 0 27 3 9 4 22 11 47 12 23 29 15 14 19 13 8 35 39 38 2 41 5 10 6 26 24 21 46 49 20 16 30 17 36 44 25 34 42 18 32 33 48 40 45 37 2
27 0 26 4 49 1 25 12 29 10 28 17 35 19 34 23 36 2 37 22 31 24 45 3 30 14 41 6 46 8 32 7 47 11 42 9 33 5 40 15 44 13 43 21 38 18 48 16 39 2
12 0 11 37 45 44 39 3 46 2 22 5 16 9 15 20 1 17 10 6 31 14 13 36 24 43 4 7 8 35 19 48 38 28 21 26 49 23 33 27 25 18 32 41 42 34 47 30 29 4
9 8 7 6 5 10 11 12 13 14 15 0 1 2 3 4
17 0 25 2 44 42 35 3 43 23 41 4 8 5 34 36 1 9 49 6 11 13 14 16 29 7 21 12 40 15 39 38 31 33 37 10 45 22 28 46 30 18 24 27 47 26 48 19 32 2
28 15 40 42 45 33 29 4 1 48 0 26 3 10 25 44 18 6 2 30 11 34 37 13 36 14 24 21 5 31 41 16 17 49 12 39 32 20 7 22 27 47 23 9 19 35 8 38 43 4
43 44 2 27 10 0 19 4 6 15 11 1 5 48 25 3 14 17 26 23 16 13 7 37 46 8 22 9 24 41 28 49 34 12 33 18 29 20 32 40 39 35 45 21 36 38 42 30 31 4
1 9 0 3 2 4 7 8 6 5
13 14 15 12 11 10 16 3 2 1 18 0 17 9 8 7 19 6 5 4
20 1 5 0 3 2 7 4 9 6 29 8 11 18 13 10 15 14 17 12 19 16 41 44 49 32 22 25 28 21 24 23 26 27 31 30 37 34 33 38 39 36 35 40 43 42 47 46 45 4
48 0 13 3 1 28 16 30 2 42 6 43 7 4 27 32 22 5 44 8 36 31 9 46 18 10 12 45 19 29 14 49 17 11 25 41 39 26 23 15 24 33 21 37 38 35 34 40 20 4
4 1 2 0 17 37 49 20 48 41 13 25 23 7 11 5 3 6 8 44 10 42 35 9 12 30 45 32 46 39 22 14 15 31 19 18 16 33 21 28 40 26 24 29 34 27 43 47 38 3
0 5 2 26 11 43 6 1 3 15 30 49 4 29 13 17 44 16 8 7 20 9 47 18 41 10 21 14 22 37 33 12 45 35 24 42 40 28 23 38 27 39 46 34 19 32 48 25 31 3
3 1 0 4 2 5
14 3 13 23 0 22 5 2 19 1 10 20 28 6 15 11 26 7 8 27 18 4 9 12 24 17 21 16 29 2
4 9 3 8 7 0 5 2 1 6
23 46 44 3 0 1 8 25 12 35 4 43 32 27 2 45 38 9 14 7 10 21 6 31 16 13 24 17 18 39 20 29 28 11 22 33 26 37 36 5 30 41 34 15 40 19 48 47 42 4
23 24 25 15 14 0 5 4 16 27 26 2 1 3 6 8 7 9 11 10 13 21 22 18 17 20 12 1
26 12 36 19 37 1 9 46 8 5 17 13 0 39 28 40 10 16 24 38 2 29 15 20 3 44 14 31 22 21 6 42 7 23 11 33 34 45 30 47 35 27 25 43 4 41 18 49 32 4
32 16 31 39 15 0 23 8 7 6 9 1 11 12 14 13 18 17 19 4 3 2 10 44 45 46 20 5 21 22 25 24 26 27 28 35 34 36 37 38 29 40 30 41 42 43 33 4
38 8 13 24 49 33 3 46 0 14 22 17 35 34 16 2 5 7 32 19 4 45 42 29 39 6 20 18 48 1 25 12 23 41 11 26 31 10 44 9 27 37 28 15 30 47 43 21 36 4
30 0 1 25 2 26 3 27 4 28 5 29 6 31 7 32 8 33 9 34 10 35 11 36 12 37 13 38 14 39 15 40 16 41 17 42 18 43 19 44 20 45 21 46 22 47 23 48 24 4
34 38 42 33 44 2 3 4 8 7 5 37 0 9 24 10 22 31 12 29 15 6 18 13 1 11 41 39 36 43 17 14 49 25 16 27 23 40 21 28 19 32 20 30 26 45 47 35 46 4
43 42 45 34 37 10 21 18 29 26 13 12 11 0 1 2 3 4 5 6 7 8 9 14 15 16 17 20 19 28 27 22 23 24 25 36 35 30 31 32 33 38 39 40 41 46 47 4
11 14 15 0 3 8 16 13 12 4 9 6 5 10 7 1 17 18 19 2
49 0 1 2 3 4 5 6 7 8 9 10 11 12 13 14 15 16 17 18 19 20 21 22 23 24 25 26 27 28 29 30 31 32 33 34 35 36 37 38 39 40 41 42 43 44 45 46 47 4
49 2 17 1 26 11 13 4 25 38 48 43 14 15 22 9 7 39 18 3 6 12 0 20 27 10 24 30 16 21 42 8 5 33 28 19 29 34 47 41 31 45 36 35 37 44 32 46 40 2
26 3 1 0 44 13 2 38 21 48 17 33 39 46 23 49 10 40 41 19 7 5 6 4 20 11 45 28 31 18 8 37 42 9 24 32 29 25 27 15 35 36 16 34 30 14 12 47 22 4
3 42 41 4 30 10 0 40 6 35 31 37 2 16 34 27 7 21 17 1 5 13 32 44 9 11 14 19 26 18 20 8 22 15 36 24 49 39 43 29 28 45 25 23 38 12 48 46 33 4
0 1 2 3 4 5 6 7 8 9
10 7 4 3 8 6 9 2 26 20 38 5 35 17 47 11 41 14 44 21 27 39 12 42 23 29 37 43 13 31 1 25 19 40 45 28 0 24 18 33 15 22 30 32 16 34 36 4
2 5 8 20 42 4 21 15 0 30 9 1 13 7 47 11 27 35 18 28 17 25 44 14 37 6 26 12 33 22 36 29 38 10 40 43 45 23 46 31 16 3 19 39 34 49 24 32 48 4
7 0 1 4 2 5 3 6 8 14 11 15 9 12 10 13 17 20 18 21 16 22 19 23 24 30 25 28 26 29 27 31 32 38 33 36 34 37 35 39 40 46 43 47 41 44 42 4
4 21 9 3 20 5 42 8 36 10 0 18 40 1 47 7 14 17 34 16 28 45 12 2 48 23 13 31 26 19 46 6 39 22 43 27 25 30 29 15 32 37 33 44 35 24 49 11 41 3
12 1 9 22 25 15 7 23 6 0 13 19 5 8 18 16 21 4 20 10 14 11 24 17 2 3
0 4 6 14 3 15 8 5 13 9 12 1 2 7 11 1
1 3 4 11 12 10 9 13 5 8 7 2 6 0 15 14 16 17 18 1
21 25 49 13 26 2 38 1 43 0 39 15 27 5 30 8 32 3 45 6 48 19 35 12 37 14 28 23 34 22 29 10 36 4 40 7 31 17 33 9 41 11 47 18 42 24 44 16 46 2
49 5 43 46 7 2 8 6 12 21 20 24 31 35 16 45 38 14 15 39 18 29 9 1 41 0 34 3 25 36 47 23 17 28 48 4 10 40 27 32 30 11 42 13 19 44 37 22 33 2
42 21 24 1 4 3 0 2 6 5 7 8 9 12 16 15 17 11 14 13 10 18 19 22 20 23 26 25 27 28 29 32 36 31 30 33 34 35 37 38 39 41 40 43 46 45 49 47 48 4
2 18 8 5 0 12 4 1 9 17 26 46 34 30 16 14 39 19 33 21 11 31 27 35 36 48 41 40 42 22 49 38 25 29 10 24 43 45 3 7 15 32 23 28 47 37 20 44 6 1
1 7 8 0 3 6 2 4 9 5
19 5 7 0 9 8 27 11 32 16 40 17 20 18 22 23 10 36 31 37 13 12 14 1 46 2 39 41 24 45 44 48 33 38 30 49 26 3 43 4 42 28 35 21 29 25 34 6 47 1
2 3 4 0 5 1
0 15 14 7 8 6 9 2 10 4 13 1 12 5 11 3
49 0 1 2 3 4 5 6 7 8 9 10 11 12 13 14 15 16 17 18 19 20 21 22 23 24 25 26 27 28 29 30 31 32 33 34 35 36 37 38 39 40 41 42 43 44 45 46 47 4
22 43 37 6 0 47 31 26 7 5 32 4 17 24 15 14 23 49 45 21 46 20 8 39 3 36 9 13 12 28 27 1 30 18 35 19 16 29 25 42 48 2 10 41 33 38 34 11 44 4
36 0 25 1 26 2 27 3 28 4 29 5 30 6 31 7 32 8 33 9 34 10 35 11 37 12 38 13 39 14 40 15 41 16 42 17 43 18 44 19 45 20 46 21 47 22 48 23 49 2
8 5 1 3 2 4 14 21 0 6 13 9 15 10 17 12 20 16 19 7 18 1
33 41 11 22 18 0 27 1 13 3 2 9 7 35 31 20 39 44 34 15 6 30 14 36 37 4 40 8 21 47 42 48 16 38 26 10 28 32 46 25 49 45 43 5 19 23 24 12 29 1
19 32 30 0 25 20 28 21 27 22 26 23 29 24 41 6 31 1 33 11 45 2 43 3 34 8 35 18 36 16 37 10 38 13 44 4 48 5 42 9 39 7 49 12 40 14 46 15 47 1
24 16 4 5 6 17 12 44 2 1 3 0 7 13 27 18 10 20 9 19 8 25 11 22 31 26 23 29 32 39 15 30 14 37 21 34 41 36 28 43 33 42 38 46 35 45 40 4
9 0 46 45 12 8 3 23 5 30 4 10 18 20 29 31 36 2 6 7 37 28 19 48 47 39 49 13 1 15 16 34 32 22 42 33 24 21 11 17 43 44 41 27 26 40 14 35 25 3
8 33 38 14 25 0 28 1 26 2 30 5 36 17 37 12 40 23 43 3 27 4 29 6 35 9 42 7 31 10 45 20 46 11 39 19 48 13 41 16 34 15 32 18 44 21 47 22 49 2
28 0 25 1 26 2 27 3 29 4 30 5 31 6 32 7 33 8 34 9 35 10 36 11 37 12 38 13 39 14 40 15 41 16 42 17 43 18 44 19 45 20 46 21 47 22 48 23 49 2
2 0 1 3
41 13 39 20 34 3 42 17 44 5 37 12 25 6 33 23 26 21 27 0 29 14 28 7 30 1 31 2 32 4 35 8 38 9 47 10 45 11 36 15 40 16 43 18 46 19 48 22 49 2
31 15 36 2 17 6 22 9 0 11 4 49 40 47 5 12 21 13 1 14 20 38 35 42 25 23 3 43 45 26 30 37 18 24 44 16 8 19 28 48 34 32 10 27 33 29 7 39 46 4
28 32 3 11 6 1 12 4 0 2 33 5 9 7 27 40 25 35 41 48 13 8 30 24 14 31 15 23 39 37 17 46 18 10 26 49 22 16 34 19 43 47 42 20 36 44 38 21 45 2
46 0 1 3 2 4 6 5 7 9 8 10 12 11 13 15 14 16 18 17 19 21 20 22 24 23 25 27 26 28 30 29 31 33 32 34 36 35 37 39 38 40 42 41 43 45 44 4
19 4 7 24 28 3 5 0 29 1 6 11 14 2 22 26 23 9 15 27 12 10 13 18 30 8 20 25 31 17 21 1
1 13 30 48 16 12 41 2 6 9 11 49 0 10 25 31 39 3 42 47 7 4 37 23 21 38 32 5 43 24 44 28 22 29 8 33 46 26 40 35 34 19 17 14 15 20 27 18 45 3
6 47 38 30 24 0 42 40 39 27 31 28 25 36 15 19 20 22 18 5 29 43 4 17 33 35 2 1 10 8 13 34 3 9 26 44 45 12 14 7 23 16 21 11 32 48 41 37 46 4
20 10 21 0 36 33 34 35 9 2 11 29 25 13 17 37 32 39 5 14 38 22 7 4 1 6 28 8 27 15 12 16 3 18 30 24 19 26 23 3
13 7 0 42 6 1 8 24 36 32 20 31 9 22 15 43 17 45 37 33 47 10 16 3 46 18 23 5 35 49 40 4 48 12 21 14 41 26 27 2 19 39 29 25 28 38 44 30 34 1
43 44 40 39 0 2 1 3 4 6 5 10 21 26 13 18 29 34 45 46 8 7 9 11 12 14 16 15 17 19 20 22 24 23 25 27 28 30 32 31 33 35 36 38 37 42 41 49 48 4
37 5 11 8 30 48 10 7 44 2 22 6 27 43 28 3 34 15 13 46 20 33 47 45 36 39 26 0 41 42 17 16 12 9 29 4 31 18 19 40 21 14 38 23 25 35 24 32 49 1
7 21 0 3 31 36 22 12 11 24 23 6 9 28 49 30 1 4 16 13 34 47 37 19 2 18 14 32 17 35 41 10 8 42 27 38 40 5 48 33 43 46 25 44 39 20 15 29 45 2
21 3 1 0 2 6 7 42 43 18 22 4 9 10 19 5 20 11 8 28 13 12 33 24 25 40 39 16 14 47 26 35 15 23 27 17 32 29 38 30 31 36 37 46 45 34 44 41 49 4
23 32 3 26 0 39 47 40 2 19 4 24 13 9 48 10 21 43 49 1 46 5 30 29 6 28 25 14 42 45 12 15 34 16 7 17 44 38 22 20 33 37 11 31 8 27 36 18 35 4
47 0 1 2 3 4 5 6 7 8 9 10 11 12 13 14 15 16 17 18 19 20 21 22 23 24 25 26 27 28 29 30 31 32 33 34 35 36 37 38 39 40 41 42 43 44 45 46 49 4
30 9 15 48 0 28 3 37 35 8 22 2 6 47 45 14 27 11 1 34 36 44 4 10 7 16 18 17 32 5 13 12 21 39 31 49 19 20 26 23 33 38 42 24 40 29 46 25 41 4
10 49 1 0 4 6 42 9 8 2 12 3 27 43 5 40 37 38 46 31 47 15 45 28 14 20 16 7 18 13 19 11 21 17 41 23 33 48 24 26 25 32 29 22 35 39 36 30 44 3
20 39 12 0 2 45 37 1 10 8 33 29 3 7 13 9 21 38 35 44 4 22 31 30 5 15 14 11 26 17 19 18 24 23 32 46 16 25 27 36 6 28 34 48 40 47 43 42 49 4
25 2 24 30 13 15 48 36 47 32 46 20 39 0 4 21 11 40 22 14 43 33 38 19 18 9 17 12 23 45 3 16 1 35 44 49 41 26 6 5 7 8 37 31 29 27 10 42 34 2
7 0 1 11 2 3 8 4 5 6 9 10 13 12 38 16 15 19 14 20 17 21 22 23 24 25 18 26 27 28 29 30 32 31 48 35 36 33 37 41 42 43 44 45 46 34 47 39 49 4
3 1 2 0 16 4 5 6 8 7 9 10 11 14 12 15 13 18 17 19 20 22 21 2
5 6 2 0 7 4 3 1
21 47 25 3 26 9 43 15 32 14 48 1 38 10 28 6 46 5 29 0 30 2 31 4 49 11 33 7 37 12 45 23 34 8 27 16 35 17 36 22 39 18 40 13 44 24 42 19 41 2
28 27 31 30 29 10 21 26 13 18 5 42 37 36 35 34 45 44 43 0 1 2 3 4 7 6 9 8 11 12 15 14 17 16 19 20 23 22 41 40 39 38 47 46 33 32 25 2
23 10 9 0 3 1 4 2 6 5 12 7 14 11 15 13 17 8 20 16 24 21 28 19 29 26 31 18 32 25 33 27 34 30 37 35 38 36 40 39 41 42 45 43 46 44 47 49 48 2
32 47 0 42 1 10 3 45 14 31 49 46 26 23 25 4 48 17 16 29 34 12 19 21 6 18 2 22 44 20 33 24 5 43 7 41 40 39 9 8 11 38 13 27 15 28 37 30 36 3
42 2 17 8 15 16 29 4 1 26 3 36 6 10 27 31 25 22 20 19 18 0 11 48 9 30 23 32 24 40 44 47 7 45 13 49 5 46 41 21 12 28 39 14 34 37 35 33 38 4
14 44 1 2 0 6 3 12 19 27 23 36 20 21 13 33 17 39 29 25 40 9 8 7 46 15 41 18 47 32 5 26 24 10 45 38 37 30 31 4 35 11 43 42 34 22 28 1
24 21 6 3 4 46 1 15 41 7 11 2 18 12 45 30 39 43 0 44 14 31 32 36 33 8 9 13 37 17 35 5 27 19 28 23 10 34 22 20 16 25 29 26 42 48 40 49 47 3
49 1 32 0 2 28 4 3 6 41 43 21 24 33 17 13 7 39 10 5 11 48 14 8 15 23 16 9 36 26 19 29 45 31 47 37 30 35 27 22 25 12 20 18 42 34 44 38 46 4
27 0 15 12 17 16 13 10 41 1 3 33 5 19 35 49 9 42 37 22 21 31 46 30 23 45 44 36 4 24 18 26 38 2 14 6 32 7 28 25 29 20 34 8 40 47 43 11 39 4
22 29 27 24 1 0 3 4 5 6 7 2 9 16 11 8 15 10 13 18 23 12 19 26 17 14 21 28 25 2
10 25 49 1 16 22 28 45 8 14 26 29 24 41 4 6 3 7 23 18 0 34 5 47 12 36 39 2 21 9 42 11 15 17 13 19 43 44 27 48 35 32 38 20 33 31 30 37 46 4
34 0 29 48 43 8 1 3 21 37 9 13 16 30 31 11 14 2 4 17 6 25 22 20 41 24 26 5 12 10 7 19 15 32 18 23 35 28 46 42 40 38 27 36 45 33 47 39 49 4
1 0 2 3
40 19 18 17 0 5 6 4 1 3 2 9 8 10 7 29 30 34 44 15 14 11 12 16 20 21 13 22 24 23 25 28 32 33 36 35 42 41 26 27 31 45 37 46 43 47 38 3
5 19 10 0 15 6 11 9 18 8 16 4 17 2 14 1 12 7 13 3
14 0 1 15 2 16 3 17 4 18 5 19 6 20 7 21 8 22 9 23 10 24 11 25 12 26 13 2
40 30 49 5 37 7 10 4 29 26 21 19 34 44 46 11 43 1 32 14 41 6 3 42 23 20 8 48 22 15 9 16 47 31 17 28 18 45 13 2 24 0 25 27 39 36 12 33 38 3
43 25 3 1 34 42 2 44 38 20 6 23 15 26 17 36 7 37 48 41 14 47 33 4 21 9 19 16 45 35 12 40 8 30 13 11 0 22 18 49 10 29 31 28 32 5 24 27 39 4
1 8 7 0 9 4 5 6 2 3
33 0 6 37 41 46 27 17 1 45 25 48 40 2 7 23 21 3 35 43 11 15 32 30 9 4 42 5 8 12 26 49 18 10 29 16 13 22 34 28 14 31 19 36 24 38 20 39 44 4
4 27 11 23 2 49 6 28 9 0 8 40 15 5 19 34 12 37 46 45 17 3 41 22 43 26 31 24 14 13 16 7 42 47 35 21 18 25 33 10 29 1 48 20 30 39 44 32 36 3
44 0 4 46 1 20 2 6 5 19 3 8 12 11 13 7 14 18 15 9 25 31 26 30 29 10 39 21 16 22 24 23 17 34 28 32 36 35 41 42 38 43 27 33 37 45 40 4
3 1 20 5 31 2 4 9 7 26 6 39 14 40 10 13 21 49 25 29 44 8 32 11 17 22 30 48 34 46 36 12 0 47 16 27 37 23 42 19 35 15 28 38 41 24 45 33 43 1
2 0 1 3 5 4
45 28 29 0 4 3 2 49 1 48 5 6 7 9 8 12 11 15 14 18 17 21 20 24 23 27 26 30 31 47 10 41 13 43 16 38 37 36 35 39 19 40 22 42 25 44 34 33 32 4
11 6 15 1 8 34 19 28 20 3 21 17 25 2 44 22 42 0 30 7 39 4 16 27 38 13 18 5 29 9 36 10 24 41 33 14 32 43 45 35 40 12 37 31 26 2