21 10 0 46 6 8 18 36 1 25 27 4 13 32 16 23 22 7 28 19 48 40 29 31 15 39 47 37 26 11 20 24 42 2 3 45 14 12 30 33 5 17 9 44 49 43 35 34 38 4
13 11 25 0 1 26 4 5 27 2 3 28 8 9 29 10 6 30 7 34 12 31 14 33 32 15 35 36 16 37 38 17 39 40 18 41 42 19 43 44 21 45 20 22 46 23 47 48 24 4
49 1 25 45 10 0 34 23 26 3 39 2 27 4 28 21 29 22 30 6 31 13 40 5 46 20 48 14 38 15 35 7 32 9 36 8 33 17 37 11 43 12 41 24 44 42 16 18 47 1
26 40 0 5 24 2 48 29 13 1 32 4 11 42 22 21 34 7 30 12 16 47 3 31 6 41 19 8 18 35 49 14 10 37 20 28 43 38 15 33 39 46 36 17 27 23 9 45 25 4
19 16 3 23 1 24 29 6 14 39 31 5 0 34 30 2 35 10 9 4 7 12 15 11 17 43 41 20 27 42 45 28 25 47 22 40 37 8 44 21 32 18 33 49 36 38 48 46 26 1
7 5 13 15 0 8 10 1 9 11 2 14 3 4 12 6
36 27 4 5 43 6 8 45 1 0 29 13 25 38 10 30 19 11 41 40 24 32 49 2 37 28 7 9 39 34 3 35 12 16 26 14 20 48 31 15 42 17 18 33 21 22 44 46 23 4
27 5 25 37 10 47 6 14 12 2 45 40 17 8 35 13 33 1 46 38 19 9 18 16 49 36 21 44 39 7 11 48 20 0 24 41 31 22 29 30 26 23 32 43 15 28 4 42 3 3
29 1 0 2 3 4 5 6 7 8 9 10 11 12 13 14 15 16 17 18 19 20 22 21 28 24 23 25 26 2
20 23 0 1 2 3 4 5 6 7 8 9 10 11 13 12 14 15 17 16 19 18 25 21 24 43 22 33 26 47 27 38 29 34 28 31 30 39 32 40 35 44 37 41 36 49 42 48 45 4
1 0 3 2 5 4 7 6
12 10 1 25 41 37 44 4 35 5 49 0 40 8 2 33 7 28 24 3 14 9 36 21 11 13 6 42 43 15 30 17 26 18 16 19 20 29 48 39 23 22 31 32 45 46 34 27 47 3
42 31 1 24 29 41 7 35 21 0 33 13 12 25 3 34 45 2 18 26 11 46 16 27 36 4 30 14 19 44 8 38 43 5 22 28 49 10 9 40 23 37 20 48 15 6 47 39 17 3
28 47 45 27 4 12 1 10 18 9 16 6 11 19 17 41 40 48 22 46 32 38 33 21 34 30 5 3 37 36 15 7 0 8 14 23 2 26 29 42 24 35 25 43 39 20 31 44 49 1
25 20 47 41 6 18 0 8 31 11 4 14 3 1 7 13 40 9 21 19 36 35 10 15 17 46 34 23 2 43 26 12 16 28 27 24 29 22 5 49 30 48 32 39 37 42 33 38 45 4
45 20 0 25 9 3 27 2 13 26 38 1 24 49 5 37 42 4 29 6 7 28 31 23 11 46 43 18 44 14 41 16 10 47 39 12 34 21 35 32 8 33 17 19 40 15 48 30 22 3
26 0 3 46 1 35 2 5 22 29 4 6 7 39 8 41 10 13 11 24 9 28 17 32 14 21 19 12 33 48 27 38 42 23 15 34 16 45 20 47 40 31 18 25 30 44 37 49 36 4
26 25 24 36 35 31 32 44 43 39 40 4 3 47 0 12 11 7 8 20 19 15 16 28 27 23 22 2 1 5 46 6 13 9 10 18 17 21 14 34 33 45 38 30 37 29 41 4
2 4 1 5 3 0
14 8 10 42 9 16 20 4 1 6 34 2 7 15 33 44 13 43 18 5 0 12 11 32 30 17 19 46 22 29 28 39 27 38 3 40 37 25 24 35 21 45 48 23 36 47 31 41 49 2
28 17 5 32 0 21 26 3 2 25 19 47 44 10 4 39 22 1 38 48 6 18 41 30 20 12 49 11 27 24 31 16 36 29 7 37 34 14 35 42 15 45 9 40 8 13 43 33 23 4
33 2 41 0 8 36 5 31 16 4 22 6 1 11 13 28 3 9 15 39 21 35 17 37 19 26 18 27 20 40 29 23 14 30 24 10 7 43 12 32 34 38 25 4
46 45 44 43 42 41 40 39 38 37 36 35 34 33 32 31 30 29 28 27 26 25 24 23 22 21 20 19 18 17 16 15 14 13 12 11 10 9 8 7 6 5 4 3 2 0 1 49 48 4
5 1 24 4 9 12 16 15 2 7 10 18 8 25 23 6 0 3 11 20 21 13 19 17 22 1
1 3 8 14 5 19 0 2 7 4 16 13 18 6 15 10 9 11 12 1
28 7 0 2 31 46 3 44 41 4 12 5 10 14 23 27 19 49 11 20 1 26 15 21 48 29 47 30 18 33 6 16 8 40 43 42 13 24 17 9 25 38 37 34 36 35 22 32 39 4
28 0 21 9 45 14 43 15 2 6 19 11 37 22 16 1 12 26 36 20 41 31 44 13 24 32 30 25 5 8 3 40 27 7 4 46 42 47 48 23 10 33 29 34 49 18 38 39 17 3
5 9 6 7 0 48 2 19 39 3 30 33 24 1 32 42 10 8 26 38 23 41 22 15 44 20 4 17 11 18 36 14 25 16 12 13 34 37 45 43 49 21 35 29 31 46 28 27 47 4
39 18 23 2 33 10 8 45 13 32 1 35 3 21 46 7 41 0 31 34 5 11 27 20 43 15 9 4 6 12 16 26 14 29 48 17 22 36 19 24 30 44 42 47 49 28 25 37 40 3
22 49 40 37 0 1 5 2 3 6 13 17 9 14 46 10 15 20 27 12 8 32 29 11 7 21 35 16 42 18 44 19 23 48 43 25 31 26 45 33 39 30 34 47 41 4 36 38 24 2
13 3 37 21 40 9 5 0 1 39 28 36 11 44 48 2 4 18 14 25 12 49 10 33 8 30 20 17 41 27 47 16 38 19 31 42 24 43 34 23 26 15 6 7 32 46 22 45 29 3
30 31 28 27 24 23 20 19 16 15 12 11 8 7 4 2 1 0 3 5 6 9 10 21 26 13 18 29 34 42 37 45 46 47 44 43 40 39 36 35 32 33 14 22 25 17 38 4
6 36 1 45 49 2 13 14 46 5 39 4 31 16 10 11 34 9 19 47 12 21 48 37 15 24 38 3 28 29 25 40 42 41 44 32 0 7 30 18 17 23 20 26 22 27 8 43 33 3
11 47 19 1 16 2 0 24 7 3 43 5 6 26 8 22 9 35 29 14 4 21 48 28 13 18 27 32 17 12 30 41 10 23 46 36 38 44 49 31 42 40 33 15 45 39 20 25 37 3
30 0 29 14 31 28 3 7 40 25 6 49 42 18 43 5 2 1 11 26 4 33 41 8 22 23 27 20 15 44 19 9 32 12 39 48 36 17 46 21 24 13 10 38 45 34 35 47 16 3
17 16 20 19 23 22 21 5 13 18 10 26 34 29 37 45 44 40 41 46 47 43 42 2 1 0 4 3 7 6 8 9 14 15 11 28 24 25 30 31 27 12 32 36 35 39 38 3
1 8 3 2 4 12 0 5 6 7 9 10 14 11 13 18 47 39 17 33 30 19 32 21 46 22 15 27 34 28 35 26 23 25 40 16 36 24 43 44 31 42 20 37 49 29 48 45 41 3
27 25 22 21 3 2 1 5 6 4 8 9 0 7 10 11 18 17 14 13 12 15 16 19 20 24 23 29 26 2
28 45 0 9 42 29 24 6 27 38 11 3 25 36 1 7 48 34 12 2 26 33 18 14 30 31 8 13 39 32 4 17 49 37 5 20 43 35 16 15 46 10 19 40 21 23 47 41 22 4
15 42 22 1 4 47 33 9 25 17 18 27 24 46 8 3 0 2 39 38 12 7 26 5 23 13 49 20 40 32 34 19 29 11 21 41 30 48 6 31 16 37 45 35 10 44 36 28 43 1
46 47 7 6 33 3 2 5 13 0 1 15 12 17 9 4 29 25 8 10 43 31 22 27 14 35 32 44 19 16 18 21 20 24 11 42 26 45 40 30 23 28 34 37 36 38 39 49 48 4
32 2 3 8 35 9 42 7 27 0 21 28 5 10 13 4 12 6 18 22 30 46 1 11 15 47 48 14 17 23 29 19 39 16 25 20 43 33 26 24 37 36 45 34 41 49 31 40 38 4
26 0 1 5 10 39 11 21 49 22 14 38 15 31 2 18 33 16 9 28 8 37 24 3 34 4 48 7 43 6 46 13 45 35 20 12 17 25 44 19 30 42 27 40 29 32 23 36 41 4
4 7 9 6 2 5 1 0 8 3
43 40 0 1 25 20 21 26 22 23 27 24 28 29 3 2 30 31 18 10 34 32 4 5 47 42 16 12 33 35 6 7 36 37 8 9 46 41 15 39 38 11 13 45 14 17 44 48 19 4
44 32 18 1 31 2 8 11 0 9 4 10 6 12 3 20 27 23 7 5 14 41 15 28 40 26 25 34 22 45 46 42 24 30 17 13 36 29 16 33 39 37 48 19 21 49 35 43 47 3
18 19 38 23 0 31 4 5 35 43 30 6 49 28 10 1 2 12 16 41 3 24 25 15 13 7 9 44 46 8 17 33 14 26 37 32 42 21 27 40 20 22 36 11 39 48 34 47 29 4
47 49 3 23 2 34 10 1 31 36 20 4 9 25 43 6 5 29 0 7 45 37 18 19 8 21 35 40 46 24 28 26 44 48 27 30 39 22 41 33 42 32 16 17 11 14 13 12 15 3
38 23 48 4 14 1 3 2 17 8 6 25 37 5 19 9 33 21 22 40 34 42 15 35 13 10 11 29 24 46 28 30 0 16 12 32 44 7 18 47 39 26 27 41 36 45 31 43 20 4
8 17 1 6 4 39 5 45 3 0 37 11 2 46 12 42 18 19 30 20 35 47 29 43 24 9 34 14 28 44 13 38 26 21 15 10 49 23 33 22 7 27 40 48 41 32 25 16 36 3
3 20 9 8 38 2 1 5 19 24 21 7 25 22 23 37 34 6 26 0 10 12 18 27 15 33 40 14 46 45 30 11 4 44 39 29 35 48 28 31 17 16 32 43 36 41 42 49 13 4
42 15 22 14 0 3 23 12 16 30 40 1 29 48 2 6 24 21 33 7 27 35 13 5 11 26 8 17 41 43 10 18 49 47 19 20 38 25 45 37 46 39 44 9 34 36 31 32 4 2
31 1 7 18 4 10 40 17 19 9 2 49 14 3 35 20 42 45 34 28 0 13 25 33 16 11 8 39 36 6 22 5 27 30 46 38 24 21 47 23 15 41 26 12 37 44 29 32 43 4
21 4 14 10 12 19 5 6 0 8 20 13 7 1 11 17 3 15 2 9 16 1
33 32 36 35 39 38 37 5 10 18 13 21 26 34 29 42 41 40 44 43 47 46 45 2 1 0 4 3 7 6 17 16 20 19 23 22 9 8 12 11 14 15 24 28 27 31 30 2
6 34 0 24 32 16 14 5 19 23 42 39 11 25 45 40 47 3 12 9 22 10 1 29 38 33 21 18 8 20 28 44 31 35 43 27 13 17 41 7 2 15 48 4 36 26 46 30 49 3
0 1 3 2
3 9 8 0 6 5 2 4 1 7
15 10 11 9 8 2 1 5 0 3 7 6 4 14 16 17 13 12 18 19 20 21 25 26 22 23 27 24 28 29 34 33 37 36 30 35 31 32 38 39 40 45 41 42 48 43 47 46 44 4
6 45 1 0 5 9 38 10 3 47 26 20 43 4 18 16 8 36 11 42 2 7 25 39 23 40 46 30 37 31 13 14 12 28 17 19 35 29 15 21 24 33 27 22 41 44 32 34 49 4
27 21 2 3 16 10 19 36 26 29 6 0 12 20 9 31 49 18 30 14 41 7 22 34 33 1 4 24 11 25 28 42 45 17 8 47 13 43 40 39 46 23 35 32 5 15 37 44 38 4
24 21 45 25 1 0 26 27 3 2 28 29 5 4 30 31 7 6 32 33 9 8 34 35 11 10 36 37 13 12 38 39 15 14 40 41 17 16 42 43 19 46 44 18 48 47 23 22 49 2
6 30 20 11 22 7 12 5 0 10 1 3 2 21 42 4 8 33 23 16 40 39 35 44 13 36 38 31 18 29 19 46 28 47 26 27 9 24 32 15 41 25 48 14 43 34 37 45 49 1
2 0 1 3
25 0 33 38 6 40 1 7 29 12 20 46 8 41 2 49 19 10 35 18 5 47 4 48 27 22 45 34 3 13 30 17 15 26 16 44 32 9 39 31 11 28 14 23 42 21 36 43 24 3
46 45 41 7 0 1 2 3 4 5 6 8 9 10 11 12 13 14 15 16 17 18 19 20 21 22 23 24 25 47 48 49 26 27 28 29 30 31 32 33 34 44 43 38 39 40 37 36 42 3
38 0 33 25 17 3 14 16 24 32 1 9 31 10 2 13 34 4 35 37 6 11 27 7 22 21 8 18 15 5 12 30 23 19 39 36 29 28 26 2
26 0 1 3 2 4 5 7 6 8 9 11 10 12 13 15 14 16 17 19 18 20 21 23 22 24 25 27 28 30 29 31 32 34 33 35 36 38 37 39 40 41 43 42 45 47 44 46 49 4
10 39 42 4 47 16 35 1 18 2 44 17 14 5 3 20 13 40 21 28 6 11 7 30 31 23 12 49 32 38 24 34 37 0 25 45 33 36 19 26 15 22 43 8 46 41 27 29 48 9
3 1 15 4 19 18 29 0 7 10 12 2 11 44 46 23 24 47 39 8 26 5 6 31 9 32 20 37 30 33 45 14 41 40 38 36 22 42 25 13 21 16 28 43 49 34 48 35 17 2
4 1 9 2 8 6 7 0 5 3
18 0 2 49 1 8 3 4 5 6 7 10 9 17 24 20 21 13 12 16 11 22 23 27 26 25 32 28 29 30 31 35 34 33 40 36 37 38 39 43 42 41 48 44 45 46 47 15 14 1
44 0 25 1 13 46 2 20 14 29 24 4 21 38 15 23 18 8 22 9 19 3 17 6 12 42 30 35 16 34 47 43 7 40 41 5 33 10 48 36 31 37 27 39 11 49 32 45 28 2
32 36 35 39 38 37 42 5 10 18 13 21 26 34 29 45 2 1 0 4 3 7 6 17 16 20 19 23 22 11 15 14 9 8 12 25 24 28 27 41 40 44 43 47 46 30 31 3
12 0 2 3 8 1 17 5 4 7 13 15 10 11 14 6 16 9
24 1 0 27 10 3 16 19 6 22 14 21 8 23 17 12 9 25 2 20 4 13 7 11 5 15 18 2
11 28 12 1 3 34 39 13 20 2 21 0 14 35 18 24 23 8 16 15 9 6 5 17 32 33 7 36 4 25 19 26 27 37 10 29 38 30 31 2
43 41 25 2 46 38 0 24 1 10 3 4 36 22 30 31 20 34 5 27 37 14 17 7 19 13 15 48 42 16 32 35 9 23 11 40 49 18 45 6 29 12 21 47 39 26 28 8 33 4
27 5 1 19 14 7 36 0 3 43 32 13 15 10 31 2 9 33 34 4 29 16 8 6 38 30 17 22 40 39 20 28 18 21 11 46 35 23 37 44 24 47 49 41 42 45 25 26 48 1
39 0 1 2 3 4 5 6 7 8 9 10 11 12 13 14 15 16 17 18 19 20 21 22 23 24 25 26 27 28 29 30 31 49 32 33 34 35 36 38 37 40 41 48 43 45 42 44 47 4
42 35 0 1 25 27 14 20 46 28 2 3 26 29 4 5 48 31 9 6 38 37 7 24 44 43 15 11 40 49 21 8 33 34 17 16 30 39 19 18 32 13 23 45 12 10 36 41 22 4
19 13 25 41 7 46 35 12 34 2 36 21 24 28 8 23 48 0 29 49 18 14 26 15 16 44 33 17 37 43 1 27 3 6 40 47 4 30 38 5 39 9 10 31 22 20 42 32 11 4
21 1 0 25 41 18 35 37 6 17 5 4 33 19 2 3 11 8 9 13 10 28 39 16 14 49 48 20 45 44 42 47 30 12 27 26 22 23 38 40 43 24 34 7 46 36 15 29 32 3
25 45 11 23 48 7 8 44 36 0 27 17 34 30 24 40 41 2 3 26 14 4 35 33 18 15 28 16 43 5 12 49 1 13 38 9 37 46 10 39 19 42 29 6 31 32 20 21 47 2
12 18 36 34 19 2 20 4 8 23 29 39 45 22 44 28 24 31 5 11 25 32 35 26 15 7 1 30 27 6 10 3 0 13 9 48 37 21 40 42 41 16 33 38 46 17 47 49 14 4
0 1 2 3 4 5 6 7 8 9 10 11 12 13 14 15 16 17 18 19 20 21 22 23 24 26 25 27 28 2
47 43 44 39 38 32 29 28 22 19 18 12 9 8 2 1 5 6 3 4 0 48 42 41 45 40 7 10 11 15 16 13 14 17 20 21 25 26 24 23 27 30 31 35 34 33 37 36 49 4
37 2 3 39 42 7 36 1 14 28 6 35 17 9 5 18 15 29 0 10 26 21 41 19 12 25 16 20 24 13 23 11 8 4 30 27 49 22 31 33 44 47 43 32 38 34 48 46 45 4
1 4 5 0 3 2
22 44 24 9 8 2 34 48 30 16 20 40 19 6 31 29 28 43 0 10 23 41 38 1 5 37 26 18 47 32 12 45 27 25 13 11 7 21 46 39 15 3 36 14 42 33 35 17 49 4
48 12 5 21 3 25 6 36 10 4 27 2 37 49 0 11 1 30 14 26 7 22 20 38 18 13 9 15 47 46 44 31 8 19 35 16 32 17 23 29 24 39 28 45 42 43 41 34 33 4
0 2 1 6 24 3 4 8 7 17 11 23 20 13 9 12 10 14 29 19 18 5 25 15 16 31 21 22 26 27 30 2
40 10 3 34 46 48 38 2 22 9 27 0 18 26 8 35 15 31 4 16 21 42 36 12 24 47 43 29 1 20 19 11 7 25 23 6 5 17 37 33 49 13 28 45 30 41 14 44 39 3
1 0 4 3 6 7 2 5
46 1 0 19 39 3 32 2 20 4 12 5 6 8 9 30 24 13 36 22 34 26 7 10 14 11 15 18 35 21 23 31 47 49 33 29 16 44 41 45 42 25 40 17 48 28 27 37 43 3
27 6 31 23 35 46 0 38 2 1 34 3 18 45 7 42 48 20 11 25 12 40 14 19 29 5 10 26 44 4 43 37 8 17 30 13 32 9 36 28 15 41 24 47 21 22 33 39 16 4
36 37 6 10 32 2 16 27 4 34 11 41 15 31 12 46 3 19 38 24 5 18 7 40 22 0 44 8 48 1 25 13 28 30 20 39 23 17 9 42 14 43 29 33 47 21 49 26 35 4
21 10 13 44 49 8 39 9 2 23 35 14 22 3 29 30 0 7 5 38 12 6 16 11 27 20 25 18 41 47 1 4 28 26 37 34 15 17 19 42 32 31 40 43 33 36 24 45 46 4
13 12 0 1 8 7 6 9 4 5 14 3 11 10 2 1
4 3 8 1 0 5 9 7 6 2
