9 4 8 3 0 5 2 7 1 6 29 11 18 17 10 13 15 12 14 19 16 41 44 40 43 47 42 46 45 48 20 28 25 22 26 23 24 21 27 31 30 37 34 32 49 38 39 33 36 3
27 17 37 41 20 13 3 10 24 0 4 45 44 25 5 8 1 2 42 26 6 19 28 29 36 12 35 33 21 16 30 43 34 9 31 32 22 7 40 15 38 48 47 39 11 46 18 14 49 2
44 0 1 39 5 2 4 8 13 37 10 42 3 6 9 11 7 48 12 30 14 49 20 16 17 36 26 34 27 43 19 18 22 47 15 31 38 23 25 40 28 21 33 35 29 41 24 45 32 4
30 22 14 9 20 47 7 40 5 36 0 3 15 11 43 6 1 8 12 45 35 42 13 17 44 16 2 26 33 37 10 21 41 18 24 49 4 46 34 28 23 38 39 27 25 29 31 48 32 1
2 0 4 3 1 5
21 19 2 6 15 5 1 10 20 8 0 22 11 26 7 4 3 13 23 14 18 16 12 24 17 27 9 28 25 2
2 0 1 6 4 3 9 8 7 5
32 27 0 1 8 22 7 10 21 3 20 2 5 30 13 17 18 41 46 23 15 40 26 37 33 28 42 49 36 11 38 45 9 14 48 19 31 6 12 25 16 29 43 4 35 39 34 44 47 2
12 11 10 9 1 2 0 5 3 4 16 27 26 25 15 14 13 24 23 19 18 17 20 21 22 6 8 7
6 32 40 47 34 0 13 19 2 10 16 20 4 43 25 7 5 17 12 27 8 22 21 31 26 9 1 14 44 18 35 41 15 29 45 30 23 11 38 39 28 33 48 36 49 46 3 37 42 2
9 8 0 15 23 39 47 32 16 24 25 26 27 28 29 1 2 3 4 5 14 13 12 11 10 6 7 40 31 30 46 45 44 43 42 41 34 33 38 37 36 35 20 17 18 19 22 2
23 11 33 1 20 2 5 7 29 39 6 26 3 18 48 43 9 34 16 4 45 8 38 12 15 28 30 47 37 27 41 17 35 32 19 13 0 14 22 31 10 44 21 25 40 24 49 36 46 4
4 0 26 27 2 1 25 28 3 5 29 30 6 7 32 31 8 9 33 34 10 11 35 36 12 13 37 38 16 14 39 40 15 17 41 42 18 19 43 44 20 48 47 21 45 46 22 23 49 2
22 4 3 1 27 2 5 10 13 15 17 35 0 8 7 11 12 6 14 16 9 19 18 25 30 20 31 43 46 40 44 21 28 26 24 38 29 36 32 34 45 23 37 39 41 33 42 47 48 4
40 39 38 37 10 13 18 21 26 29 34 42 45 44 43 46 47 33 32 31 30 0 1 2 3 4 5 6 7 8 9 12 11 14 15 16 17 19 20 25 24 23 22 28 27 35 36 4
12 13 1 7 16 11 8 3 15 0 10 5 6 14 2 18 17 19 4 9
0 1 2 3 4 5 6 7 8 9 10 11 12 13 14 15 16 17 18 19 20 21 22 23 24 25 26 27 28 29 30 31 32 33 34 35 36 37 38 39 40 41 42 43 44 46 45 47 48 4
16 17 1 26 40 8 45 0 12 23 28 6 3 24 2 49 21 13 11 34 5 33 39 7 42 4 19 18 25 38 48 43 44 37 35 36 14 15 22 9 20 27 30 46 31 41 32 47 10 2
44 18 41 19 3 17 4 0 1 6 9 49 2 13 5 7 21 38 32 20 23 46 14 12 24 11 47 42 10 15 36 16 45 26 22 35 25 27 48 28 31 33 34 39 37 43 29 30 40 8
23 9 2 16 15 22 6 35 19 14 45 21 33 25 10 0 40 3 42 41 44 5 13 27 7 32 47 1 17 49 24 36 38 37 31 4 30 18 20 29 12 34 39 48 8 11 26 28 46 4
6 0 1 2 3 4 5 7 8 9
38 20 13 31 1 25 19 37 43 7 9 2 4 3 5 8 10 11 41 23 29 44 14 32 30 12 42 6 36 18 24 0 17 35 21 39 26 40 22 15 33 46 16 34 47 27 28 4
39 37 14 7 13 36 1 30 0 38 28 18 35 19 42 20 9 34 49 15 17 26 12 10 40 4 21 33 22 47 32 2 5 8 3 16 31 29 27 11 6 45 41 25 44 43 24 46 23 4
44 41 40 45 46 0 1 4 5 2 3 6 7 8 9 12 13 10 11 14 15 16 17 20 21 18 19 22 23 24 25 28 29 26 27 31 30 32 33 36 37 34 38 39 35 42 47 4
13 10 1 47 7 5 42 20 3 22 9 12 2 45 0 18 8 36 16 19 46 38 4 21 49 39 6 17 34 32 11 41 25 27 15 29 26 24 14 33 44 48 23 30 28 31 43 35 37 4
15 8 5 1 10 13 19 0 2 25 22 9 17 24 14 11 16 21 4 20 12 3 18 6 23 7
1 9 13 5 8 3 15 6 14 4 0 7 2 11 10 1
5 3 8 7 0 1 6 2 14 15 16 17 19 18 10 11 9 12 13 4
24 0 47 2 12 35 39 15 5 25 49 13 17 33 28 6 16 38 43 1 4 40 26 21 7 27 31 10 36 3 45 18 11 30 42 9 41 44 14 37 29 22 23 34 8 20 46 48 19 3
23 39 5 6 4 20 43 46 14 34 0 10 1 29 18 3 7 44 21 12 9 40 16 45 17 8 11 30 22 37 15 13 24 31 35 41 25 36 19 33 28 48 26 49 42 32 27 38 2 4
6 0 1 4 3 5 7 2 11 14 13 18 19 22 20 27 21 8 9 12 10 17 15 16 23 24 26 25 28 29 32 30 37 31 34 33 38 39 35 36 41 49 43 46 45 47 42 48 44 4
25 29 10 8 5 40 42 22 17 9 6 44 20 15 7 1 4 0 12 30 16 14 39 37 47 24 13 36 35 27 31 11 49 38 48 41 3 45 32 18 2 34 46 19 33 21 43 23 28 2
5 9 4 6 3 0 8 7 1 2
41 18 20 0 1 27 8 9 5 6 7 2 15 10 23 11 40 16 32 17 19 13 36 31 33 37 12 46 39 45 44 48 30 34 3 14 43 4 22 26 21 24 28 29 25 38 35 42 49 4
2 0 3 4 1 5
2 1 12 11 0 15 14 3 7 8 6 5 9 10 4 1
0 1 2 3 4 5 6 7 8 9 10 11 12 13 14 15 16 17 18 19 20 21 22 23 24 25 26 27 28 29 30 31 32 33 34 35 36 37 38 39 40 41 42 43 44 46 45 47 48 4
25 8 20 39 3 36 4 17 24 35 19 1 37 6 0 9 13 43 18 26 31 47 7 5 32 12 28 27 23 2 42 45 21 10 15 14 44 34 11 40 46 38 41 16 29 22 30 48 49 3
26 3 7 25 1 0 27 2 29 4 5 28 8 9 30 6 31 12 13 33 14 32 15 34 16 39 18 41 19 35 36 17 37 40 10 38 43 11 42 44 20 45 21 22 46 23 47 48 24 4
9 21 14 0 3 1 5 8 11 2 4 13 6 15 7 20 10 12 17 18 16 1
32 46 2 3 6 30 37 5 38 13 9 16 43 45 41 0 18 22 11 19 12 8 40 4 47 21 27 1 24 39 20 31 34 44 10 28 33 7 35 25 49 17 15 14 36 23 26 42 48 2
41 40 0 1 38 30 9 2 43 42 8 3 49 44 14 10 33 31 15 11 25 20 21 26 22 23 27 24 28 29 4 5 32 34 6 7 35 36 12 37 39 13 16 47 17 18 48 45 19 4
26 3 2 1 0 7 6 5 4 8 22 24 16 23 13 17 21 33 42 29 32 19 12 14 18 9 38 20 10 37 25 11 15 30 34 41 39 46 27 43 36 28 47 45 31 35 44 4
49 3 23 30 5 4 10 0 8 35 16 15 1 11 9 12 45 25 2 6 41 22 42 33 24 21 17 43 19 28 14 32 13 39 47 48 44 18 20 31 29 7 38 36 27 34 26 46 40 3
38 49 24 13 25 0 3 26 1 2 27 4 29 47 5 6 43 23 21 28 40 7 8 33 32 9 10 45 11 17 48 12 37 31 16 41 30 14 34 35 15 36 18 46 19 20 39 42 22 4
18 0 25 1 2 26 3 4 27 5 6 28 7 8 29 9 10 30 11 12 31 32 13 33 34 14 35 36 15 37 38 16 39 40 17 41 42 19 43 44 20 45 21 22 46 23 47 48 24 4
1 0 2 3
13 19 37 5 21 26 23 3 25 1 46 41 0 4 27 32 2 6 33 30 7 11 43 16 15 29 14 31 35 8 42 17 44 36 20 28 34 9 38 47 10 45 12 24 48 18 39 49 22 4
2 12 5 48 22 6 39 0 4 49 9 44 16 8 7 47 10 1 14 20 13 18 37 30 28 19 31 3 15 36 33 29 17 11 46 41 42 25 23 32 21 24 27 35 38 26 45 40 43 3
14 0 2 4 12 13 1 23 39 41 5 37 3 26 7 21 32 34 28 48 38 9 40 20 36 30 35 8 27 15 31 47 6 17 10 11 43 18 16 29 22 24 19 33 44 49 42 25 46 4
37 36 35 34 0 1 3 2 47 46 6 5 4 7 8 9 10 12 11 13 14 15 16 18 17 19 20 21 22 24 23 25 26 27 28 30 29 31 32 33 39 38 40 41 42 43 45 4
6 7 0 1 4 5 16 18 13 12 10 11 14 2 3 28 29 19 17 31 30 8 9 15 27 24 22 26 23 21 25 2
36 1 8 2 16 12 5 32 6 28 7 4 13 30 48 15 14 17 44 29 0 25 31 39 3 42 46 26 23 21 38 9 27 11 49 47 22 10 40 35 34 19 20 41 18 33 37 43 24 4
34 9 26 2 1 43 29 5 6 47 38 4 0 10 8 28 13 39 27 36 25 30 24 3 16 12 14 11 18 15 19 49 46 23 40 20 22 42 32 48 44 31 17 33 35 7 21 45 37 4
33 8 28 11 2 0 36 27 22 7 30 39 32 20 10 5 14 6 21 1 35 34 23 26 19 37 4 25 13 31 12 16 24 9 18 29 3 38 15 1
8 24 36 46 1 6 16 3 32 20 31 49 35 26 5 0 42 40 4 48 18 13 7 10 23 9 2 27 25 45 17 14 21 19 22 30 34 11 15 47 33 37 39 29 12 38 28 41 43 4
38 39 40 36 35 31 32 28 27 23 24 20 19 15 16 12 11 7 8 4 3 2 1 0 6 5 10 18 13 21 26 34 29 37 42 41 49 9 14 25 22 17 30 33 47 43 44 45 46 4
34 13 15 0 26 1 49 2 22 5 4 3 11 12 6 27 43 28 47 45 36 19 18 25 39 32 24 35 23 10 7 16 38 41 42 17 8 9 44 14 48 30 33 20 46 37 31 29 40 2
8 42 0 3 44 48 9 5 6 43 33 7 21 10 2 19 37 46 25 17 4 16 34 47 11 24 23 28 1 30 12 22 36 31 39 20 15 49 32 13 41 35 38 27 26 18 14 45 29 4
23 3 21 13 12 33 32 10 9 2 6 7 8 11 29 1 0 15 14 16 18 43 42 40 19 5 4 20 25 24 35 39 38 34 30 22 49 48 47 26 27 28 17 37 36 41 31 45 46 4
38 10 21 43 49 1 46 48 9 37 11 31 23 0 26 3 32 5 14 42 45 12 7 17 44 47 40 2 19 4 24 13 34 15 18 6 28 25 35 41 16 8 27 39 36 29 30 33 20 2
26 0 1 2 3 4 5 6 7 8 9 10 11 12 13 14 15 16 17 18 19 20 21 22 23 24 25 27 28 29 30 31 32 33 34 35 36 37 38 39 40 41 42 43 44 46 45 47 48 4
24 34 1 11 8 22 35 43 41 6 47 2 31 49 38 4 30 9 15 48 44 36 20 39 19 0 5 3 28 7 46 10 42 40 29 26 23 33 12 13 17 18 25 27 14 37 32 45 16 2
28 2 12 6 49 4 13 18 1 0 3 5 42 9 8 37 10 33 11 35 46 31 47 15 19 7 16 43 17 27 39 14 20 21 38 29 40 26 24 22 41 23 48 25 30 32 44 36 34 4
26 2 0 8 35 3 46 7 4 14 20 25 5 34 1 18 19 12 36 9 21 43 44 38 39 24 15 23 10 33 11 22 31 27 29 28 6 16 48 17 32 47 41 13 42 30 37 40 45 4
19 18 4 21 15 48 36 47 39 20 12 17 0 2 24 30 28 11 40 32 46 38 9 29 5 35 1 8 16 3 14 43 7 25 22 10 45 27 6 34 31 37 33 42 13 26 41 23 49 4
0 1 3 2 4 5 6 7 8 9 10 11 13 12 14 15 16 17 18 19 20 47 48 21 22 23 24 25 26 27 28 29 30 31 32 33 34 36 35 37 38 39 40 44 43 45 46 42 41 4
7 0 2 1 3 4 5 6 8 9 10 11 12 14 13 15 18 16 19 22 17 20 23 2
4 3 1 5 6 2 0 7
17 31 4 9 26 49 6 7 37 12 22 36 5 2 30 0 47 21 20 27 8 13 40 19 48 14 28 32 15 43 46 1 29 38 10 25 33 11 34 41 18 39 3 23 45 24 42 35 16 4
9 8 12 11 15 14 13 21 26 34 5 10 18 29 37 42 41 40 44 43 47 46 45 2 1 0 4 3 7 6 17 16 20 19 23 22 25 24 28 27 30 31 32 36 35 39 38 3
45 38 35 32 29 26 19 17 14 11 4 1 0 3 2 5 6 7 8 9 10 12 13 15 16 18 20 21 22 23 24 25 27 28 30 31 33 36 34 37 39 40 42 41 43 44 46 47 49 4
39 12 19 25 23 5 14 4 20 2 33 8 11 13 28 9 30 15 38 41 40 18 6 7 10 3 45 43 0 1 21 17 16 31 49 46 26 48 22 29 34 35 27 44 42 24 32 36 47 3
22 4 1 0 49 2 26 36 3 15 8 24 35 37 34 12 16 21 5 46 41 6 10 27 31 28 9 30 23 32 29 45 48 11 17 33 38 47 7 20 19 18 14 13 43 40 44 25 42 3
32 1 6 0 2 3 12 19 27 23 36 20 21 11 35 34 22 7 8 28 16 18 41 4 31 46 15 9 40 43 42 44 14 47 39 25 29 13 33 17 10 30 37 38 45 5 26 2
5 27 44 19 0 32 2 18 43 6 3 4 41 15 1 8 33 36 26 28 40 49 22 10 34 7 11 39 30 12 45 37 13 38 9 23 46 21 24 14 16 20 25 29 31 48 42 35 17 4
39 1 49 21 7 11 0 18 14 8 4 28 27 6 9 41 43 35 30 47 31 15 13 19 44 26 10 5 17 22 23 20 25 12 34 46 40 29 45 2 3 16 33 24 48 37 42 32 38 3
37 42 6 35 10 48 9 4 0 30 23 25 29 36 20 15 12 17 16 13 28 7 2 5 3 1 8 34 21 31 45 44 22 46 18 24 27 14 33 32 43 11 47 40 19 26 38 39 49 4
28 21 14 7 0 1 2 3 4 5 6 11 13 18 16 9 12 19 17 8 15 10 20 25 22 24 27 29 26 2
24 29 26 14 6 3 8 10 41 4 40 44 25 49 1 2 39 17 47 5 12 36 38 35 9 19 43 13 20 33 15 11 42 45 46 28 22 16 32 34 0 37 18 23 7 48 27 21 31 3
36 27 15 32 48 29 0 5 12 4 2 3 6 17 18 46 28 20 22 25 9 13 16 30 31 1 8 19 34 49 10 33 7 26 42 11 14 41 23 21 37 43 44 38 35 39 45 47 24 4
0 1 2 3
28 27 26 24 23 22 31 30 29 32 3 2 0 4 5 6 8 9 10 1 7 11 12 14 15 16 13 17 18 19 34 33 37 36 21 20 40 39 38 47 45 44 35 41 42 43 46 2
5 2 14 15 6 0 10 11 9 18 12 7 1 13 3 4 16 17 8 1
22 14 0 1 15 16 2 3 17 18 4 5 19 20 6 7 21 8 9 23 24 10 25 26 11 12 27 1
16 14 32 1 46 11 43 48 8 33 4 10 27 28 17 45 13 35 7 37 5 49 3 42 12 29 0 25 23 20 47 31 19 34 9 15 22 24 2 18 30 40 26 36 39 44 21 38 6 4
13 30 44 38 20 24 5 49 10 0 22 40 12 35 16 21 4 33 47 37 2 8 26 15 31 11 7 1 3 19 9 18 17 36 29 14 34 42 25 43 39 27 23 6 46 28 32 48 41 4
3 0 9 7 4 6 5 8 1 2
31 0 6 2 3 35 1 10 37 7 27 46 26 5 29 25 4 9 16 13 18 49 48 40 12 8 41 15 34 11 17 28 14 22 21 23 43 32 30 33 19 36 45 20 38 47 24 42 39 4
23 15 19 5 45 4 27 11 35 47 41 3 1 6 28 25 18 0 8 2 49 29 10 12 20 30 13 16 9 21 17 34 43 22 7 42 14 24 33 26 31 37 38 36 32 40 48 46 39 4
22 18 14 12 11 6 2 5 19 23 24 25 7 9 15 13 21 20 3 4 8 10 27 26 30 31 0 1 32 33 29 28 34 35 36 38 42 41 37 47 44 39 43 45 16 17 46 4
45 31 5 24 41 0 47 9 10 8 32 17 11 38 3 13 15 35 6 26 28 1 12 7 29 40 14 16 22 30 48 2 42 19 33 4 21 49 25 20 39 43 27 36 46 18 44 34 23 3
1 0 2 3 5 4
36 0 1 2 3 4 5 6 7 8 9 10 11 12 13 14 15 16 17 18 19 20 21 22 24 23 49 48 31 30 27 26 41 40 25 43 42 28 45 44 29 47 46 37 38 39 32 34 33 3
5 18 44 2 16 4 0 19 21 3 6 32 14 11 36 9 39 7 30 17 13 24 10 35 15 1 41 33 8 34 20 23 25 12 37 40 22 26 31 27 45 43 42 29 28 3
