16 15 13 2 4 5 0 6 7 1 8 17 10 9 3 11 14 1
19 28 6 14 45 2 47 1 18 27 36 30 13 48 21 10 44 0 7 11 41 4 8 31 29 34 15 22 23 3 33 26 5 35 37 49 9 38 12 20 42 24 39 17 25 40 32 43 46 1
10 2 1 0 4 5 3 7 6 38 14 15 11 12 41 17 36 16 44 23 24 8 30 13 18 19 20 9 22 25 32 26 37 35 39 33 34 21 42 27 45 48 47 49 31 40 28 29 46 4
45 1 0 46 47 23 22 24 25 21 20 26 27 19 18 28 29 2 3 43 42 4 5 41 40 6 7 39 38 8 9 37 36 10 11 35 34 12 13 30 31 15 33 32 14 16 44 1
48 0 30 14 4 3 37 26 19 46 13 25 20 22 41 28 1 15 34 2 27 35 6 9 10 7 8 44 5 16 17 11 24 21 47 29 42 32 43 36 38 12 31 39 18 23 45 33 40 4
35 45 30 4 47 0 5 6 20 1 11 7 36 2 9 14 3 8 17 16 13 10 21 22 12 15 23 24 25 18 48 29 19 27 38 37 28 31 41 34 32 46 40 49 42 43 26 33 39 4
4 0 5 1 3 2
19 35 4 1 0 42 27 3 32 31 12 5 46 38 7 49 8 21 25 26 11 43 28 45 13 34 23 15 37 29 10 2 6 22 48 47 17 14 9 41 30 39 36 44 16 40 18 24 20 3
1 0 6 2 5 3 4 7
23 22 21 20 19 18 1 0 45 44 43 42 41 40 39 38 2 3 4 5 6 7 8 10 9 11 12 13 14 15 16 17 26 27 28 29 30 31 32 34 33 35 36 37 47 48 24 25 49 4
12 6 29 1 16 20 7 14 10 19 4 3 5 8 9 21 28 25 15 18 2 11 0 17 35 22 23 24 13 30 27 33 34 32 31 2
17 0 6 37 44 7 31 24 3 13 19 2 28 35 1 15 8 41 21 16 9 22 46 38 42 5 34 23 32 14 39 12 10 11 4 45 33 43 40 47 36 18 30 26 27 20 29 2
18 37 14 23 22 32 5 40 0 6 39 48 4 7 36 13 2 1 43 27 12 8 10 41 19 33 15 11 35 17 3 16 29 25 9 34 38 20 26 30 21 49 42 45 28 47 46 31 24 4
15 16 5 6 13 12 0 1 17 3 2 9 8 7 10 11 4 1
25 0 2 3 8 1 5 4 9 6 12 7 11 14 10 13 15 16 21 20 18 28 19 22 23 32 17 24 26 27 29 30 33 34 36 35 39 31 40 41 37 43 38 44 45 46 42 47 48 4
23 30 0 3 6 8 1 36 11 20 24 4 35 14 2 19 7 28 17 41 45 26 37 12 16 31 27 13 40 34 39 32 49 44 5 9 25 29 10 43 33 15 18 42 21 22 48 46 47 3
7 2 38 3 21 41 48 0 27 44 23 5 39 33 19 25 20 10 37 11 28 35 4 29 14 36 16 22 42 13 43 31 12 49 6 1 46 40 8 30 47 9 32 34 18 26 15 17 45 2
44 5 45 36 13 2 11 10 20 4 8 16 6 18 9 43 23 35 41 34 28 39 0 32 3 27 19 17 38 37 1 30 33 42 40 15 31 7 14 26 21 22 29 12 24 2
37 9 10 36 1 22 32 6 0 35 3 21 12 29 7 16 11 17 45 43 13 5 19 27 14 41 34 4 33 31 8 18 20 28 44 15 38 2 40 30 26 23 24 39 42 2
29 10 31 33 17 4 3 14 23 21 15 12 20 39 42 46 40 5 32 2 1 36 35 0 34 44 27 24 8 6 25 26 9 22 13 43 19 11 7 18 30 16 28 47 38 41 48 37 45 4
45 30 26 15 19 17 9 4 23 38 10 13 25 31 7 3 1 11 2 32 40 8 18 5 6 0 12 39 20 16 14 24 33 29 27 35 37 41 43 48 47 44 36 46 28 49 21 22 42 3
15 2 7 10 18 8 25 23 6 0 3 16 4 1 14 5 22 21 20 11 12 13 19 17 9 2
20 8 0 15 11 2 26 7 4 1 14 12 25 5 3 29 18 6 21 16 27 19 28 17 10 13 23 24 22 9
1 2 0 11 9 10 20 19 18 28 29 27 38 36 37 4 5 3 14 12 13 23 22 32 21 31 30 40 41 39 42 43 33 34 35 24 26 15 16 6 17 7 8 2
49 7 35 31 1 21 25 0 33 28 2 4 39 42 3 14 8 20 44 5 40 27 11 6 12 48 9 24 16 13 23 10 29 30 17 45 15 18 19 36 38 37 22 47 26 43 46 32 34 4
12 32 2 43 28 4 41 3 1 14 9 13 6 35 5 10 11 22 38 17 18 15 42 24 20 19 26 46 0 7 47 33 27 45 29 39 21 8 34 30 40 36 23 16 25 37 49 48 44 3
12 18 0 14 24 5 3 1 9 2 21 4 11 48 28 6 19 7 43 40 10 22 23 15 49 44 26 8 16 38 13 27 32 29 41 17 25 30 37 35 36 45 20 34 31 33 46 42 47 3
47 48 46 12 9 11 41 44 43 35 20 0 18 42 2 37 13 22 5 4 39 34 49 27 14 17 6 28 25 3 1 7 33 23 8 15 29 10 26 19 21 38 30 40 32 45 24 16 36 3
32 2 48 47 44 1 0 5 38 11 4 22 3 9 10 6 7 8 12 13 14 17 18 19 20 16 15 29 25 24 23 21 28 27 26 41 40 39 33 34 35 31 30 42 43 36 37 45 46 4
14 1 7 23 9 17 6 22 0 43 4 49 26 2 42 20 5 30 10 13 19 31 35 29 3 15 46 11 8 33 12 37 18 48 21 27 32 34 16 44 38 24 39 28 25 45 40 36 41 4
21 5 38 16 1 4 12 22 6 0 15 33 17 27 18 42 2 19 31 35 13 45 30 24 25 28 23 20 34 3 43 29 8 14 32 39 9 40 10 7 37 47 44 41 36 26 46 1
3 2 1 0 7 9 10 11 12 8 4 16 20 24 28 32 40 44 36 35 34 33 37 38 39 5 6 42 41 45 46 47 27 26 25 29 30 19 18 17 21 22 13 14 15 23 31 4
16 3 28 31 15 30 1 25 0 22 19 11 10 6 8 12 9 23 29 18 20 4 7 21 13 5 26 2 27 17 14 2
49 47 23 1 25 26 7 0 27 28 2 3 29 30 24 19 31 32 22 18 33 34 21 4 35 36 11 5 39 37 20 6 41 42 17 14 43 44 9 10 38 12 13 40 8 15 45 48 16 4
9 0 2 4 3 6 1 7 8 5 10 15 12 11 13 1
14 8 13 0 1 9 21 16 20 18 15 10 6 2 19 4 3 12 17 7 23 11 24 5 25 2
5 3 42 24 11 9 38 36 29 31 16 0 1 18 26 45 48 21 4 47 2 28 13 35 10 39 27 8 12 37 7 6 46 41 40 30 17 15 32 19 22 49 14 25 44 34 33 43 20 2
3 5 0 2 4 1
39 40 38 17 7 6 0 1 2 3 4 5 12 10 31 15 20 47 9 8 35 11 42 13 29 14 32 43 26 36 49 21 48 18 24 16 44 22 41 45 33 30 34 37 19 28 27 25 23 4
11 10 9 21 20 16 17 29 28 24 25 37 36 32 33 45 44 40 41 5 4 0 1 13 12 8 7 14 2 3 23 30 26 27 15 22 18 19 31 35 34 6 47 39 46 38 42 4
3 1 21 5 16 14 40 0 22 33 41 27 49 43 7 46 2 34 11 39 26 30 48 17 15 6 13 36 8 23 10 47 4 18 29 9 37 35 20 28 38 24 32 44 19 31 12 45 25 4
29 28 21 2 1 25 3 18 26 4 0 15 7 30 6 5 41 37 17 39 8 9 48 35 11 34 45 12 10 23 20 14 43 47 16 32 40 31 44 38 22 42 36 24 19 46 13 27 49 3
9 6 3 4 0 7 2 26 36 22 5 1 40 31 27 30 39 12 23 44 14 35 34 45 49 8 15 18 10 25 29 37 16 33 17 24 43 46 28 38 48 13 47 21 20 11 32 41 19 4
36 27 44 9 32 45 42 2 10 5 0 6 33 13 37 20 43 4 14 41 3 12 47 24 46 39 21 30 17 11 38 8 7 49 1 16 28 26 34 23 31 35 19 15 18 29 40 25 48 2
20 19 12 48 43 24 3 4 40 1 36 25 6 17 10 18 42 8 47 5 11 41 7 31 2 32 26 34 22 13 0 9 23 49 45 29 15 39 44 21 16 30 38 33 46 35 14 27 37 2
19 18 1 38 45 7 2 14 33 4 29 23 35 5 20 17 47 6 32 13 11 10 0 37 41 9 15 21 48 42 30 8 16 26 22 39 40 25 49 36 34 43 3 46 24 12 44 31 27 2
24 1 22 6 40 48 36 19 41 29 0 2 23 17 16 9 28 11 5 35 18 33 10 3 15 14 8 31 12 44 26 49 25 21 7 30 13 47 20 46 34 27 45 39 37 42 43 38 4 3
44 35 15 2 41 3 29 1 43 49 39 48 47 8 37 0 10 4 11 5 32 18 26 13 7 21 9 23 12 14 40 20 46 25 16 36 33 17 34 19 38 27 24 22 45 31 42 30 6 2
16 34 21 19 40 25 8 13 0 5 9 49 2 37 47 45 36 7 1 42 39 27 32 14 6 3 17 20 10 28 22 43 33 4 23 31 29 11 35 12 48 30 44 38 15 46 41 24 26 1
40 0 1 16 42 6 38 2 3 9 47 4 18 17 32 30 41 46 35 5 45 21 48 22 20 34 33 10 7 26 29 8 11 12 25 14 13 15 19 23 31 27 28 37 43 39 49 24 44 3
25 24 28 27 31 30 29 5 10 18 13 21 26 34 42 37 45 46 47 43 44 40 39 35 36 32 33 41 0 4 3 7 6 38 1 2 11 15 14 12 8 9 17 16 20 19 23 2
26 41 6 7 13 30 22 29 36 3 9 16 38 21 4 23 33 18 20 5 10 1 17 11 2 0 44 45 34 19 14 35 8 25 12 31 28 43 15 37 47 32 48 49 24 42 46 27 40 3
26 0 49 1 2 25 3 48 4 5 27 6 47 7 46 8 45 9 10 28 11 12 29 13 14 30 15 31 16 32 33 17 34 35 18 36 37 19 38 39 20 40 21 22 41 23 42 43 24 4
48 46 14 13 25 27 5 12 31 26 1 3 28 34 7 0 41 35 22 6 33 29 17 4 32 38 20 2 39 30 10 23 44 37 8 11 36 47 15 16 40 24 19 42 9 18 45 43 21 4
36 25 22 9 0 27 16 4 7 14 1 15 46 21 10 11 8 12 45 13 30 33 2 19 34 44 17 39 6 3 40 20 31 23 42 5 18 24 35 49 26 29 38 43 28 48 41 37 32 4
2 0 1 18 9 15 6 4 11 13 8 19 5 7 17 16 10 3 12 1
12 0 25 1 2 26 3 4 27 5 6 28 7 8 29 9 10 30 15 43 20 42 18 31 32 14 34 35 11 44 33 13 36 37 16 49 47 19 38 39 17 40 21 22 41 24 45 46 23 4
19 3 38 12 45 2 27 6 5 34 17 9 28 18 1 0 47 22 23 37 30 33 7 26 24 43 36 15 16 41 4 11 31 42 46 40 44 25 13 49 8 39 10 29 48 14 21 20 35 3
49 25 0 1 26 27 2 3 28 29 4 5 30 31 6 7 32 33 8 9 34 35 10 11 36 37 12 13 38 39 14 15 40 41 16 17 42 43 18 19 44 20 21 45 22 23 46 47 24 4
3 1 6 12 17 24 27 28 23 4 8 15 18 22 32 33 36 41 10 19 2 38 20 25 35 37 45 47 44 40 43 46 5 29 21 26 31 39 14 0 7 11 9 13 30 42 16 48 49 3
3 2 0 7 6 9 12 13 4 5 11 1 10 8
0 4 5 1 2 6 3 7
46 47 0 1 23 24 25 3 2 10 11 12 13 15 14 16 17 18 19 4 5 6 7 9 8 27 26 28 29 30 31 21 20 22 32 33 34 36 35 37 38 39 42 43 41 40 44 4
22 21 10 9 8 12 11 15 16 20 19 23 0 4 3 7 6 5 17 1 2 13 14 1
7 23 28 2 11 16 1 0 18 31 27 46 9 44 38 42 35 3 22 48 5 32 14 12 26 4 15 10 6 8 47 43 40 39 41 19 20 37 24 17 13 29 25 49 21 36 33 30 45 3
26 23 8 0 1 34 18 44 49 11 20 24 4 6 12 15 39 7 16 21 5 3 29 36 10 2 22 19 43 30 47 31 25 41 13 40 28 46 9 45 35 48 32 37 33 17 27 14 38 4
7 0 2 4 9 1 3 5 11 6 10 12 14 8 13 1
2 18 16 11 33 29 19 28 10 17 27 9 3 34 13 4 12 21 35 36 26 24 5 0 1 7 6 32 25 39 30 37 23 38 31 8 20 22 14 1
45 46 40 49 1 3 8 12 4 0 2 25 15 38 35 6 5 48 10 44 24 13 11 14 9 43 16 19 7 31 26 42 18 17 37 20 33 32 21 36 23 28 22 29 30 41 34 27 47 3
36 4 2 3 12 40 10 16 48 13 0 46 34 41 6 15 9 17 30 7 14 39 19 45 18 44 25 20 1 5 8 11 21 37 31 33 26 24 38 29 23 42 47 22 32 43 27 28 49 3
30 3 32 42 2 26 6 11 7 37 12 8 13 14 43 16 17 29 4 0 21 49 31 39 22 44 5 25 19 9 1 40 20 24 28 15 36 18 34 10 48 27 41 33 46 23 45 47 35 3
31 30 1 0 28 3 2 41 43 42 33 34 35 49 6 7 5 4 14 8 10 9 11 12 13 16 21 20 48 15 39 38 29 25 26 17 18 19 23 37 36 44 24 32 47 46 45 27 22 4
11 18 26 8 0 14 5 3 29 2 33 32 23 30 1 12 17 27 16 31 4 15 10 20 9 21 6 7 25 22 28 19 24 1
25 0 7 1 10 3 8 47 33 38 40 39 6 24 17 48 13 44 18 27 2 41 29 28 5 31 4 20 9 22 12 37 43 26 42 11 21 14 34 15 23 30 32 49 16 36 35 45 46 1
8 33 18 10 29 38 49 22 5 21 0 28 39 7 36 1 26 16 17 40 24 42 2 47 3 23 6 43 4 11 45 12 9 32 19 14 27 13 25 15 30 31 37 20 48 41 34 35 44 4
30 1 23 7 16 3 26 17 12 39 4 11 37 10 6 38 18 5 2 34 8 0 31 19 21 13 28 15 35 20 9 14 24 33 27 29 32 36 25 2
9 0 1 2 3 4 15 5 6 22 7 8 18 11 19 20 16 13 10 12 17 21 14 2
42 37 45 26 5 10 18 13 21 34 29 30 31 27 28 24 23 19 20 16 17 2 1 0 4 3 7 6 9 8 12 11 15 14 25 48 49 22 33 32 36 35 38 39 40 44 43 47 46 4
46 45 41 42 43 0 1 2 3 4 8 12 16 20 24 28 32 36 40 44 35 34 33 37 38 25 26 27 19 18 17 21 22 23 11 10 9 13 14 15 6 5 7 30 29 39 31 4
20 0 44 16 4 39 26 41 2 5 35 9 1 40 7 11 19 15 3 14 38 8 21 48 30 34 28 37 23 45 27 42 18 25 13 32 6 49 46 17 24 29 31 12 47 43 10 33 36 2
4 3 5 1 2 0
27 40 11 16 43 39 34 22 18 9 13 29 21 26 37 42 45 46 28 1 32 4 3 7 6 0 33 24 2 12 31 30 41 10 17 15 47 23 8 35 25 44 38 36 5 14 20 1
5 0 1 8 2 6 3 4 7 9
4 0 1 3 2 5
44 43 42 41 40 39 38 37 36 35 34 33 32 31 30 29 28 27 26 25 24 23 22 21 20 19 18 17 16 15 14 13 12 11 10 9 8 7 6 5 4 3 2 1 0 46 45 47 48 4
39 30 17 44 42 1 40 26 4 46 2 20 16 8 5 24 15 23 9 3 37 35 22 12 11 41 47 38 18 43 29 19 6 14 25 33 13 7 31 48 0 10 34 32 27 21 49 28 45 3
49 46 25 18 15 8 1 3 0 2 4 5 6 7 9 10 11 12 13 14 16 17 19 20 21 22 23 24 26 27 28 29 30 31 32 34 33 35 37 38 36 41 39 40 44 42 45 47 43 4
8 1 2 6 7 43 42 46 47 35 34 38 39 27 26 30 31 19 18 22 23 11 10 14 15 3 4 5 13 12 0 41 9 16 20 21 25 29 28 24 17 33 40 36 37 45 44 3
24 27 0 6 15 2 4 14 26 1 5 16 8 7 17 22 3 19 23 10 11 21 12 9 18 25 13 2
14 1 0 2 3 4 5 6 7 8 9 10 11 12 13 49 16 17 18 15 48 19 20 21 22 23 24 25 26 27 28 29 30 31 32 33 34 35 36 37 38 39 40 41 42 44 45 43 46 4
26 11 2 39 29 12 1 42 18 3 5 14 4 27 0 23 20 41 13 49 43 16 48 17 32 10 22 38 6 15 19 40 7 30 33 8 35 37 9 34 21 47 44 24 36 46 28 25 45 3
1 7 31 0 27 22 11 47 36 17 12 23 29 35 39 28 38 4 9 3 44 46 5 10 15 14 19 8 13 32 33 6 2 41 26 24 21 42 34 25 49 20 30 18 48 43 40 37 45 1
38 47 0 4 49 1 2 41 35 17 3 27 20 6 46 8 15 44 7 32 31 24 21 29 12 25 34 19 18 30 14 9 37 33 22 28 26 5 40 42 11 39 10 13 43 16 48 45 23 3
44 45 19 48 37 4 0 11 16 5 1 13 36 3 46 29 2 34 47 23 33 8 35 14 21 26 9 15 20 30 12 6 31 38 28 10 7 25 27 49 17 22 40 18 32 43 24 42 41 3
2 1 0 4 3 7 6 5 10 9 8 12 11 15 14 1
48 4 10 0 7 27 44 42 3 1 2 6 21 12 5 8 9 22 45 23 13 11 16 39 31 33 37 14 20 24 30 46 28 32 17 34 35 15 40 47 36 25 38 19 41 26 29 43 18 4
11 6 47 40 42 4 1 19 35 10 3 2 26 49 17 5 31 12 43 46 7 45 33 38 29 0 9 14 8 18 44 25 15 23 36 21 22 27 30 39 24 16 13 32 20 48 28 41 34 3
2 22 9 4 6 15 5 42 13 7 45 17 43 11 1 0 19 14 27 10 24 3 18 26 31 30 41 28 12 34 49 20 29 32 8 23 16 39 35 21 33 47 37 46 38 40 36 25 48 4
0 9 1 5 6 7 8 3 2 4
16 15 0 1 2 3 4 5 6 19 18 9 10 11 12 13 14 8 7 1
