17 27 44 16 25 0 26 1 28 2 49 19 29 7 30 3 42 23 35 10 36 15 40 6 38 4 31 12 46 8 41 5 47 9 32 13 33 11 45 18 34 14 37 22 48 20 39 24 43 2
0 1 2 3 4 5 6 9 8 21 22 11 7 12 13 15 16 17 18 20 19 24 23 39 38 43 10 25 14 26 27 28 29 30 34 33 32 31 35 46 36 40 41 42 37 44 47 48 49 4
7 32 28 1 2 3 14 16 38 0 33 34 9 39 37 6 11 27 13 26 31 10 22 21 35 4 25 5 15 17 30 8 18 12 19 23 20 24 29 3
25 0 2 1 4 3 6 5 8 7 10 9 12 11 14 13 16 15 18 17 20 19 22 21 24 23 26 27 28 29 30 31 32 33 34 35 36 37 38 39 40 41 42 43 44 45 46 47 48 4
31 23 40 13 20 3 4 47 44 17 14 11 1 18 45 25 28 21 6 0 37 48 5 41 8 10 9 16 32 38 34 24 35 7 15 26 19 12 49 43 27 46 30 36 33 2 42 39 29 2
32 9 3 2 11 24 23 28 25 4 19 6 31 15 1 17 10 12 27 44 46 42 22 36 38 40 7 0 41 5 26 8 20 29 18 37 33 30 21 13 43 16 35 49 48 14 45 39 47 3
6 9 1 2 8 0 5 3 4 7
7 0 2 1 49 4 3 5 6 8 29 30 31 32 25 26 27 12 13 14 15 10 9 16 11 28 17 18 19 20 21 22 23 36 37 38 39 40 33 34 35 48 41 42 43 44 45 46 47 2
10 48 30 35 45 28 26 1 19 3 17 20 14 29 13 46 2 5 33 22 8 6 39 27 37 31 0 7 40 9 23 16 34 49 4 25 36 24 47 43 15 38 21 44 32 18 41 12 42 1
47 46 45 10 5 18 13 26 21 34 29 42 37 2 1 0 4 3 6 7 9 8 12 11 14 15 17 16 20 19 22 23 25 24 28 27 30 31 33 32 36 35 38 39 41 40 44 4
9 2 0 5 4 7 12 17 1 8 3 10 14 11 6 16 15 1
10 3 16 2 8 9 25 4 20 19 1 24 26 27 0 12 13 7 15 18 5 11 17 23 21 14 22 6
33 26 12 17 22 31 4 35 18 39 34 3 2 21 0 23 38 11 28 25 32 19 8 27 30 9 6 5 20 13 14 1 24 37 10 29 16 15 36 7
4 3 43 31 20 30 22 36 5 25 41 33 12 0 24 1 44 2 46 38 9 23 6 29 42 16 8 7 19 13 14 37 27 34 45 10 17 11 40 26 28 39 47 21 35 32 49 15 48 1
1 2 9 0 20 10 23 5 17 30 12 46 3 40 14 39 26 16 29 4 34 13 15 47 24 44 37 7 19 21 11 49 41 42 6 48 36 8 43 32 22 35 28 18 38 45 25 33 27 3
11 0 2 1 4 3 6 5 8 7 10 9 12 13 14 15 16 17 18 19 20 21 22 23 24 25 26 27 28 29 30 31 32 33 34 35 36 37 38 39 40 41 42 43 44 45 46 47 48 4
6 25 27 10 26 0 49 21 40 22 47 15 43 7 37 20 46 23 44 11 28 2 29 17 30 14 38 12 35 9 31 8 32 1 42 19 39 4 33 3 34 5 48 13 36 18 45 24 41 1
24 28 36 6 40 1 27 3 39 9 32 13 25 19 41 7 46 4 30 15 26 14 45 0 29 11 42 20 35 12 34 2 37 17 47 16 44 21 33 5 38 8 43 10 31 22 48 23 49 1
30 1 11 0 3 2 5 4 7 22 9 6 13 10 15 12 17 8 19 18 21 14 23 16 25 20 27 26 29 24 33 42 49 48 31 28 35 32 37 34 39 36 41 38 43 40 45 44 47 4
24 40 0 27 20 28 16 43 5 45 11 30 22 47 4 39 10 46 2 31 3 25 12 49 18 33 9 37 14 26 17 34 6 29 15 36 13 32 7 38 21 41 8 44 1 48 23 35 19 4
48 2 16 33 39 29 15 7 26 35 4 8 23 20 24 31 25 3 47 17 27 6 10 44 28 34 36 0 13 9 40 1 30 5 11 41 42 19 18 12 43 21 37 32 38 46 49 14 45 2
29 0 1 2 3 4 5 6 7 8 9 10 11 12 13 14 15 16 17 18 19 20 21 22 23 24 25 26 27 2
48 42 39 40 45 41 46 1 5 49 0 2 8 3 7 4 6 10 15 11 9 12 18 14 16 13 17 20 25 21 19 22 28 23 27 24 26 30 35 31 29 32 38 33 37 34 36 44 47 4
11 8 18 15 29 20 5 9 2 3 30 4 42 1 40 6 7 36 21 10 0 13 46 26 41 16 37 47 14 17 35 45 25 19 12 39 24 27 28 49 22 23 32 43 31 33 44 38 48 3
1 4 5 0 3 2
33 35 17 49 4 37 5 12 32 47 18 26 8 0 43 7 11 13 25 38 1 21 31 29 28 19 6 36 14 42 22 44 41 30 23 10 46 2 34 3 15 39 9 24 48 40 20 16 27 4
33 0 2 12 5 47 15 17 23 36 6 3 25 4 10 35 16 1 30 20 46 11 9 19 21 26 14 13 7 39 34 27 18 29 8 31 44 28 45 37 49 38 40 32 22 48 24 42 41 4
26 7 17 15 1 2 28 0 11 23 20 18 6 3 4 8 13 5 25 9 12 24 19 21 31 16 10 14 29 22 27 3
38 2 22 9 27 12 36 0 44 39 26 18 31 4 10 3 5 37 17 1 20 29 43 15 47 6 8 35 25 30 14 41 21 42 7 11 13 49 33 16 32 23 19 24 45 28 40 34 46 4
0 4 5 1 6 3 7 2
48 0 30 2 20 4 12 40 6 5 14 10 27 29 9 8 18 7 49 47 3 32 1 22 36 13 17 43 38 21 23 19 39 15 26 11 37 24 34 16 44 41 33 25 35 46 31 28 42 4
10 49 37 3 25 11 26 5 29 19 32 9 28 1 34 0 38 2 43 4 27 18 35 23 31 6 33 22 48 14 40 8 39 16 42 7 45 21 41 24 47 12 36 20 44 15 30 17 46 1
23 39 20 19 38 27 4 6 10 32 2 16 8 48 15 31 46 3 25 1 14 42 9 21 30 28 49 24 0 17 34 11 26 44 12 5 18 22 7 40 41 29 33 43 13 37 36 47 45 3
36 44 13 1 45 0 3 31 32 33 43 4 28 14 35 23 2 39 7 5 29 17 19 30 16 6 12 37 34 40 41 18 25 27 11 9 47 10 8 49 20 38 26 22 24 42 15 21 48 4
5 14 13 7 8 2 15 0 11 3 9 4 10 1 12 6
8 0 5 9 4 7 3 2 6 1
2 7 6 0 5 3 4 1
6 1 5 8 9 4 3 0 7 2
41 11 38 2 24 8 3 6 0 22 4 18 1 15 13 10 5 36 34 17 35 16 12 43 7 20 33 21 40 28 42 31 9 27 14 46 25 26 19 32 29 45 23 44 39 30 37 4
5 37 21 45 0 25 12 42 48 2 1 36 3 11 20 7 14 34 4 15 6 10 8 39 28 13 9 29 26 17 44 40 30 47 16 18 27 41 24 22 35 19 23 33 46 31 43 38 49 3
20 7 9 0 3 1 4 2 6 5 12 10 14 13 15 8 17 11 23 21 24 22 28 16 29 26 33 27 31 30 32 19 37 34 38 35 41 39 44 40 45 42 46 43 47 25 48 36 49 1
41 8 3 0 1 16 5 14 29 38 45 2 21 4 26 9 22 10 12 18 6 11 20 43 7 46 24 15 25 13 36 47 28 17 30 19 35 23 32 27 31 48 34 33 37 42 40 49 39 4
43 36 7 6 1 2 47 4 11 16 23 0 29 48 3 28 31 10 5 46 15 44 27 26 17 24 25 38 45 12 41 40 13 20 19 14 37 42 21 18 9 8 33 22 49 32 35 30 39 3
1 42 34 29 11 13 10 17 2 0 40 37 7 5 47 12 6 20 4 16 28 43 36 35 15 23 3 14 24 26 9 48 18 19 8 30 33 31 41 21 44 25 22 32 45 27 46 49 39 3
1 21 11 3 17 0 12 5 13 2 16 4 14 6 18 7 15 8 19 10 20 9
12 17 13 18 11 16 1 2 7 0 5 8 9 6 3 4 15 10 29 40 49 42 47 48 45 20 26 21 24 27 22 23 28 25 31 30 33 34 35 32 39 36 37 38 43 44 41 46 19 1
1 3 4 0 5 2
18 13 14 15 12 11 8 9 10 5 6 7 4 3 0 1 2 21 22 23 20 19 16 1
40 4 11 0 1 2 46 5 6 8 7 16 21 13 3 10 34 14 26 20 24 27 18 30 29 22 12 17 15 23 25 32 28 35 33 42 44 43 31 36 37 39 49 48 38 47 41 45 9 1
42 11 1 0 23 4 3 12 5 20 6 16 9 8 2 24 25 46 33 26 29 48 37 27 45 31 7 28 41 30 10 32 13 34 18 35 14 39 15 36 17 38 19 40 21 43 22 47 49 4
45 5 26 13 30 0 4 2 9 8 10 31 38 23 17 46 19 3 6 43 34 42 1 47 18 48 32 35 7 16 39 14 27 11 37 20 15 36 33 40 44 49 25 41 24 21 22 29 28 1
30 6 37 36 10 39 15 14 18 1 33 23 4 28 20 45 3 2 7 0 19 22 8 44 12 5 16 35 21 9 34 25 49 41 24 11 40 13 29 46 38 17 31 27 42 26 43 32 47 4
10 0 8 9 16 6 3 2 5 17 12 14 13 15 11 19 18 1 7 4
3 11 15 35 24 4 28 6 7 8 19 10 17 13 34 5 18 26 30 31 36 42 41 43 1 0 21 16 2 44 9 29 14 12 33 20 27 47 46 22 39 23 32 25 37 40 38 4
42 17 48 12 45 13 2 32 43 5 40 6 26 16 35 14 21 46 18 7 34 27 20 25 23 39 24 38 1 0 9 8 28 3 4 30 33 10 19 29 31 15 41 44 49 11 47 36 22 3
47 2 0 27 44 13 1 43 29 9 45 33 4 30 3 49 24 34 23 10 5 15 26 12 40 11 6 17 35 28 14 48 41 8 7 21 32 19 18 20 46 22 25 16 38 36 31 37 39 4
3 0 27 48 1 39 20 23 37 6 43 9 45 7 10 15 2 12 25 13 4 34 26 18 14 16 5 17 8 22 21 24 42 47 11 29 19 40 35 44 28 31 32 38 41 30 49 33 46 3
19 36 22 13 26 14 1 10 16 2 27 38 32 0 12 5 39 8 34 9 18 20 17 28 21 6 25 11 4 15 7 35 24 3 31 37 30 23 33 2
5 48 34 0 7 47 12 23 24 29 35 27 16 1 8 11 45 2 43 41 20 18 10 4 9 38 3 39 13 30 28 46 17 21 33 25 15 40 37 14 36 19 44 6 42 22 26 49 31 3
21 22 37 44 9 1 0 3 4 10 29 15 14 18 31 5 25 41 49 34 2 19 8 43 13 11 27 6 16 7 40 12 39 35 17 20 26 23 36 24 33 28 30 32 42 48 46 45 38 4
25 5 13 49 44 12 4 2 33 21 7 15 1 35 0 6 16 18 10 32 38 8 48 40 26 9 19 46 22 47 17 41 24 34 30 29 31 3 36 28 43 14 23 20 42 39 45 27 37 1
22 27 37 48 39 0 1 6 13 14 7 2 3 4 5 26 15 18 9 34 11 8 41 10 25 16 23 40 17 38 19 44 35 12 47 42 21 32 31 20 45 24 33 36 29 28 49 30 43 4
24 20 3 10 21 8 1 39 32 34 27 23 28 11 0 7 13 41 2 25 45 4 6 9 15 29 42 5 35 44 43 48 14 12 46 16 49 19 17 18 22 36 26 30 33 31 37 40 47 3
45 41 42 6 7 0 1 5 4 8 12 24 20 16 36 40 44 32 28 27 26 3 2 11 10 13 9 22 23 14 15 19 18 21 17 30 31 37 33 46 47 29 25 38 39 35 34 4
16 25 26 0 27 1 28 2 29 3 30 4 31 5 32 6 33 7 34 8 35 9 36 10 37 11 38 12 39 13 40 14 41 15 42 17 43 18 44 19 45 20 46 21 47 22 48 23 49 2
2 40 43 17 48 4 26 3 47 1 32 0 44 12 37 15 27 5 34 7 28 10 29 8 38 11 30 22 25 6 31 20 39 16 36 9 49 18 33 13 35 19 41 14 46 23 42 21 45 2
22 6 38 0 29 2 1 27 3 14 12 5 23 19 4 10 25 7 49 11 13 17 40 34 8 26 35 18 9 28 48 21 15 41 16 30 20 47 46 33 31 42 24 32 44 39 36 37 43 4
48 0 4 7 9 20 43 36 10 13 27 45 19 38 3 39 6 12 18 2 41 17 11 15 1 5 16 23 14 22 21 8 24 31 28 33 29 25 30 40 44 32 46 34 26 35 37 49 42 4
41 5 4 6 19 29 7 27 33 0 30 48 8 46 35 1 9 13 14 21 18 44 43 15 45 22 25 11 31 17 40 39 12 38 16 47 26 10 37 20 28 2 34 49 36 23 32 24 42 3
4 12 15 0 11 1 10 8 13 6 14 3 18 9 16 2 17 7 19 5
o
31 0 1 47 13 38 8 26 11 25 24 27 21 32 6 34 20 36 7 30 2 28 18 37 22 44 3 46 19 42 12 45 9 39 4 29 5 43 15 33 10 48 14 35 23 40 16 41 17 4
12 44 37 1 40 15 36 17 32 2 34 0 26 3 25 4 28 8 30 6 27 5 29 7 33 11 43 9 35 20 41 21 48 19 31 10 39 16 46 14 45 23 47 22 38 13 42 24 49 1
49 21 0 33 2 13 23 7 1 25 44 10 5 45 35 41 3 31 6 22 43 39 11 15 8 37 19 9 26 34 29 20 42 27 46 32 38 16 48 40 36 12 4 17 14 18 47 28 24 3
29 5 0 26 1 25 2 27 3 28 4 30 6 31 7 32 8 33 9 34 10 35 11 36 12 37 13 38 14 39 15 40 16 41 17 42 18 43 19 44 20 45 21 46 22 47 23 48 24 4
29 16 15 9 14 47 18 0 10 6 25 17 27 30 45 3 1 26 19 2 21 36 4 12 48 40 37 5 38 43 20 8 22 11 7 34 24 23 42 28 35 31 13 41 33 32 39 49 46 4
1 41 26 42 13 27 0 3 43 35 48 7 39 32 4 29 23 46 9 12 28 17 5 14 34 25 24 49 22 8 44 15 2 16 6 18 10 19 36 45 30 31 38 20 21 33 11 40 47 3
13 39 38 0 25 1 26 2 27 3 28 4 29 5 31 6 32 7 30 8 33 9 34 10 35 11 37 12 36 14 40 15 41 16 42 17 43 18 44 19 45 20 46 21 47 22 48 23 49 2
43 42 3 2 9 0 1 4 5 6 7 8 19 10 11 12 29 14 13 16 15 18 17 20 28 25 22 21 26 23 24 27 45 46 41 48 33 30 31 38 39 36 37 32 35 34 47 40 49 4
49 18 16 0 1 30 43 5 25 48 20 8 21 3 11 2 14 34 27 44 38 12 24 39 4 6 7 9 29 32 37 10 13 28 46 33 23 41 26 17 22 40 36 15 35 19 47 31 45 4
19 16 34 15 13 33 3 43 0 23 22 1 4 24 44 2 5 31 18 21 32 11 41 6 8 37 30 42 39 48 45 12 38 36 26 9 20 7 17 10 28 14 29 35 46 49 47 25 40 2
14 5 13 10 0 12 7 9 4 1 11 3 2 6 15 8
34 7 20 9 41 31 10 4 21 5 19 1 16 48 15 6 42 32 14 26 3 23 43 49 25 38 28 8 17 11 13 44 39 46 2 33 0 12 24 22 29 37 35 36 47 18 40 27 30 4
15 5 10 29 1 22 40 3 21 24 49 30 42 0 6 2 11 44 12 4 46 9 34 16 13 45 26 38 33 27 43 23 25 7 39 8 17 20 18 14 37 36 48 19 28 31 35 47 41 3
27 12 29 8 18 9 28 3 16 7 10 25 44 39 43 38 45 2 0 30 1 32 11 35 23 5 13 20 34 6 36 40 24 31 17 15 4 46 21 14 26 42 47 37 41 22 33 49 48 1
7 32 33 0 34 1 38 2 26 3 25 4 31 5 23 6 35 8 30 11 20 10 27 9 36 15 37 12 24 13 39 14 29 19 21 18 22 16 28 1
42 1 35 24 7 40 45 44 23 10 43 2 4 20 46 3 6 0 15 12 49 29 25 11 28 13 37 17 16 5 38 18 32 33 9 26 27 30 39 8 14 47 21 36 34 31 41 48 22 1
12 28 29 1 40 0 37 6 27 3 25 2 43 21 32 4 34 5 46 11 30 22 26 14 48 9 31 13 49 20 35 19 44 17 41 7 47 15 38 24 33 16 39 10 36 23 42 8 45 1
41 8 42 7 6 5 4 3 2 1 0 49 40 9 10 11 12 13 14 15 16 17 18 19 20 21 22 23 24 25 26 27 28 29 30 37 32 35 34 31 38 33 36 45 44 39 46 43 48 4
11 2 41 26 0 44 1 10 46 47 7 4 13 21 6 38 3 9 8 14 31 19 15 20 17 32 23 16 22 48 27 18 34 33 12 45 39 36 28 29 37 5 25 42 43 49 35 24 30 4
40 14 21 25 5 27 0 41 7 26 4 31 1 28 2 36 22 48 9 49 3 29 11 45 12 39 8 46 15 30 19 32 18 35 20 42 23 33 13 37 6 38 17 43 16 44 10 47 24 3
0 6 8 2 1 5 3 4 9 7 10 1
11 27 15 36 42 3 19 37 10 24 13 45 23 0 49 41 4 5 1 29 6 14 16 7 2 30 32 8 35 28 17 21 33 18 48 44 46 31 34 9 39 43 20 22 38 12 25 26 47 4
35 33 0 19 2 26 44 13 1 3 7 42 9 5 47 48 12 14 17 4 49 36 30 6 39 10 37 11 41 29 31 38 21 15 8 27 22 16 20 24 18 34 23 28 32 43 46 25 40 4
29 18 30 4 16 49 8 38 17 46 2 0 22 25 37 15 10 21 9 43 26 44 20 40 27 6 39 5 32 1 36 47 31 7 12 3 19 41 13 28 23 11 24 35 33 48 45 42 34 1
16 19 8 11 1 23 20 18 0 13 15 7 9 3 2 22 5 10 14 12 6 21 4 1
24 41 15 37 21 40 0 45 26 12 44 36 4 46 6 22 8 23 9 16 35 5 13 11 28 7 32 42 31 3 14 17 18 10 29 1 20 27 30 39 47 2 25 38 34 19 43 3
42 47 44 45 29 24 6 12 18 23 7 4 3 15 21 20 0 1 2 13 10 8 9 11 14 16 19 27 26 28 31 25 22 32 33 35 30 36 41 37 34 39 38 40 5 46 17 4
41 13 0 1 45 23 18 30 2 11 21 20 17 46 8 3 5 47 15 29 40 25 9 7 32 28 27 6 49 35 10 4 26 22 12 42 14 16 19 37 38 24 48 44 39 34 33 43 36 3
47 33 2 6 43 0 10 1 4 8 11 21 12 3 13 5 23 46 17 7 26 14 18 48 41 32 20 38 44 37 42 31 22 16 24 25 27 30 35 45 28 9 29 15 34 19 36 39 40 4
47 46 45 44 43 42 41 40 39 38 37 36 35 34 33 32 31 30 29 28 27 26 25 24 23 22 21 20 19 18 17 16 15 14 13 12 11 10 9 8 7 6 5 4 3 2 1 0 49 4
21 1 17 0 18 11 2 13 19 4 3 25 7 12 9 16 8 14 15 5 22 10 24 6 20 2
21 33 25 2 26 18 36 8 35 0 49 4 29 23 41 1 42 16 27 15 28 17 30 3 37 7 43 6 39 12 31 22 34 13 40 5 45 9 47 10 32 11 38 24 48 14 44 19 46 2
14 41 40 0 25 20 26 21 27 22 28 23 29 24 47 1 30 3 33 2 37 12 39 4 31 5 32 6 35 7 34 8 36 9 38 10 44 18 42 11 43 19 45 17 46 13 48 15 49 1
26 4 0 27 10 20 47 48 49 7 8 15 44 32 31 16 11 25 28 19 38 13 3 24 46 5 22 41 29 6 2 1 17 33 21 9 37 34 23 30 12 40 18 14 35 42 36 39 43 4
1 9 12 0 8 14 17 5 25 2 7 47 27 4 36 19 22 3 15 6 43 35 16 11 42 10 18 13 23 48 20 24 21 26 29 37 30 49 31 40 44 28 33 45 38 32 34 39 41 4
30 47 19 1 49 4 0 5 34 6 2 27 10 22 24 14 3 40 31 7 28 21 20 33 35 8 25 44 37 9 16 13 29 45 11 18 23 48 46 32 38 39 36 43 12 26 15 42 17 4
32 47 30 43 44 6 12 27 16 22 0 31 36 35 2 23 46 3 18 1 4 41 8 40 26 38 11 7 14 5 15 33 42 13 9 45 28 37 10 21 25 29 17 48 20 34 19 39 24 4
42 9 15 1 18 10 49 12 6 43 0 48 8 30 45 2 24 4 7 17 29 28 14 13 19 31 34 5 21 35 37 22 44 23 11 3 27 25 32 16 40 20 39 26 38 41 47 33 46 3
32 44 16 36 48 35 5 1 3 2 12 7 39 11 34 22 46 9 45 33 0 40 4 26 6 43 27 10 18 15 8 31 24 20 13 21 17 25 23 14 42 28 19 29 30 38 49 41 47 3
17 37 36 9 42 18 43 15 29 21 34 23 26 10 33 20 47 12 27 19 46 1 25 13 35 7 28 4 30 8 32 2 31 24 41 11 44 22 38 5 45 14 39 6 49 3 48 0 40 1
2 5 3 0 1 4
17 2 24 9 4 29 28 11 0 7 12 5 6 1 8 15 14 27 16 23 20 3 26 19 22 21 18 13 10 2
16 8 45 0 13 21 12 32 5 7 17 36 26 3 11 33 6 39 1 2 4 9 19 46 18 42 14 47 20 28 35 38 15 24 23 30 22 10 25 29 27 31 48 40 44 41 43 37 34 4
0 1 2 3 4 5 6 7 8 9 10 11 12 13 14 15 16 17 18 19 20 21 22 23 24 25 26 27 28 29 30 31 32 33 34 35 36 37 38 39 40 41 42 43 44 45 46 47 48 4
1 0 33 2 3 4 5 6 7 32 9 8 15 10 17 12 19 14 21 16 13 18 23 20 25 22 27 24 29 26 31 28 11 3
4 7 10 0 8 5 6 3 9 1 11 2
8 6 5 0 7 1 12 10 4 2 13 19 14 3 15 9 30 32 31 25 29 35 47 11 20 18 21 27 36 34 22 24 23 17 28 26 37 43 38 40 39 33 44 42 45 41 46 1
4 1 3 2 5 6 7 8 9 10 11 12 13 14 15 16 17 18 19 20 21 22 23 24 25 26 27 28 29 30 31 32 33 34 35 36 37 38 39 40 41 42 43 44 45 46 47 48 49 0
31 16 36 9 5 47 6 24 37 38 22 29 11 40 27 2 3 8 7 46 4 28 34 17 39 30 42 0 10 41 32 43 12 45 15 1 48 19 35 21 20 23 13 25 44 18 26 49 33 1
17 10 1 8 3 2 15 0 7 4 6 5 11 18 19 12 13 16 9 1
36 48 6 3 28 12 29 32 35 0 7 10 11 15 46 5 42 1 8 19 31 21 14 13 40 17 49 27 38 4 26 9 23 43 45 2 16 22 44 18 20 24 25 39 34 41 30 47 33 3
35 45 18 48 4 1 16 49 40 37 5 0 9 15 38 33 41 2 11 29 12 23 13 3 28 32 21 36 27 46 44 7 31 8 34 43 42 24 47 30 14 10 17 6 20 22 39 19 26 2
35 29 22 2 18 7 21 8 30 39 23 1 0 9 6 12 49 5 28 41 16 11 43 10 3 32 40 34 4 20 13 45 17 14 15 33 25 42 47 24 19 48 26 37 27 31 36 44 38 4
44 3 21 27 38 10 1 45 26 19 34 8 30 46 2 43 25 23 9 11 15 35 33 5 18 13 29 12 47 6 41 7 4 31 39 0 28 36 32 37 24 14 49 16 48 40 17 42 20 2
25 8 15 21 34 2 41 23 19 10 14 3 43 36 6 4 44 5 33 39 0 38 1 12 27 30 13 18 17 29 20 28 35 24 22 42 45 9 37 11 26 16 40 32 31 7
8 12 15 13 0 40 18 3 31 30 34 22 33 32 35 1 2 38 20 36 7 24 9 6 21 14 16 27 17 39 10 5 25 41 19 4 26 29 23 11 28 3
3 2 39 38 1 0 9 8 43 42 21 20 45 18 19 44 47 4 5 22 23 48 49 6 7 10 11 12 13 16 17 46 31 30 33 32 15 14 27 26 29 28 25 24 35 34 41 40 37 3
33 6 9 5 2 12 31 1 25 29 8 10 49 28 35 4 0 15 3 14 27 18 20 38 11 16 23 19 7 44 30 42 13 26 17 45 47 22 46 24 36 43 41 21 39 32 37 34 48 4
39 40 41 42 37 10 5 34 13 18 29 30 32 31 0 2 1 3 4 6 8 7 9 11 12 14 16 15 17 19 20 22 21 26 45 46 24 23 25 27 28 35 36 38 33 47 44 43 48 4
7 35 8 14 0 37 1 2 3 6 5 32 28 38 18 12 4 19 10 45 22 15 9 44 11 49 13 27 42 46 20 47 21 16 29 17 26 25 34 30 24 43 39 31 36 41 40 23 33 4
33 0 1 35 37 23 7 17 2 3 31 10 6 16 30 40 26 5 19 41 8 29 49 4 36 9 44 34 13 46 12 11 14 15 32 45 18 39 25 21 20 22 24 48 38 28 42 27 43 4
29 49 39 7 38 19 13 0 43 32 17 25 5 12 4 2 9 14 40 3 36 35 15 24 33 1 41 6 31 10 22 8 37 18 44 11 23 21 46 27 45 30 47 20 34 16 42 28 48 2
3 0 1 4 2 5
44 38 0 34 46 32 3 31 15 18 6 28 8 7 21 4 22 5 37 25 9 1 10 20 29 23 26 35 11 2 42 27 33 13 36 12 24 49 43 17 40 14 30 39 16 48 19 41 45 4
25 2 1 26 4 0 5 20 10 3 39 6 29 23 30 8 44 37 12 48 32 42 14 9 24 47 31 45 15 46 16 40 19 7 33 41 27 11 38 13 17 21 34 18 35 36 43 22 49 2
18 15 49 4 1 31 0 5 3 11 37 48 2 7 6 8 26 40 13 9 43 10 22 12 32 16 28 23 47 41 21 19 33 36 14 20 17 25 27 39 45 29 24 38 35 30 46 34 42 4
38 40 28 27 14 19 9 18 15 4 5 34 2 1 37 31 39 48 3 44 6 12 21 49 0 11 45 43 25 29 33 35 16 13 7 17 10 26 41 36 32 47 20 8 22 46 30 23 42 2
19 1 6 39 20 40 23 46 2 45 0 7 4 38 32 30 33 8 5 43 13 44 36 11 34 21 29 49 24 41 14 17 10 26 16 47 25 9 12 15 37 3 18 48 28 31 27 35 22 4
11 2 8 0 7 1 3 9 6 10 5 4
49 23 3 39 33 12 5 0 9 26 35 1 32 6 13 2 16 4 42 8 11 10 37 24 29 7 15 18 28 14 20 17 21 45 22 46 27 19 48 36 34 40 30 31 38 41 43 25 44 4
31 46 0 4 6 13 16 45 25 24 1 37 7 5 34 10 2 17 3 18 8 20 14 23 36 26 19 48 12 43 9 41 11 44 15 28 32 40 39 29 21 30 22 47 27 33 35 49 42 3
20 49 27 6 35 0 34 11 41 14 25 2 30 15 36 9 39 1 33 3 32 10 43 4 26 7 37 21 44 19 40 5 31 8 28 16 46 12 29 13 48 24 38 17 47 18 42 22 45 2
24 33 1 7 29 12 8 11 37 2 45 3 19 20 23 15 9 30 6 5 42 41 0 13 25 4 10 21 18 48 17 14 27 26 31 34 39 35 28 44 40 32 16 46 36 38 43 47 49 2
7 2 36 35 42 47 45 25 10 6 46 26 31 49 0 27 5 16 38 9 24 32 15 8 14 3 48 1 44 11 20 12 19 23 22 17 40 29 21 39 28 30 13 37 43 34 41 33 18 4
28 17 7 39 13 24 47 0 44 6 14 9 2 22 37 35 33 36 31 8 49 23 48 30 15 27 4 26 32 16 11 25 3 10 1 12 5 19 18 20 38 29 40 34 43 45 41 46 42 2
9 34 4 48 20 18 17 0 43 1 27 6 7 19 42 39 40 3 36 29 31 5 21 2 44 30 16 8 23 10 25 11 41 37 22 33 26 13 35 32 24 15 38 14 45 12 49 47 46 2
35 5 4 44 18 38 17 0 19 42 36 39 14 43 46 6 41 13 25 3 9 12 47 8 1 26 10 28 22 32 7 2 11 30 21 20 15 45 16 34 24 23 27 31 29 48 33 40 49 3
5 9 10 3 11 1 13 0 12 4 8 2 7 6
9 10 12 0 5 13 2 3 1 17 6 8 7 15 18 14 11 19 16 4
6 4 0 2 8 15 7 12 1 14 9 3 5 13 10 1
12 34 33 35 3 1 32 0 2 4 36 38 37 8 6 5 7 10 39 31 13 14 16 15 17 11 9 18 19 20 22 21 23 24 26 25 27 28 29 3
16 14 33 25 32 30 0 9 17 35 48 36 39 3 1 29 45 12 2 23 5 20 7 43 44 21 26 4 6 11 8 37 13 34 38 18 10 41 28 19 46 22 31 24 15 27 40 47 49 4
9 0 7 24 31 28 33 36 1 2 11 22 19 46 3 6 5 8 41 38 13 40 21 20 49 14 23 4 17 18 15 48 25 16 29 10 43 34 47 30 35 12 45 26 27 32 37 42 39 4
30 29 13 10 21 18 37 26 45 34 33 32 31 28 27 0 1 2 3 4 5 6 7 8 9 12 11 14 15 16 17 20 19 22 23 24 25 46 47 38 39 40 41 42 43 44 35 3
49 0 1 2 3 4 5 6 7 8 9 10 11 12 13 14 15 16 17 18 19 20 21 22 23 24 25 26 27 28 29 30 31 32 33 34 35 36 37 38 39 40 41 42 43 44 45 46 47 4
29 49 44 42 41 46 45 30 0 27 2 1 3 4 6 5 36 9 8 10 12 11 7 32 33 34 35 13 16 14 18 17 20 19 21 22 25 24 48 15 47 23 43 28 37 38 39 26 40 3
23 0 17 3 12 30 4 6 35 28 1 7 39 41 2 24 29 44 49 5 26 14 43 21 8 33 11 40 38 13 25 36 15 19 9 20 34 16 22 48 10 18 32 31 27 42 46 47 37 4
14 34 16 6 2 21 7 28 8 23 10 0 26 1 11 12 44 3 46 38 18 4 42 5 13 9 30 15 19 31 20 43 45 17 25 22 37 40 47 36 41 24 27 29 35 33 39 3
32 39 3 31 11 37 21 1 4 44 14 0 26 2 17 33 8 9 16 18 10 38 28 34 25 29 5 45 36 42 19 12 15 6 27 30 13 23 24 7 48 46 22 35 43 40 49 47 20 4
33 2 6 3 40 5 39 25 0 41 1 7 27 8 35 9 11 10 20 18 47 28 4 12 24 14 21 16 13 34 37 22 19 29 36 17 48 43 45 23 30 26 46 31 49 44 15 32 38 4
18 40 28 0 1 15 19 22 3 21 8 43 5 4 16 27 39 14 29 7 24 42 36 30 44 17 34 32 49 37 46 6 13 2 20 12 23 31 48 10 38 11 47 26 45 35 25 33 9 4
36 0 15 1 3 47 29 32 48 7 2 17 40 21 24 25 38 5 4 43 19 49 37 33 44 9 6 10 8 18 22 31 35 41 11 23 34 45 28 13 14 12 16 20 39 30 26 42 27 4
12 0 1 6 2 29 40 7 45 10 22 49 4 33 5 9 38 30 43 48 42 31 23 28 16 13 14 25 21 3 17 11 19 20 18 36 37 8 24 15 27 35 46 32 26 39 47 44 34 4
2 4 1 0 3 5
10 0 5 1 35 14 46 23 12 25 49 39 44 18 34 48 33 21 19 16 30 4 2 13 27 36 15 3 17 9 6 7 20 22 38 11 8 28 40 37 43 41 29 24 47 31 32 26 42 4
9 1 4 2 3 6 8 0 7 5 10 1
23 19 18 20 16 10 9 8 5 0 12 11 15 14 2 1 4 3 6 7 13 21 17 2
20 3 47 37 40 44 46 17 6 1 26 21 8 0 32 2 42 29 18 28 7 23 13 14 39 33 15 36 4 19 5 10 31 48 16 38 45 35 11 49 41 34 43 9 12 24 30 25 22 2
19 0 2 41 11 1 21 27 4 5 10 39 3 22 26 13 31 33 29 40 12 14 18 15 28 49 17 20 25 38 34 42 7 6 8 24 48 36 32 46 16 45 37 47 23 43 9 30 44 3
13 3 48 2 4 34 37 6 11 33 5 0 9 1 22 20 16 43 31 35 21 32 30 8 47 14 17 12 45 44 36 7 49 40 23 24 38 18 10 19 46 25 39 41 29 42 15 26 28 2
24 9 26 1 15 28 0 47 40 43 7 33 3 21 29 23 32 48 44 4 2 5 17 49 6 8 12 10 14 13 41 19 16 39 35 30 22 34 42 37 36 11 18 27 25 20 31 46 38 4
44 43 47 0 1 2 3 4 5 10 13 18 21 26 45 34 29 42 37 36 35 6 7 8 9 12 11 14 15 16 17 20 19 22 23 24 25 28 27 30 31 32 33 38 39 40 41 4
9 7 18 31 16 20 10 21 30 5 0 17 11 45 8 23 12 37 40 3 28 29 34 25 39 24 4 35 19 44 26 6 22 14 47 33 41 43 38 46 1 15 42 27 48 32 2 49 13 3
28 1 38 4 49 22 44 9 45 12 41 18 33 8 42 2 31 20 25 11 36 13 26 6 47 0 27 3 30 23 39 16 35 15 43 14 46 5 34 24 48 10 32 21 40 7 29 19 37 1
o
33 1 14 39 2 3 24 7 20 35 34 4 17 8 21 6 0 49 41 10 27 38 31 12 5 45 9 26 42 13 15 36 23 16 18 19 22 25 28 44 29 32 48 46 11 30 40 47 37 4
11 4 13 3 2 12 5 1 0 6 9 7 10 8
40 33 0 2 22 42 41 3 34 4 32 15 1 5 16 19 37 31 28 14 29 27 23 44 25 9 6 11 7 17 8 18 20 10 49 26 13 35 12 38 45 43 21 36 30 39 24 48 46 4
4 5 2 3 1 0 6 7
47 44 43 0 3 1 4 2 5 9 6 10 7 11 8 12 15 13 16 14 17 21 18 22 19 23 20 24 27 25 28 26 29 33 30 34 31 35 32 36 39 37 40 38 41 45 42 4
46 12 4 29 48 1 26 3 35 27 8 28 19 2 9 41 21 15 24 6 17 16 0 33 42 14 5 13 40 10 49 36 7 30 34 37 11 22 20 23 38 31 18 47 25 32 45 44 39 4
0 13 3 16 9 2 19 14 25 24 1 4 21 12 7 6 17 8 15 10 11 20 23 22 5 1
o
47 0 1 2 3 4 5 10 21 26 13 18 29 34 45 44 43 42 37 36 35 6 7 8 9 12 11 14 15 16 17 20 19 22 23 24 25 28 27 30 31 32 33 38 39 40 41 4
10 24 6 1 21 5 28 34 43 46 44 39 47 40 23 31 35 19 26 8 45 36 30 15 0 12 11 17 2 27 37 41 32 4 3 20 42 33 7 22 16 18 25 14 29 13 9 3
9 25 26 0 27 1 28 2 29 3 30 4 31 5 32 6 33 7 34 8 35 10 36 11 37 12 38 13 39 14 40 15 41 16 42 17 43 18 44 19 45 20 46 21 47 22 48 23 49 2
25 26 10 36 32 28 40 39 44 29 18 46 30 48 1 12 17 9 38 33 35 3 23 5 0 20 6 47 41 14 8 2 13 31 15 21 7 4 22 24 16 11 27 42 34 45 43 37 19 4
34 37 39 40 41 0 1 2 5 4 11 20 35 12 19 28 43 36 27 44 3 6 7 8 9 10 13 14 15 16 17 46 47 48 49 30 31 32 33 18 21 26 29 22 23 24 25 38 45 4
38 10 33 7 39 6 27 8 28 16 30 1 26 24 32 9 42 21 25 17 43 15 36 13 46 4 41 14 29 20 34 5 49 0 37 23 48 3 35 12 31 18 40 22 47 2 44 19 45 1
26 1 24 2 0 9 35 6 34 7 45 5 4 21 46 22 20 3 38 49 12 47 15 8 13 23 17 36 33 10 28 25 16 48 29 11 44 40 14 19 18 27 30 43 32 31 42 39 37 4
32 3 26 0 25 4 38 24 28 1 30 5 29 11 34 2 36 9 40 12 27 6 35 15 45 14 33 8 31 20 37 13 39 10 46 16 49 23 48 19 47 17 41 7 42 22 44 18 43 2
8 4 6 3 1 9 2 0 7 5
18 1 3 0 15 2 49 16 5 40 9 26 7 6 11 38 13 22 19 42 37 8 25 4 17 44 33 10 29 12 39 20 21 34 23 32 35 28 41 14 27 36 43 30 45 24 47 48 31 4
19 0 1 6 5 3 4 7 12 11 9 10 2 23 21 22 13 18 17 15 16 8 14 2
0 35 29 26 27 2 7 4 9 8 37 6 45 12 1 42 5 48 43 44 13 22 41 10 33 32 31 16 17 14 21 20 11 18 25 24 15 38 39 28 19 30 47 34 23 40 3 46 49 3
46 3 12 37 27 5 8 18 11 29 36 45 43 23 41 17 31 16 15 13 10 1 28 44 19 9 21 4 7 30 33 6 42 14 47 39 24 40 2 25 32 38 0 26 20 34 35 2
11 1 3 6 4 18 8 0 20 19 2 9 10 17 14 5 15 21 16 13 12 7
23 14 37 46 16 5 31 8 9 1 7 4 30 17 24 18 32 39 27 21 15 13 12 11 22 49 28 48 44 47 19 2 34 3 42 38 29 0 6 35 10 36 20 45 43 33 40 26 41 2
29 22 21 20 19 16 17 14 13 1 2 3 12 0 7 8 6 4 5 9 11 10 18 15 25 26 28 23 27 2
27 30 6 3 42 41 24 49 36 11 44 19 2 35 0 23 18 43 8 9 20 25 4 17 26 1 10 13 12 21 16 5 48 15 38 33 34 29 28 39 46 7 14 37 32 31 22 47 40 4
44 37 35 38 47 34 41 40 0 1 11 7 3 6 4 10 13 8 9 2 15 12 5 14 16 17 20 26 19 18 25 24 29 23 27 22 31 28 21 30 32 33 43 39 45 42 36 46 48 4
48 30 1 31 49 7 17 3 37 5 39 6 44 28 41 46 21 8 12 19 2 9 23 13 33 18 0 16 25 15 11 22 4 38 26 27 14 29 20 43 10 34 24 32 36 35 40 42 45 4
16 0 3 41 18 29 23 44 37 35 5 27 13 45 7 11 25 2 49 4 28 6 30 43 39 1 47 17 14 26 46 15 22 9 19 10 32 21 38 12 31 8 40 36 34 33 48 20 24 4
25 24 1 2 3 32 33 29 0 39 17 16 15 36 37 38 34 35 8 7 13 6 11 10 4 5 22 21 20 19 14 18 27 26 23 12 30 28 31 9
14 7 13 19 38 33 22 6 30 12 44 1 28 10 32 43 0 21 39 45 24 16 46 8 9 37 48 3 2 15 11 34 35 27 26 5 17 29 47 40 4 49 23 36 20 18 25 41 31 4
35 8 34 11 13 0 22 39 38 2 29 21 3 25 17 1 26 37 41 12 4 10 16 7 14 49 48 47 28 23 36 18 6 46 24 27 15 32 20 42 9 19 40 33 30 31 5 45 43 4
49 48 0 1 2 3 4 5 6 7 8 9 10 11 12 13 14 15 16 17 18 19 20 21 22 23 24 25 26 27 28 29 30 31 32 33 34 35 36 37 38 39 40 41 42 43 44 45 46 4
9 8 12 11 10 13 18 5 4 3 2 1 0 23 22 21 20 19 6 7 14 15 16 1
22 14 3 4 11 48 24 23 13 6 30 12 32 20 1 25 2 5 7 10 8 15 16 33 26 39 0 31 18 17 9 29 19 46 49 36 37 38 27 34 43 44 21 35 40 42 28 45 41 4
10 8 15 17 13 24 38 14 25 16 4 1 33 11 0 35