21 10 0 46 6 8 18 36 1 25 27 4 13 32 16 23 22 7 28 19 48 40 29 31 15 39 47 37 26 11 20 24 42 2 3 45 14 12 30 33 5 17 9 44 49 43 35 34 38 4
13 11 25 0 1 26 4 5 27 2 3 28 8 9 29 10 6 30 7 34 12 31 14 33 32 15 35 36 16 37 38 17 39 40 18 41 42 19 43 44 21 45 20 22 46 23 47 48 24 4
49 1 25 45 10 0 34 23 26 3 39 2 27 4 28 21 29 22 30 6 31 13 40 5 46 20 48 14 38 15 35 7 32 9 36 8 33 17 37 11 43 12 41 24 44 42 16 18 47 1
26 40 0 5 24 2 48 29 13 1 32 4 11 42 22 21 34 7 30 12 16 47 3 31 6 41 19 8 18 35 49 14 10 37 20 28 43 38 15 33 39 46 36 17 27 23 9 45 25 4
19 16 3 23 1 24 29 6 14 39 31 5 0 34 30 2 35 10 9 4 7 12 15 11 17 43 41 20 27 42 45 28 25 47 22 40 37 8 44 21 32 18 33 49 36 38 48 46 26 1
7 5 13 15 0 8 10 1 9 11 2 14 3 4 12 6
36 27 4 5 43 6 8 45 1 0 29 13 25 38 10 30 19 11 41 40 24 32 49 2 37 28 7 9 39 34 3 35 12 16 26 14 20 48 31 15 42 17 18 33 21 22 44 46 23 4
27 5 25 37 10 47 6 14 12 2 45 40 17 8 35 13 33 1 46 38 19 9 18 16 49 36 21 44 39 7 11 48 20 0 24 41 31 22 29 30 26 23 32 43 15 28 4 42 3 3
29 1 0 2 3 4 5 6 7 8 9 10 11 12 13 14 15 16 17 18 19 20 22 21 28 24 23 25 26 2
20 23 0 1 2 3 4 5 6 7 8 9 10 11 13 12 14 15 17 16 19 18 25 21 24 43 22 33 26 47 27 38 29 34 28 31 30 39 32 40 35 44 37 41 36 49 42 48 45 4
1 0 3 2 5 4 7 6
12 10 1 25 41 37 44 4 35 5 49 0 40 8 2 33 7 28 24 3 14 9 36 21 11 13 6 42 43 15 30 17 26 18 16 19 20 29 48 39 23 22 31 32 45 46 34 27 47 3
42 31 1 24 29 41 7 35 21 0 33 13 12 25 3 34 45 2 18 26 11 46 16 27 36 4 30 14 19 44 8 38 43 5 22 28 49 10 9 40 23 37 20 48 15 6 47 39 17 3
28 47 45 27 4 12 1 10 18 9 16 6 11 19 17 41 40 48 22 46 32 38 33 21 34 30 5 3 37 36 15 7 0 8 14 23 2 26 29 42 24 35 25 43 39 20 31 44 49 1
25 20 47 41 6 18 0 8 31 11 4 14 3 1 7 13 40 9 21 19 36 35 10 15 17 46 34 23 2 43 26 12 16 28 27 24 29 22 5 49 30 48 32 39 37 42 33 38 45 4
45 20 0 25 9 3 27 2 13 26 38 1 24 49 5 37 42 4 29 6 7 28 31 23 11 46 43 18 44 14 41 16 10 47 39 12 34 21 35 32 8 33 17 19 40 15 48 30 22 3
26 0 3 46 1 35 2 5 22 29 4 6 7 39 8 41 10 13 11 24 9 28 17 32 14 21 19 12 33 48 27 38 42 23 15 34 16 45 20 47 40 31 18 25 30 44 37 49 36 4
26 25 24 36 35 31 32 44 43 39 40 4 3 47 0 12 11 7 8 20 19 15 16 28 27 23 22 2 1 5 46 6 13 9 10 18 17 21 14 34 33 45 38 30 37 29 41 4
2 4 1 5 3 0
14 8 10 42 9 16 20 4 1 6 34 2 7 15 33 44 13 43 18 5 0 12 11 32 30 17 19 46 22 29 28 39 27 38 3 40 37 25 24 35 21 45 48 23 36 47 31 41 49 2
28 17 5 32 0 21 26 3 2 25 19 47 44 10 4 39 22 1 38 48 6 18 41 30 20 12 49 11 27 24 31 16 36 29 7 37 34 14 35 42 15 45 9 40 8 13 43 33 23 4
33 2 41 0 8 36 5 31 16 4 22 6 1 11 13 28 3 9 15 39 21 35 17 37 19 26 18 27 20 40 29 23 14 30 24 10 7 43 12 32 34 38 25 4
46 45 44 43 42 41 40 39 38 37 36 35 34 33 32 31 30 29 28 27 26 25 24 23 22 21 20 19 18 17 16 15 14 13 12 11 10 9 8 7 6 5 4 3 2 0 1 49 48 4
5 1 24 4 9 12 16 15 2 7 10 18 8 25 23 6 0 3 11 20 21 13 19 17 22 1
1 3 8 14 5 19 0 2 7 4 16 13 18 6 15 10 9 11 12 1
28 7 0 2 31 46 3 44 41 4 12 5 10 14 23 27 19 49 11 20 1 26 15 21 48 29 47 30 18 33 6 16 8 40 43 42 13 24 17 9 25 38 37 34 36 35 22 32 39 4
28 0 21 9 45 14 43 15 2 6 19 11 37 22 16 1 12 26 36 20 41 31 44 13 24 32 30 25 5 8 3 40 27 7 4 46 42 47 48 23 10 33 29 34 49 18 38 39 17 3
5 9 6 7 0 48 2 19 39 3 30 33 24 1 32 42 10 8 26 38 23 41 22 15 44 20 4 17 11 18 36 14 25 16 12 13 34 37 45 43 49 21 35 29 31 46 28 27 47 4
39 18 23 2 33 10 8 45 13 32 1 35 3 21 46 7 41 0 31 34 5 11 27 20 43 15 9 4 6 12 16 26 14 29 48 17 22 36 19 24 30 44 42 47 49 28 25 37 40 3
22 49 40 37 0 1 5 2 3 6 13 17 9 14 46 10 15 20 27 12 8 32 29 11 7 21 35 16 42 18 44 19 23 48 43 25 31 26 45 33 39 30 34 47 41 4 36 38 24 2
13 3 37 21 40 9 5 0 1 39 28 36 11 44 48 2 4 18 14 25 12 49 10 33 8 30 20 17 41 27 47 16 38 19 31 42 24 43 34 23 26 15 6 7 32 46 22 45 29 3
30 31 28 27 24 23 20 19 16 15 12 11 8 7 4 2 1 0 3 5 6 9 10 21 26 13 18 29 34 42 37 45 46 47 44 43 40 39 36 35 32 33 14 22 25 17 38 4
6 36 1 45 49 2 13 14 46 5 39 4 31 16 10 11 34 9 19 47 12 21 48 37 15 24 38 3 28 29 25 40 42 41 44 32 0 7 30 18 17 23 20 26 22 27 8 43 33 3
11 47 19 1 16 2 0 24 7 3 43 5 6 26 8 22 9 35 29 14 4 21 48 28 13 18 27 32 17 12 30 41 10 23 46 36 38 44 49 31 42 40 33 15 45 39 20 25 37 3
30 0 29 14 31 28 3 7 40 25 6 49 42 18 43 5 2 1 11 26 4 33 41 8 22 23 27 20 15 44 19 9 32 12 39 48 36 17 46 21 24 13 10 38 45 34 35 47 16 3
17 16 20 19 23 22 21 5 13 18 10 26 34 29 37 45 44 40 41 46 47 43 42 2 1 0 4 3 7 6 8 9 14 15 11 28 24 25 30 31 27 12 32 36 35 39 38 3
1 8 3 2 4 12 0 5 6 7 9 10 14 11 13 18 47 39 17 33 30 19 32 21 46 22 15 27 34 28 35 26 23 25 40 16 36 24 43 44 31 42 20 37 49 29 48 45 41 3
27 25 22 21 3 2 1 5 6 4 8 9 0 7 10 11 18 17 14 13 12 15 16 19 20 24 23 29 26 2
28 45 0 9 42 29 24 6 27 38 11 3 25 36 1 7 48 34 12 2 26 33 18 14 30 31 8 13 39 32 4 17 49 37 5 20 43 35 16 15 46 10 19 40 21 23 47 41 22 4
15 42 22 1 4 47 33 9 25 17 18 27 24 46 8 3 0 2 39 38 12 7 26 5 23 13 49 20 40 32 34 19 29 11 21 41 30 48 6 31 16 37 45 35 10 44 36 28 43 1
46 47 7 6 33 3 2 5 13 0 1 15 12 17 9 4 29 25 8 10 43 31 22 27 14 35 32 44 19 16 18 21 20 24 11 42 26 45 40 30 23 28 34 37 36 38 39 49 48 4
32 2 3 8 35 9 42 7 27 0 21 28 5 10 13 4 12 6 18 22 30 46 1 11 15 47 48 14 17 23 29 19 39 16 25 20 43 33 26 24 37 36 45 34 41 49 31 40 38 4
26 0 1 5 10 39 11 21 49 22 14 38 15 31 2 18 33 16 9 28 8 37 24 3 34 4 48 7 43 6 46 13 45 35 20 12 17 25 44 19 30 42 27 40 29 32 23 36 41 4
4 7 9 6 2 5 1 0 8 3
43 40 0 1 25 20 21 26 22 23 27 24 28 29 3 2 30 31 18 10 34 32 4 5 47 42 16 12 33 35 6 7 36 37 8 9 46 41 15 39 38 11 13 45 14 17 44 48 19 4
44 32 18 1 31 2 8 11 0 9 4 10 6 12 3 20 27 23 7 5 14 41 15 28 40 26 25 34 22 45 46 42 24 30 17 13 36 29 16 33 39 37 48 19 21 49 35 43 47 3
18 19 38 23 0 31 4 5 35 43 30 6 49 28 10 1 2 12 16 41 3 24 25 15 13 7 9 44 46 8 17 33 14 26 37 32 42 21 27 40 20 22 36 11 39 48 34 47 29 4
47 49 3 23 2 34 10 1 31 36 20 4 9 25 43 6 5 29 0 7 45 37 18 19 8 21 35 40 46 24 28 26 44 48 27 30 39 22 41 33 42 32 16 17 11 14 13 12 15 3
38 23 48 4 14 1 3 2 17 8 6 25 37 5 19 9 33 21 22 40 34 42 15 35 13 10 11 29 24 46 28 30 0 16 12 32 44 7 18 47 39 26 27 41 36 45 31 43 20 4
8 17 1 6 4 39 5 45 3 0 37 11 2 46 12 42 18 19 30 20 35 47 29 43 24 9 34 14 28 44 13 38 26 21 15 10 49 23 33 22 7 27 40 48 41 32 25 16 36 3
3 20 9 8 38 2 1 5 19 24 21 7 25 22 23 37 34 6 26 0 10 12 18 27 15 33 40 14 46 45 30 11 4 44 39 29 35 48 28 31 17 16 32 43 36 41 42 49 13 4
42 15 22 14 0 3 23 12 16 30 40 1 29 48 2 6 24 21 33 7 27 35 13 5 11 26 8 17 41 43 10 18 49 47 19 20 38 25 45 37 46 39 44 9 34 36 31 32 4 2
31 1 7 18 4 10 40 17 19 9 2 49 14 3 35 20 42 45 34 28 0 13 25 33 16 11 8 39 36 6 22 5 27 30 46 38 24 21 47 23 15 41 26 12 37 44 29 32 43 4
21 4 14 10 12 19 5 6 0 8 20 13 7 1 11 17 3 15 2 9 16 1
33 32 36 35 39 38 37 5 10 18 13 21 26 34 29 42 41 40 44 43 47 46 45 2 1 0 4 3 7 6 17 16 20 19 23 22 9 8 12 11 14 15 24 28 27 31 30 2
6 34 0 24 32 16 14 5 19 23 42 39 11 25 45 40 47 3 12 9 22 10 1 29 38 33 21 18 8 20 28 44 31 35 43 27 13 17 41 7 2 15 48 4 36 26 46 30 49 3
0 1 3 2
3 9 8 0 6 5 2 4 1 7
15 10 11 9 8 2 1 5 0 3 7 6 4 14 16 17 13 12 18 19 20 21 25 26 22 23 27 24 28 29 34 33 37 36 30 35 31 32 38 39 40 45 41 42 48 43 47 46 44 4
6 45 1 0 5 9 38 10 3 47 26 20 43 4 18 16 8 36 11 42 2 7 25 39 23 40 46 30 37 31 13 14 12 28 17 19 35 29 15 21 24 33 27 22 41 44 32 34 49 4
27 21 2 3 16 10 19 36 26 29 6 0 12 20 9 31 49 18 30 14 41 7 22 34 33 1 4 24 11 25 28 42 45 17 8 47 13 43 40 39 46 23 35 32 5 15 37 44 38 4
24 21 45 25 1 0 26 27 3 2 28 29 5 4 30 31 7 6 32 33 9 8 34 35 11 10 36 37 13 12 38 39 15 14 40 41 17 16 42 43 19 46 44 18 48 47 23 22 49 2
6 30 20 11 22 7 12 5 0 10 1 3 2 21 42 4 8 33 23 16 40 39 35 44 13 36 38 31 18 29 19 46 28 47 26 27 9 24 32 15 41 25 48 14 43 34 37 45 49 1
2 0 1 3
25 0 33 38 6 40 1 7 29 12 20 46 8 41 2 49 19 10 35 18 5 47 4 48 27 22 45 34 3 13 30 17 15 26 16 44 32 9 39 31 11 28 14 23 42 21 36 43 24 3
46 45 41 7 0 1 2 3 4 5 6 8 9 10 11 12 13 14 15 16 17 18 19 20 21 22 23 24 25 47 48 49 26 27 28 29 30 31 32 33 34 44 43 38 39 40 37 36 42 3
38 0 33 25 17 3 14 16 24 32 1 9 31 10 2 13 34 4 35 37 6 11 27 7 22 21 8 18 15 5 12 30 23 19 39 36 29 28 26 2
26 0 1 3 2 4 5 7 6 8 9 11 10 12 13 15 14 16 17 19 18 20 21 23 22 24 25 27 28 30 29 31 32 34 33 35 36 38 37 39 40 41 43 42 45 47 44 46 49 4
10 39 42 4 47 16 35 1 18 2 44 17 14 5 3 20 13 40 21 28 6 11 7 30 31 23 12 49 32 38 24 34 37 0 25 45 33 36 19 26 15 22 43 8 46 41 27 29 48 9
3 1 15 4 19 18 29 0 7 10 12 2 11 44 46 23 24 47 39 8 26 5 6 31 9 32 20 37 30 33 45 14 41 40 38 36 22 42 25 13 21 16 28 43 49 34 48 35 17 2
4 1 9 2 8 6 7 0 5 3
18 0 2 49 1 8 3 4 5 6 7 10 9 17 24 20 21 13 12 16 11 22 23 27 26 25 32 28 29 30 31 35 34 33 40 36 37 38 39 43 42 41 48 44 45 46 47 15 14 1
44 0 25 1 13 46 2 20 14 29 24 4 21 38 15 23 18 8 22 9 19 3 17 6 12 42 30 35 16 34 47 43 7 40 41 5 33 10 48 36 31 37 27 39 11 49 32 45 28 2
32 36 35 39 38 37 42 5 10 18 13 21 26 34 29 45 2 1 0 4 3 7 6 17 16 20 19 23 22 11 15 14 9 8 12 25 24 28 27 41 40 44 43 47 46 30 31 3
12 0 2 3 8 1 17 5 4 7 13 15 10 11 14 6 16 9
24 1 0 27 10 3 16 19 6 22 14 21 8 23 17 12 9 25 2 20 4 13 7 11 5 15 18 2
11 28 12 1 3 34 39 13 20 2 21 0 14 35 18 24 23 8 16 15 9 6 5 17 32 33 7 36 4 25 19 26 27 37 10 29 38 30 31 2
43 41 25 2 46 38 0 24 1 10 3 4 36 22 30 31 20 34 5 27 37 14 17 7 19 13 15 48 42 16 32 35 9 23 11 40 49 18 45 6 29 12 21 47 39 26 28 8 33 4
27 5 1 19 14 7 36 0 3 43 32 13 15 10 31 2 9 33 34 4 29 16 8 6 38 30 17 22 40 39 20 28 18 21 11 46 35 23 37 44 24 47 49 41 42 45 25 26 48 1
39 0 1 2 3 4 5 6 7 8 9 10 11 12 13 14 15 16 17 18 19 20 21 22 23 24 25 26 27 28 29 30 31 49 32 33 34 35 36 38 37 40 41 48 43 45 42 44 47 4
42 35 0 1 25 27 14 20 46 28 2 3 26 29 4 5 48 31 9 6 38 37 7 24 44 43 15 11 40 49 21 8 33 34 17 16 30 39 19 18 32 13 23 45 12 10 36 41 22 4
19 13 25 41 7 46 35 12 34 2 36 21 24 28 8 23 48 0 29 49 18 14 26 15 16 44 33 17 37 43 1 27 3 6 40 47 4 30 38 5 39 9 10 31 22 20 42 32 11 4
21 1 0 25 41 18 35 37 6 17 5 4 33 19 2 3 11 8 9 13 10 28 39 16 14 49 48 20 45 44 42 47 30 12 27 26 22 23 38 40 43 24 34 7 46 36 15 29 32 3
25 45 11 23 48 7 8 44 36 0 27 17 34 30 24 40 41 2 3 26 14 4 35 33 18 15 28 16 43 5 12 49 1 13 38 9 37 46 10 39 19 42 29 6 31 32 20 21 47 2
12 18 36 34 19 2 20 4 8 23 29 39 45 22 44 28 24 31 5 11 25 32 35 26 15 7 1 30 27 6 10 3 0 13 9 48 37 21 40 42 41 16 33 38 46 17 47 49 14 4
0 1 2 3 4 5 6 7 8 9 10 11 12 13 14 15 16 17 18 19 20 21 22 23 24 26 25 27 28 2
47 43 44 39 38 32 29 28 22 19 18 12 9 8 2 1 5 6 3 4 0 48 42 41 45 40 7 10 11 15 16 13 14 17 20 21 25 26 24 23 27 30 31 35 34 33 37 36 49 4
37 2 3 39 42 7 36 1 14 28 6 35 17 9 5 18 15 29 0 10 26 21 41 19 12 25 16 20 24 13 23 11 8 4 30 27 49 22 31 33 44 47 43 32 38 34 48 46 45 4
1 4 5 0 3 2
22 44 24 9 8 2 34 48 30 16 20 40 19 6 31 29 28 43 0 10 23 41 38 1 5 37 26 18 47 32 12 45 27 25 13 11 7 21 46 39 15 3 36 14 42 33 35 17 49 4
48 12 5 21 3 25 6 36 10 4 27 2 37 49 0 11 1 30 14 26 7 22 20 38 18 13 9 15 47 46 44 31 8 19 35 16 32 17 23 29 24 39 28 45 42 43 41 34 33 4
0 2 1 6 24 3 4 8 7 17 11 23 20 13 9 12 10 14 29 19 18 5 25 15 16 31 21 22 26 27 30 2
40 10 3 34 46 48 38 2 22 9 27 0 18 26 8 35 15 31 4 16 21 42 36 12 24 47 43 29 1 20 19 11 7 25 23 6 5 17 37 33 49 13 28 45 30 41 14 44 39 3
1 0 4 3 6 7 2 5
46 1 0 19 39 3 32 2 20 4 12 5 6 8 9 30 24 13 36 22 34 26 7 10 14 11 15 18 35 21 23 31 47 49 33 29 16 44 41 45 42 25 40 17 48 28 27 37 43 3
27 6 31 23 35 46 0 38 2 1 34 3 18 45 7 42 48 20 11 25 12 40 14 19 29 5 10 26 44 4 43 37 8 17 30 13 32 9 36 28 15 41 24 47 21 22 33 39 16 4
36 37 6 10 32 2 16 27 4 34 11 41 15 31 12 46 3 19 38 24 5 18 7 40 22 0 44 8 48 1 25 13 28 30 20 39 23 17 9 42 14 43 29 33 47 21 49 26 35 4
21 10 13 44 49 8 39 9 2 23 35 14 22 3 29 30 0 7 5 38 12 6 16 11 27 20 25 18 41 47 1 4 28 26 37 34 15 17 19 42 32 31 40 43 33 36 24 45 46 4
13 12 0 1 8 7 6 9 4 5 14 3 11 10 2 1
4 3 8 1 0 5 9 7 6 2
6 5 0 4 3 2 7 1
5 3 2 6 1 7 0 4 9 8
26 15 13 4 18 0 12 43 16 35 38 2 24 9 8 20 7 1 44 39 30 10 3 34 36 5 37 27 6 14 40 22 33 21 28 42 31 41 11 47 32 19 45 17 23 29 46 2
25 42 48 0 2 23 36 1 39 8 35 5 37 29 3 46 13 9 49 45 21 11 4 6 15 41 27 18 30 47 16 24 32 17 20 7 19 14 22 10 12 34 31 43 38 33 26 44 40 2
47 48 13 14 7 0 3 1 4 2 5 6 8 9 10 11 12 15 16 17 18 19 20 21 22 23 24 25 26 28 27 29 30 31 32 34 33 35 38 41 39 37 36 40 44 42 45 46 43 4
25 2 31 27 26 4 9 22 36 13 17 30 37 0 46 7 1 16 34 28 10 12 6 11 19 3 8 41 39 44 47 45 23 15 5 14 29 38 18 20 43 24 49 40 42 33 35 32 48 2
34 2 47 13 40 6 7 36 28 3 33 8 9 18 10 41 43 26 17 24 31 5 4 0 29 45 46 15 1 38 42 21 11 16 23 30 35 20 48 25 12 49 22 19 14 32 37 27 44 3
18 19 1 42 0 35 15 2 30 8 3 5 47 12 6 41 31 45 4 20 49 46 7 14 24 11 27 38 10 13 21 44 32 9 26 17 22 37 16 28 23 34 29 25 39 48 33 36 43 4
19 17 0 8 15 13 1 2 21 11 3 4 14 10 5 12 6 9 16 18 7 2
6 4 1 2 0 3 5 8 7 9 18 10 11 12 14 13 17 16 15 19 20 21 24 27 22 23 25 28 26 30 39 37 32 31 35 38 34 33 36 29 46 41 40 44 43 48 45 49 42 4
4 3 1 2 5 0
11 8 7 4 2 1 0 3 5 10 18 13 21 22 23 20 19 16 17 9 6 14 15 1
13 11 0 40 4 46 5 16 12 30 24 25 2 1 3 10 27 6 8 7 34 14 23 18 19 9 17 15 21 20 26 22 28 29 32 31 35 33 36 42 44 43 47 37 39 45 38 41 48 4
15 1 0 4 23 9 12 3 2 8 16 6 5 20 24 25 29 26 27 33 30 28 41 35 31 37 32 34 7 10 36 39 17 11 38 40 13 14 44 45 49 43 42 19 47 46 18 21 48 2
46 8 10 5 20 12 1 7 45 2 4 0 28 9 31 38 26 13 21 24 34 3 33 36 39 14 6 16 15 17 23 11 27 19 47 18 43 25 41 35 32 48 29 22 40 42 37 30 49 4
36 23 4 6 17 42 35 21 25 34 33 1 18 2 7 9 14 31 29 46 45 3 0 27 8 10 39 32 12 15 48 22 19 47 13 40 11 24 43 26 30 49 41 44 20 28 37 38 5 1
15 1 3 2 5 6 12 14 13 8 9 16 10 0 17 4 7 18 19 1
46 17 26 5 18 10 13 36 42 30 31 34 43 22 39 37 40 12 33 20 47 27 28 4 24 9 29 35 15 11 3 8 19 1 0 23 32 7 6 2 44 16 21 25 14 41 45 3
24 38 2 32 11 49 14 21 8 30 33 47 42 17 48 12 45 19 29 0 1 16 3 23 15 27 20 18 7 34 4 5 40 9 25 13 28 36 26 6 37 43 10 46 31 44 41 22 39 3
6 11 40 5 2 1 8 25 31 36 17 35 23 34 20 46 18 16 0 7 10 12 26 15 13 41 48 14 33 24 44 27 3 30 4 9 22 45 21 42 29 43 49 38 28 19 32 39 37 4
1 27 48 31 10 25 12 6 0 2 36 18 8 21 22 29 4 28 47 39 5 26 13 17 19 35 40 30 41 46 44 24 42 43 3 9 14 49 7 16 20 15 33 45 38 23 11 32 34 3
18 4 3 32 5 9 34 8 30 7 15 1 10 6 25 11 35 33 24 0 12 31 2 28 17 20 22 13 19 36 14 26 23 38 27 29 21 39 37 1
42 8 29 24 31 18 10 4 9 28 0 30 3 12 47 7 36 14 44 38 27 35 46 17 20 41 43 2 39 37 32 6 34 25 48 5 19 45 11 1 16 49 23 26 22 40 15 33 21 1
30 35 0 1 38 2 19 7 4 3 22 37 44 9 14 5 25 11 16 6 31 8 47 12 39 46 15 26 10 13 43 41 42 20 17 45 48 29 32 18 49 24 28 33 34 21 27 36 23 4
17 7 34 21 33 0 8 14 43 44 12 1 10 18 9 19 11 6 16 2 45 27 4 20 39 22 48 28 5 13 49 3 36 37 32 38 46 15 23 47 25 31 40 41 24 35 30 26 29 4
47 7 0 2 39 41 16 6 1 5 20 8 11 23 4 40 3 35 12 10 25 19 44 14 45 9 34 24 33 17 38 46 27 37 48 22 13 43 32 30 15 18 26 31 28 42 21 29 36 4
49 45 41 2 3 10 7 0 1 39 20 27 23 18 13 42 5 8 21 15 4 25 14 6 9 44 32 28 11 36 17 34 46 37 16 48 22 12 35 40 19 26 38 47 29 30 43 24 31 3
22 21 17 18 19 20 4 8 12 16 36 40 44 32 24 28 27 26 25 29 30 31 39 38 37 33 34 35 47 46 45 41 42 6 5 1 2 3 0 7 43 9 13 14 15 10 11 2
16 0 25 49 1 48 2 47 46 3 45 4 5 26 6 44 7 8 27 9 10 28 11 12 29 13 14 30 15 31 32 17 33 34 18 35 36 19 37 38 20 39 21 43 22 23 40 41 24 4
43 32 0 44 8 2 40 48 16 7 34 5 21 42 35 1 3 47 17 20 25 46 9 26 11 15 37 12 4 39 31 6 49 33 13 29 10 28 38 19 41 14 23 30 22 18 27 45 24 3
29 0 2 1 12 27 3 5 19 23 14 4 10 25 37 30 43 33 42 31 11 13 18 7 49 15 41 16 32 44 36 39 20 46 6 22 38 17 34 40 9 21 45 24 28 26 8 35 47 4
39 3 28 33 38 18 12 41 17 23 1 15 11 4 7 9 20 14 10 13 35 24 29 36 43 42 49 2 0 19 45 27 25 21 22 6 48 5 16 8 34 46 32 26 47 31 37 30 40 4
3 4 6 19 29 7 2 9 13 0 30 1 35 16 38 5 11 31 17 47 18 44 10 26 14 21 25 22 33 32 23 27 40 37 20 36 45 15 24 8 46 28 41 49 12 39 34 42 48 4
12 4 2 16 11 0 1 10 8 13 18 9 6 14 3 5 19 15 7 1
48 47 0 1 25 24 23 26 27 2 3 28 29 4 5 30 31 6 7 32 33 8 9 34 35 10 11 36 37 12 13 38 39 14 15 40 41 16 17 42 43 18 19 44 20 21 45 46 22 4
38 42 17 3 46 40 13 47 1 0 41 2 31 7 6 30 43 5 21 27 26 11 18 28 29 14 15 33 32 16 48 49 8 9 25 24 19 35 23 36 37 22 44 39 4 34 20 12 45 1
46 3 6 26 0 5 27 15 1 37 8 2 32 11 9 35 20 14 25 30 10 12 29 42 13 33 7 34 41 21 28 4 38 31 16 39 40 17 36 48 19 49 18 24 45 23 47 44 22 4
34 7 0 33 19 1 25 44 15 31 3 14 13 2 4 12 17 35 45 5 26 9 6 22 43 11 40 10 42 27 49 21 8 37 32 46 38 16 39 23 47 28 18 24 30 20 29 36 41 4
6 0 26 27 3 1 25 28 2 11 35 29 5 4 30 31 7 8 32 33 9 10 34 36 12 13 37 38 18 22 49 39 15 16 40 41 17 14 42 43 19 44 45 21 46 47 23 20 48 2
29 43 20 30 0 10 6 17 25 18 47 48 45 3 1 46 44 28 35 24 34 40 37 4 36 21 2 49 27 5 38 39 32 33 9 41 13 42 23 7 22 8 26 19 11 12 14 15 31 1
11 47 40 2 36 45 0 43 3 6 31 16 39 7 30 8 18 44 15 35 48 4 29 32 5 17 27 9 12 28 10 1 37 13 26 42 20 21 38 33 19 22 49 24 14 25 34 23 46 4
38 26 8 13 25 0 48 3 5 27 4 29 6 7 28 1 2 30 10 11 31 12 37 17 43 20 45 21 46 22 42 9 40 32 15 33 34 14 36 35 16 41 19 39 18 23 44 47 24 4
6 5 4 1 0 2 9 3 8 7 29 12 11 15 10 13 16 14 17 19 18 24 21 22 23 25 28 20 30 31 32 35 33 38 36 39 37 34 26 27 41 46 48 49 42 40 47 45 44 4
20 22 5 8 21 24 41 4 15 9 7 1 30 44 27 10 3 11 39 12 35 14 34 16 2 47 31 0 23 37 33 18 49 36 48 40 25 13 6 45 28 29 32 26 17 19 38 46 42 4
38 1 12 45 39 42 37 0 28 14 35 29 46 9 20 43 3 13 33 15 34 16 8 2 17 6 23 22 48 10 4 19 24 31 5 18 21 11 32 40 25 47 7 44 27 36 26 30 49 4
14 5 12 0 1 11 4 9 3 2 8 6 15 7 10 1
12 31 41 7 34 48 15 20 9 37 0 33 18 40 28 1 16 4 10 27 44 13 2 46 39 29 45 21 6 32 14 47 36 8 3 23 43 49 25 19 5 35 38 30 22 26 24 17 11 4
13 26 45 15 5 8 17 20 7 1 0 11 41 2 47 6 21 3 4 46 34 9 10 29 37 36 23 25 31 12 28 19 32 48 14 16 18 43 27 33 38 42 30 24 49 44 35 39 22 4
2 20 34 42 1 17 22 5 23 24 31 3 12 6 46 4 10 25 44 41 7 16 0 30 32 11 35 36 18 9 14 21 8 29 40 15 48 43 39 47 37 13 19 27 33 49 26 28 38 4
2 14 32 25 3 4 26 20 0 16 37 36 1 8 33 31 5 6 24 21 18 9 34 28 7 10 38 29 11 30 22 12 13 39 15 17 27 23 19 3
3 29 49 12 30 39 8 1 35 42 19 21 36 25 26 4 2 17 34 37 13 15 0 6 48 10 43 24 18 38 45 40 7 27 5 16 9 33 32 23 47 14 31 20 46 44 41 22 11 2
44 21 2 29 1 40 34 4 28 43 0 24 31 3 5 27 6 7 37 8 11 30 15 13 25 14 19 35 20 42 36 10 39 46 17 41 32 12 38 47 9 45 16 22 26 18 33 48 23 4
46 3 2 1 0 49 16 17 18 19 20 21 22 23 24 25 26 27 28 29 30 5 4 45 40 9 8 7 6 43 32 37 12 11 10 39 31 14 13 36 33 34 15 35 38 41 44 42 47 4
47 39 6 38 40 17 22 4 5 0 28 2 20 8 9 26 41 16 24 13 3 18 29 7 21 37 25 42 14 1 10 46 32 23 30 36 27 33 11 12 45 15 19 44 34 48 31 43 49 3
7 1 48 22 36 10 9 49 3 16 27 0 41 43 17 47 31 4 8 39 5 25 11 6 37 13 23 29 18 35 38 2 28 30 15 46 44 14 40 26 20 32 34 24 42 33 21 19 45 1
7 4 9 10 11 0 6 5 1 8 2 3
0 29 1 5 7 2 34 37 12 38 32 8 35 4 41 20 16 14 6 18 9 33 10 22 19 3 21 39 43 47 48 27 15 28 11 30 42 36 31 46 17 45 26 25 24 44 13 23 40 4
28 23 1 3 8 9 4 14 0 18 24 33 35 27 22 32 43 16 20 10 37 11 29 31 12 5 42 2 19 26 44 47 13 7 15 40 45 21 38 17 25 39 6 30 36 34 41 46 48 4
36 1 43 18 0 22 20 44 26 5 39 8 38 7 19 2 6 9 21 10 33 4 16 48 12 11 28 13 17 46 42 27 40 15 37 25 3 34 14 30 32 29 35 24 41 47 31 45 49 2
7 12 14 1 10 3 2 22 5 9 18 19 16 6 21 4 11 8 17 23 20 0 13 1
2 45 0 21 1 12 44 4 3 39 41 47 5 42 6 18 17 11 8 22 14 9 16 7 35 43 10 23 15 19 13 30 24 27 20 32 33 34 28 37 46 31 38 40 26 29 36 2
27 28 31 30 35 32 33 34 37 36 41 38 39 40 0 1 2 3 4 7 6 12 18 9 15 21 20 23 5 8 11 10 13 14 17 43 42 47 44 45 46 22 25 24 29 26 16 1
4 7 2 32 28 8 49 35 41 9 42 27 36 29 31 5 3 11 0 13 1 10 26 30 18 12 20 21 6 14 16 47 15 45 23 24 48 33 22 25 40 43 37 19 34 44 39 17 46 3
31 3 44 1 0 2 6 43 24 16 4 8 7 10 12 39 15 11 13 5 9 17 19 21 18 25 22 28 14 23 46 45 20 35 30 36 47 33 42 26 32 27 38 40 37 49 29 41 48 3
0 1 2 3 4 5 6 7 8 9 10 11 12 13 14 15 16 17 18 19 20 21 22 23 24 25 26 27 28 29 30 31 32 33 34 35 36 37 38 39 40 41 42 43 44 48 49 45 46 4
20 3 4 19 0 18 8 14 15 5 16 9 12 7 25 10 24 6 13 1 21 23 17 22 11 2
37 25 1 2 27 36 8 5 47 39 6 23 26 42 16 4 40 48 14 0 49 34 15 12 28 33 19 18 30 31 22 3 29 44 24 7 43 32 21 13 35 10 9 38 17 20 46 45 11 4
43 40 0 1 25 20 21 26 22 23 27 24 28 29 2 3 32 30 4 5 36 31 6 7 33 34 8 9 35 37 10 11 38 39 12 13 41 42 14 44 45 15 16 46 19 17 47 48 18 4
48 47 8 1 2 11 16 31 37 20 10 18 5 30 36 17 4 13 3 26 27 40 0 6 33 43 28 25 29 41 15 12 14 21 22 45 39 38 9 34 23 19 7 49 42 32 44 46 24 3
42 4 27 0 8 14 17 5 25 2 6 15 43 35 9 12 37 19 22 3 10 18 11 36 13 48 23 1 47 7 24 16 20 45 49 29 31 40 33 41 32 21 26 30 28 39 38 34 46 4
10 38 1 4 19 2 43 32 12 35 33 5 34 3 40 9 0 11 26 6 49 36 27 44 15 17 42 7 16 47 22 48 23 29 8 41 20 37 13 14 24 39 18 25 21 45 28 31 30 4
14 0 1 4 10 48 7 2 8 40 26 38 3 46 33 37 28 9 13 31 19 30 5 15 43 44 6 12 27 21 11 39 24 49 20 34 16 22 17 32 41 18 23 29 47 45 42 36 35 2
24 2 1 18 14 4 7 44 10 43 6 27 25 49 12 28 29 17 22 37 35 20 39 21 5 9 46 3 13 19 8 30 45 33 15 36 26 38 11 23 31 0 48 34 41 42 40 32 16 4
17 2 12 0 40 4 26 19 1 21 6 8 35 5 7 16 36 48 45 33 10 39 9 22 46 13 20 14 42 11 34 15 18 27 43 30 29 32 44 37 38 3 25 28 24 31 49 47 41 2
4 14 27 19 7 26 10 33 20 2 45 11 41 24 35 1 25 13 48 3 49 42 9 36 5 16 30 8 22 44 40 0 38 39 6 28 43 15 29 46 12 47 23 34 21 18 32 31 17 3
1 3 0 4 5 2
20 6 19 4 29 23 16 11 0 7 1 8 10 13 17 2 24 5 9 12 22 3 25 14 27 21 18 26 15 2
29 49 11 33 32 5 18 2 22 30 3 26 36 17 7 8 45 47 14 1 39 6 0 13 43 9 19 4 21 41 25 10 35 38 24 23 46 42 44 15 31 48 16 40 20 28 27 12 37 3
46 15 0 1 2 3 4 5 6 7 8 9 10 11 12 13 14 16 17 18 19 20 21 22 23 24 25 26 27 28 29 30 31 49 32 33 34 35 48 37 47 36 39 38 41 43 40 42 45 4
1 0 2 33 3 32 8 9 10 4 5 6 7 31 12 13 14 15 16 17 18 19 20 21 22 23 24 25 26 28 27 29 30 1
4 2 9 6 0 7 1 3 11 8 5 1
11 5 4 2 3 6 7 1 0 12 13 19 16 14 15 9 10 20 21 27 24 22 23 17 18 28 29 35 32 30 31 25 26 36 37 43 40 38 39 33 34 44 42 41 47 46 8 4
0 1 2 3 4 5 6 7 8 9 10 11 12 13 14 15 16 17 18 19 20 21 22 23 24 25 26 27 28 29 30 31 32 33 34 35 36 37 38 39 40 41 42 43 44 46 45 47 48 4
33 7 1 15 41 32 3 8 23 4 36 9 19 16 38 25 44 22 29 11 46 43 39 37 24 5 26 47 6 12 2 14 10 0 17 34 28 20 18 30 13 21 49 35 31 40 27 42 45 4
0 13 16 2 1 8 3 19 4 6 5 11 18 14 9 17 10 7 12 1
31 7 0 3 33 44 22 9 23 6 1 36 29 26 37 24 45 42 2 19 8 14 4 10 11 20 13 5 16 35 12 21 48 28 32 39 25 34 41 15 30 47 27 38 17 43 49 40 18 4
30 40 37 43 4 0 2 11 1 16 49 7 31 8 3 5 9 15 12 13 23 24 47 45 29 18 48 19 14 27 46 21 36 28 32 34 42 35 38 39 6 17 10 25 20 22 26 41 33 4
11 0 44 3 10 4 45 12 6 9 13 25 2 1 29 22 5 31 30 39 23 49 46 16 19 24 47 15 14 21 7 8 36 27 33 38 20 42 43 32 35 40 34 48 26 41 28 17 37 1
37 9 11 15 35 10 2 4 31 23 24 14 1 45 38 6 44 3 21 5 18 12 33 26 7 41 29 13 19 34 8 25 43 16 39 47 46 30 22 20 42 17 36 28 0 27 32 48 40 4
18 0 38 11 26 27 12 32 25 8 9 6 36 43 3 44 4 24 35 28 5 1 40 16 2 31 13 30 15 34 21 20 41 23 19 14 10 33 39 29 37 42 45 17 7 2
38 20 33 6 9 10 39 1 2 23 11 31 30 24 28 37 3 7 17 12 13 15 25 32 5 35 19 41 14 21 0 40 8 36 27 16 4 29 26 18 22 3
9 8 23 48 2 3 47 44 6 7 10 11 4 5 16 17 46 30 31 1 0 13 12 38 39 27 26 24 25 19 18 45 43 42 21 20 29 28 22 35 15 14 36 37 40 32 33 49 34 4
43 3 36 1 6 9 5 35 13 26 49 28 41 20 40 0 15 37 32 21 48 24 27 22 46 4 34 33 17 45 47 12 44 7 2 14 8 25 29 18 11 38 42 30 10 16 23 31 19 3
32 31 30 29 34 21 26 5 10 18 13 37 42 41 40 39 38 0 1 2 3 4 6 7 8 9 11 12 27 28 14 15 16 17 19 20 22 23 24 25 35 36 49 48 47 46 45 44 43 3
14 43 24 13 19 21 18 12 44 9 11 15 49 0 1 2 3 4 6 5 37 29 7 35 25 34 8 17 26 48 30 10 45 16 39 28 38 27 42 46 20 47 23 22 31 32 33 36 41 4
22 0 1 10 23 37 35 2 3 5 6 4 18 39 7 8 29 49 9 11 43 47 12 13 15 17 42 21 20 27 25 26 40 28 38 30 34 44 48 36 31 33 16 14 45 41 19 32 46 2
40 14 30 44 11 1 41 13 19 3 4 5 12 26 48 45 27 47 31 10 22 43 0 2 9 24 36 35 23 15 6 28 17 25 20 34 7 39 49 21 32 33 8 37 18 16 42 38 29 4
5 3 0 1 4 2
29 9 1 35 26 28 13 36 21 4 5 37 24 49 43 3 32 46 34 0 2 42 19 7 8 12 31 15 18 25 6 45 14 41 38 44 33 27 40 17 10 20 23 16 39 48 11 22 47 3
29 44 37 18 34 21 22 1 17 3 25 2 10 20 11 27 41 33 7 19 40 14 48 32 42 31 45 15 24 9 0 4 46 36 5 23 30 8 43 16 47 35 26 13 38 6 39 12 28 4
27 33 19 20 0 1 4 49 15 18 26 8 40 37 48 11 3 30 13 21 5 36 14 6 7 2 32 12 16 28 23 41 17 31 47 38 25 22 44 42 10 43 9 39 24 29 46 45 34 3
32 47 31 37 1 2 43 25 9 19 4 5 34 30 7 17 27 28 8 20 33 35 29 0 49 40 38 3 44 6 10 26 41 36 23 16 13 48 39 14 11 45 18 15 24 12 21 42 46 2
6 1 45 2 46 40 10 18 3 26 0 7 13 16 31 14 17 5 43 9 12 20 39 21 29 49 8 33 4 38 19 25 32 30 41 24 34 11 35 23 27 47 48 22 42 15 37 28 44 3
9 4 5 6 10 11 3 1 2 8 0 7
27 3 39 40 23 5 10 0 11 9 26 31 30 13 17 1 32 33 12 14 44 43 41 45 21 15 18 2 16 20 4 6 38 22 47 46 29 28 7 8 42 24 25 48 49 19 37 34 36 3
24 47 34 1 37 7 3 13 0 4 6 2 29 40 39 12 48 5 8 32 10 9 11 18 14 16 45 15 30 21 17 20 19 26 46 31 23 38 36 44 22 43 28 27 33 41 42 35 49 2
49 43 5 9 25 29 13 7 26 27 20 8 42 28 16 24 30 46 0 2 31 32 1 14 39 34 23 3 33 41 11 19 35 45 22 12 48 44 4 10 37 21 15 36 6 18 38 40 17 4
15 23 17 41 42 5 6 24 33 1 7 11 0 3 4 8 12 2 45 10 21 14 28 16 46 34 9 27 26 31 35 13 25 19 20 44 18 48 29 43 47 36 30 32 40 38 39 37 22 4
4 3 14 8 15 34 24 32 2 36 35 17 40 10 6 11 43 47 19 5 16 38 21 12 20 23 7 44 25 45 18 1 48 13 37 29 28 39 27 0 30 46 26 31 49 9 22 41 33 4
38 44 0 12 1 3 25 6 7 39 13 24 26 4 2 22 9 33 48 23 8 49 14 19 28 17 15 27 35 37 47 10 16 11 18 20 5 21 42 46 41 36 29 31 30 45 40 32 34 4
49 2 3 36 38 37 47 4 48 6 22 39 40 0 43 31 1 27 28 9 34 11 25 12 17 18 32 35 24 5 14 45 7 13 8 16 46 19 26 21 15 20 33 10 42 30 44 23 29 4
20 3 4 5 35 12 9 14 43 2 36 27 23 13 41 6 47 29 48 26 1 19 0 7 22 34 8 10 17 38 37 24 46 28 32 49 21 30 11 39 16 42 40 25 45 31 18 15 44 3
1 3 10 8 4 9 5 2 7 6 13 12 0 1
4 9 5 13 0 12 10 19 11 1 17 7 15 3 6 8 2 18 14 1
9 3 0 2 4 6 11 8 15 14 1 12 7 5 13 1
18 19 20 26 5 33 14 3 0 32 1 2 4 36 27 35 8 37 9 34 17 11 12 21 22 31 13 16 25 24 6 15 38 39 10 30 23 29 28 7
1 6 35 42 0 9 4 33 14 16 28 3 11 2 7 43 20 5 47 24 46 31 22 40 30 37 8 23 19 10 18 38 34 13 45 12 49 26 21 44 36 39 25 32 29 41 48 15 27 1
29 0 7 24 31 28 1 47 34 40 3 48 5 32 4 41 11 2 22 9 10 6 21 20 49 8 43 17 18 15 46 19 23 16 25 13 38 27 14 26 45 12 30 35 42 36 33 37 44 3
40 39 38 37 42 45 10 13 18 21 26 29 34 33 32 31 30 0 1 2 3 4 5 6 7 8 9 11 12 14 15 16 17 22 23 24 25 19 20 27 28 35 36 44 43 47 46 4
46 45 44 43 42 41 40 39 38 37 36 35 34 33 32 31 30 29 28 27 26 25 24 23 22 21 20 19 18 17 16 15 14 13 12 11 10 9 8 7 6 5 4 3 2 0 1 49 48 4
15 16 14 9 8 3 1 2 4 5 6 36 11 10 12 13 17 18 19 20 21 22 23 0 27 26 25 24 43 45 42 41 40 28 29 49 44 30 7 33 34 35 31 32 37 38 39 47 46 4
11 1 6 5 26 35 3 9 19 40 23 30 42 2 17 0 31 34 20 21 43 14 44 4 12 28 18 32 22 16 7 39 41 27 49 33 8 25 36 15 29 24 48 10 45 13 46 37 47 3
4 1 13 19 31 6 16 25 32 14 2 7 28 22 8 18 23 0 26 27 29 5 10 11 38 36 41 34 21 9 30 35 40 17 47 45 12 44 20 43 3 46 24 33 37 39 15 4
43 16 9 34 25 45 30 3 0 12 22 29 2 5 48 7 6 15 49 37 21 33 8 4 44 10 23 24 40 14 13 1 17 26 47 41 27 46 11 31 20 18 38 28 35 39 32 36 42 1
48 5 39 0 41 2 6 3 40 23 22 1 7 49 14 21 13 34 37 8 9 11 4 12 29 19 15 10 20 18 32 27 25 28 47 17 24 33 16 30 46 44 42 38 26 31 45 36 43 3
7 2 13 43 5 0 1 15 14 34 17 27 39 32 18 40 46 6 11 38 9 33 47 8 21 3 16 4 48 10 36 19 22 12 20 29 35 37 49 23 30 44 42 24 41 31 28 25 26 4
24 37 1 45 34 4 5 18 8 19 7 10 27 14 13 21 16 29 47 30 0 15 31 23 35 28 9 12 6 40 17 33 44 3 36 25 38 48 32 20 39 43 42 26 46 41 2 22 49 1
32 35 45 7 40 12 0 2 6 1 5 33 4 3 17 21 8 10 22 49 25 14 13 9 38 24 11 36 18 23 31 42 48 28 47 26 39 15 37 16 20 19 41 27 29 30 43 34 44 4
5 2 4 1 0 3
0 5 38 22 9 6 41 31 2 13 4 30 7 20 12 25 17 27 36 11 15 3 23 46 14 26 19 47 24 10 8 28 39 29 45 32 33 21 34 40 1 35 37 43 48 18 44 49 16 4
0 4 2 1 9 11 10 5 7 3 6 8
18 12 11 3 4 5 0 1 2 7 6 9 8 22 13 10 14 15 21 20 16 17 23 1
20 21 8 13 14 35 6 17 46 41 28 1 26 9 48 31 47 3 0 4 11 49 34 43 10 36 12 45 38 39 25 22 5 19 33 15 27 2 32 30 24 7 23 37 40 44 16 18 29 4
0 41 2 10 5 17 31 33 6 3 19 40 29 1 21 27 34 13 36 8 12 14 18 9 15 45 16 4 46 32 23 20 24 48 49 28 47 35 44 42 37 38 43 26 22 30 7 25 39 1
41 33 11 38 1 22 20 13 3 34 37 4 2 14 15 6 39 25 8 21 5 0 32 30 26 9 43 16 42 27 47 10 7 49 48 44 36 46 35 31 40 23 24 12 17 19 29 28 18 4
20 25 26 1 15 28 0 47 2 5 6 22 34 4 36 11 9 38 42 8 19 16 29 23 32 10 14 12 46 37 7 27 18 40 43 30 17 41 13 21 3 33 39 35 49 45 24 44 48 3
37 42 45 21 10 5 26 29 34 13 18 17 16 20 19 23 22 38 39 35 36 32 31 27 28 24 25 2 1 0 4 3 7 6 9 8 12 11 15 14 30 41 40 44 43 47 46 3
22 33 6 47 14 16 10 20 21 30 5 0 11 17 45 8 12 23 40 37 29 39 24 4 19 35 26 44 7 9 18 31 36 13 49 2 32 48 27 1 15 42 46 38 3 43 28 41 25 3
9 24 25 30 3 13 26 6 10 32 28 20 11 36 33 18 7 27 37 17 21 42 8 38 1 5 46 35 15 43 14 0 47 31 2 29 41 12 34 40 19 49 22 44 4 16 39 45 23 4
1 6 0 3 5 2 4 7
33 1 0 22 6 8 21 7 4 17 11 46 16 23 36 39 48 28 13 9 26 42 14 10 27 38 49 41 24 3 43 37 18 30 25 31 19 12 2 5 45 15 47 32 29 44 40 34 35 2
5 12 2 1 0 6 7 10 8 11 4 13 3 9
24 22 2 0 46 48 3 34 4 32 5 16 19 6 8 26 11 1 7 40 9 12 35 13 14 29 25 44 23 27 15 45 43 47 41 42 36 21 18 20 10 49 17 37 31 38 28 30 39 3
2 5 4 6 7 0 1 3
0 1 3 4 2 5 9 6 7 10 11 8 12 13 15 16 14 17 21 18 19 22 23 20 24 25 27 28 26 29 33 30 31 34 35 32 36 39 40 37 38 41 45 46 42 43 47 4
38 5 13 1 48 29 4 11 2 32 19 26 3 35 14 6 12 28 8 27 0 15 24 10 47 21 7 30 41 9 18 31 40 23 20 16 17 22 42 46 34 36 37 39 33 43 25 49 44 4
5 4 21 12 7 13 0 18 1 9 16 3 2 22 23 14 8 15 10 11 6 20 17 19 24 2
13 0 2 4 1 3 5 7 8 6 10 14 11 12 9 1
33 32 36 35 39 38 37 42 5 10 18 13 21 26 34 29 45 46 47 43 44 40 41 6 7 3 2 1 0 4 9 8 12 11 15 14 17 16 20 19 22 23 24 28 27 31 30 2
42 20 22 7 30 15 44 40 47 39 21 5 28 33 43 34 2 32 41 37 27 36 45 8 26 29 13 12 0 1 6 24 10 38 9 46 4 3 23 31 19 35 14 18 16 11 17 2
48 25 0 26 27 1 28 29 2 30 31 3 32 33 5 6 34 35 7 8 36 37 9 10 43 47 24 11 44 12 13 38 4 14 42 15 17 39 19 21 46 16 18 45 22 23 49 40 20 4
3 0 7 37 49 6 20 2 23 5 1 12 10 26 25 41 16 24 11 27 8 14 33 38 9 4 15 13 28 40 18 29 17 32 36 21 22 48 46 43 35 39 42 44 31 45 34 19 47 3
9 8 10 13 15 14 12 19 4 11 20 27 35 28 43 36 44 3 1 0 2 5 7 6 25 24 26 29 31 30 48 49 47 46 17 16 18 21 23 22 41 40 42 45 32 34 37 39 38 3
4 41 14 16 33 7 9 28 8 27 6 21 25 17 43 37 10 5 49 0 20 29 26 24 2 42 23 48 3 35 34 1 30 45 12 31 38 11 39 40 18 44 19 32 15 22 47 36 13 4
10 26 33 36 23 17 11 40 0 2 24 1 12 3 49 38 30 39 42 31 14 19 20 22 46 21 4 5 13 7 45 43 6 34 41 37 28 8 15 32 9 35 25 48 16 27 18 29 47 4
3 1 28 5 2 34 8 17 41 7 15 32 38 24 6 27 12 0 25 4 14 45 43 21 33 26 22 42 37 13 39 18 44 48 11 29 47 19 36 30 16 46 10 9 40 20 31 49 23 3
7 6 8 4 3 1 9 0 2 5
34 0 15 1 48 14 3 4 6 7 2 22 5 8 25 10 12 49 16 9 40 11 38 36 37 19 42 35 23 24 39 13 28 21 17 44 33 41 18 27 20 47 30 26 31 46 29 45 32 4
6 1 0 19 18 13 12 7 8 9 10 11 14 16 15 17 23 21 22 20 2 4 3 5
16 0 1 42 36 37 8 2 27 3 4 9 41 30 5 6 7 11 28 39 15 24 31 46 10 33 48 19 12 21 17 14 34 47 18 20 45 13 22 23 25 26 38 35 32 44 29 43 40 4
35 22 9 21 0 26 8 5 11 18 27 23 36 29 43 39 47 14 40 24 7 4 31 16 15 41 17 44 19 1 28 20 34 38 32 45 2 25 13 10 6 42 30 37 12 3 46 3
0 18 4 16 6 2 9 10 3 7 11 20 19 1 5 8 13 17 14 15 21 1
23 17 24 18 45 20 42 38 2 19 29 0 35 6 3 1 28 21 9 12 11 14 13 41 25 7 4 30 8 31 5 16 46 37 26 10 15 36 40 43 33 34 39 27 48 47 44 32 49 2
2 1 0 5 4 3 18 13 14 6 7 8 9 12 19 20 21 22 29 23 28 16 15 27 26 24 25 17 10 1
35 2 19 4 0 1 7 6 30 27 48 16 21 5 24 49 36 8 9 20 15 38 40 45 33 34 26 3 11 44 25 14 28 39 17 10 37 13 12 47 22 31 29 18 43 41 42 32 23 4
18 25 20 26 24 29 19 22 30 27 17 23 0 11 1 7 13 3 6 14 4 10 8 9 2 15 5 12 49 16 21 28 31 33 39 45 35 38 32 43 44 36 42 40 41 34 47 37 46 4
29 35 0 16 25 18 10 6 44 49 7 17 8 12 19 9 1 31 42 2 39 5 14 36 34 20 43 3 37 27 26 33 13 23 41 28 11 15 46 4 22 21 32 24 38 47 30 40 48 4
19 9 17 38 2 45 7 11 21 32 1 10 0 3 41 36 22 24 29 18 20 13 30 35 37 44 23 5 27 28 4 6 31 8 40 12 48 34 33 14 49 42 15 25 16 26 46 39 43 4
23 22 21 10 11 6 5 4 3 2 1 0 39 12 13 7 8 9 28 24 25 26 27 18 17 16 15 14 19 20 38 37 36 35 34 32 33 31 29 3
19 33 22 6 30 12 44 42 34 35 11 15 2 18 25 41 31 28 1 10 32 43 0 21 39 45 24 16 46 8 9 37 3 48 26 27 14 7 13 38 5 17 29 47 40 36 23 4 49 2
45 1 26 20 42 12 4 22 0 2 29 21 49 14 7 23 3 6 18 10 16 36 47 9 15 32 19 5 48 27 8 34 11 13 24 46 17 25 40 33 39 38 37 35 41 44 43 30 31 2
32 0 1 3 4 6 7 9 2 8 5 11 10 12 13 15 16 18 17 19 20 22 21 23 24 26 25 27 14 28 29 31 30 34 33 35 36 38 37 39 40 41 45 46 47 43 42 44 49 4
22 21 5 10 13 18 17 16 20 19 23 0 4 3 7 6 11 15 14 9 8 12 1 2
19 29 47 41 49 4 3 5 2 22 46 15 8 45 32 40 14 6 0 23 13 39 1 34 7 21 35 30 12 9 10 38 27 11 48 24 42 16 33 44 43 20 36 37 31 25 18 26 17 2
48 1 4 5 14 25 18 24 38 26 16 43 23 12 49 35 0 11 34 32 3 28 17 13 29 47 36 6 22 27 10 46 21 19 8 15 33 42 9 7 30 39 37 2 40 41 44 31 45 2
2 0 1 3 8 4 9 5 6 7
35 26 0 1 25 45 12 20 36 31 2 3 27 23 4 28 32 8 15 48 30 13 5 40 46 6 14 29 37 7 9 33 38 16 17 44 41 10 18 43 34 24 11 39 21 19 47 49 22 4
7 3 1 0 4 44 40 41 42 37 45 5 10 18 26 13 21 29 34 33 32 36 35 39 38 17 16 20 19 23 22 2 6 9 8 12 11 46 47 43 14 15 25 24 28 27 31 3
14 15 16 0 1 2 34 33 3 4 5 6 8 7 39 38 9 10 42 43 11 12 13 36 37 29 28 22 21 20 19 18 41 40 25 24 23 35 44 17 47 46 27 32 31 30 45 2
5 1 2 7 4 0 3 6
4 7 3 5 33 44 10 22 35 2 48 29 31 34 15 39 49 12 11 1 13 16 17 6 14 0 32 25 26 30 42 8 28 46 45 19 24 41 37 21 9 36 20 23 27 18 38 40 47 4
22 20 19 18 16 15 14 12 11 10 8 7 6 4 3 2 0 23 24 1 47 46 44 43 42 40 39 38 36 35 34 32 31 30 28 27 26 25 9 29 5 45 17 21 33 37 13 4
7 23 37 18 25 6 41 0 3 12 22 48 15 20 32 19 29 44 16 1 17 49 40 4 14 42 43 27 26 9 8 10 21 2 38 39 30 36 33 11 31 5 46 28 13 47 34 24 35 4
0 5 1 4 2 3
41 0 11 3 7 8 25 2 27 19 14 1 4 6 28 29 13 30 5 10 40 31 9 35 32 44 17 18 21 15 37 43 23 45 16 12 34 39 26 22 38 42 36 24 20 3
22 21 26 10 13 18 29 34 37 42 45 44 43 9 8 7 6 5 4 3 2 1 0 11 12 38 39 40 41 14 15 16 17 20 19 30 31 27 28 35 36 47 46 32 33 25 24 2
3 20 41 10 45 2 13 30 0 9 44 1 4 27 37 6 8 28 35 7 34 19 12 31 22 24 25 36 21 26 42 23 33 38 11 48 47 15 43 29 17 39 16 18 32 14 40 46 5 4
30 1 4 33 38 0 2 5 6 7 3 9 13 8 18 12 49 40 14 10 32 44 46 15 21 16 28 24 17 29 37 35 20 23 22 19 41 25 27 31 34 26 11 42 39 43 48 45 47 3
21 4 3 13 43 40 1 48 7 14 2 0 12 5 29 6 8 22 9 15 46 10 11 32 17 33 19 42 18 38 24 37 36 41 45 47 49 34 16 26 31 27 30 20 39 25 23 35 28 4
3 1 2 0
23 24 22 21 19 0 6 15 2 5 10 12 13 1 4 3 8 7 14 9 18 20 11 25 16 1
22 1 17 7 36 2 45 35 27 6 8 5 33 0 24 48 37 13 19 11 41 3 4 30 34 21 10 15 9 18 31 38 12 29 26 20 16 28 14 25 39 23 40 43 44 42 49 47 46 3
4 0 7 10 14 23 46 22 24 17 19 3 25 21 48 47 11 6 29 31 1 16 8 20 12 42 27 18 9 13 5 33 30 35 36 34 40 32 2 45 28 41 44 15 37 43 38 26 49 3
13 36 0 21 49 15 19 25 34 1 27 41 12 5 42 30 14 9 26 3 4 28 39 22 7 29 11 32 17 33 10 45 6 35 23 37 46 8 43 31 2 38 20 18 44 16 40 47 24 4
25 0 23 5 3 1 37 2 29 4 7 6 26 16 33 9 39 34 12 8 44 40 15 38 17 46 47 18 10 11 13 14 20 41 35 36 32 19 28 21 42 22 30 27 31 43 48 49 45 2
28 17 6 36 3 37 46 16 20 44 34 49 25 40 2 47 8 15 33 5 12 9 1 0 26 29 30 11 7 45 4 10 14 42 18 48 23 13 41 21 24 22 19 43 35 27 39 38 31 3
35 0 20 25 1 13 44 9 24 31 6 22 42 46 21 43 3 26 19 27 8 32 37 2 4 48 30 5 14 45 47 7 10 29 28 12 36 49 15 33 40 11 18 39 16 17 38 41 23 3
22 21 10 18 5 13 26 34 29 37 42 41 40 44 43 47 0 4 3 7 6 25 24 28 27 31 30 1 2 45 46 33 32 36 35 39 38 9 8 12 11 15 14 16 20 17 19 2
16 3 0 6 23 25 8 4 1 14 5 2 15 7 10 18 9 12 13 19 11 20 21 17 22 2
45 44 41 40 36 37 33 32 20 21 18 16 22 23 8 9 14 12 0 1 4 5 2 3 6 7 10 11 13 15 17 19 28 29 24 25 30 26 27 31 34 35 38 42 39 46 43 4
16 15 13 2 4 5 0 6 7 1 8 17 10 9 3 11 14 1
19 28 6 14 45 2 47 1 18 27 36 30 13 48 21 10 44 0 7 11 41 4 8 31 29 34 15 22 23 3 33 26 5 35 37 49 9 38 12 20 42 24 39 17 25 40 32 43 46 1
10 2 1 0 4 5 3 7 6 38 14 15 11 12 41 17 36 16 44 23 24 8 30 13 18 19 20 9 22 25 32 26 37 35 39 33 34 21 42 27 45 48 47 49 31 40 28 29 46 4
45 1 0 46 47 23 22 24 25 21 20 26 27 19 18 28 29 2 3 43 42 4 5 41 40 6 7 39 38 8 9 37 36 10 11 35 34 12 13 30 31 15 33 32 14 16 44 1
48 0 30 14 4 3 37 26 19 46 13 25 20 22 41 28 1 15 34 2 27 35 6 9 10 7 8 44 5 16 17 11 24 21 47 29 42 32 43 36 38 12 31 39 18 23 45 33 40 4
35 45 30 4 47 0 5 6 20 1 11 7 36 2 9 14 3 8 17 16 13 10 21 22 12 15 23 24 25 18 48 29 19 27 38 37 28 31 41 34 32 46 40 49 42 43 26 33 39 4
4 0 5 1 3 2
19 35 4 1 0 42 27 3 32 31 12 5 46 38 7 49 8 21 25 26 11 43 28 45 13 34 23 15 37 29 10 2 6 22 48 47 17 14 9 41 30 39 36 44 16 40 18 24 20 3
1 0 6 2 5 3 4 7
23 22 21 20 19 18 1 0 45 44 43 42 41 40 39 38 2 3 4 5 6 7 8 10 9 11 12 13 14 15 16 17 26 27 28 29 30 31 32 34 33 35 36 37 47 48 24 25 49 4
12 6 29 1 16 20 7 14 10 19 4 3 5 8 9 21 28 25 15 18 2 11 0 17 35 22 23 24 13 30 27 33 34 32 31 2
17 0 6 37 44 7 31 24 3 13 19 2 28 35 1 15 8 41 21 16 9 22 46 38 42 5 34 23 32 14 39 12 10 11 4 45 33 43 40 47 36 18 30 26 27 20 29 2
18 37 14 23 22 32 5 40 0 6 39 48 4 7 36 13 2 1 43 27 12 8 10 41 19 33 15 11 35 17 3 16 29 25 9 34 38 20 26 30 21 49 42 45 28 47 46 31 24 4
15 16 5 6 13 12 0 1 17 3 2 9 8 7 10 11 4 1
25 0 2 3 8 1 5 4 9 6 12 7 11 14 10 13 15 16 21 20 18 28 19 22 23 32 17 24 26 27 29 30 33 34 36 35 39 31 40 41 37 43 38 44 45 46 42 47 48 4
23 30 0 3 6 8 1 36 11 20 24 4 35 14 2 19 7 28 17 41 45 26 37 12 16 31 27 13 40 34 39 32 49 44 5 9 25 29 10 43 33 15 18 42 21 22 48 46 47 3
7 2 38 3 21 41 48 0 27 44 23 5 39 33 19 25 20 10 37 11 28 35 4 29 14 36 16 22 42 13 43 31 12 49 6 1 46 40 8 30 47 9 32 34 18 26 15 17 45 2
44 5 45 36 13 2 11 10 20 4 8 16 6 18 9 43 23 35 41 34 28 39 0 32 3 27 19 17 38 37 1 30 33 42 40 15 31 7 14 26 21 22 29 12 24 2
37 9 10 36 1 22 32 6 0 35 3 21 12 29 7 16 11 17 45 43 13 5 19 27 14 41 34 4 33 31 8 18 20 28 44 15 38 2 40 30 26 23 24 39 42 2
29 10 31 33 17 4 3 14 23 21 15 12 20 39 42 46 40 5 32 2 1 36 35 0 34 44 27 24 8 6 25 26 9 22 13 43 19 11 7 18 30 16 28 47 38 41 48 37 45 4
45 30 26 15 19 17 9 4 23 38 10 13 25 31 7 3 1 11 2 32 40 8 18 5 6 0 12 39 20 16 14 24 33 29 27 35 37 41 43 48 47 44 36 46 28 49 21 22 42 3
15 2 7 10 18 8 25 23 6 0 3 16 4 1 14 5 22 21 20 11 12 13 19 17 9 2
20 8 0 15 11 2 26 7 4 1 14 12 25 5 3 29 18 6 21 16 27 19 28 17 10 13 23 24 22 9
1 2 0 11 9 10 20 19 18 28 29 27 38 36 37 4 5 3 14 12 13 23 22 32 21 31 30 40 41 39 42 43 33 34 35 24 26 15 16 6 17 7 8 2
49 7 35 31 1 21 25 0 33 28 2 4 39 42 3 14 8 20 44 5 40 27 11 6 12 48 9 24 16 13 23 10 29 30 17 45 15 18 19 36 38 37 22 47 26 43 46 32 34 4
12 32 2 43 28 4 41 3 1 14 9 13 6 35 5 10 11 22 38 17 18 15 42 24 20 19 26 46 0 7 47 33 27 45 29 39 21 8 34 30 40 36 23 16 25 37 49 48 44 3
12 18 0 14 24 5 3 1 9 2 21 4 11 48 28 6 19 7 43 40 10 22 23 15 49 44 26 8 16 38 13 27 32 29 41 17 25 30 37 35 36 45 20 34 31 33 46 42 47 3
47 48 46 12 9 11 41 44 43 35 20 0 18 42 2 37 13 22 5 4 39 34 49 27 14 17 6 28 25 3 1 7 33 23 8 15 29 10 26 19 21 38 30 40 32 45 24 16 36 3
32 2 48 47 44 1 0 5 38 11 4 22 3 9 10 6 7 8 12 13 14 17 18 19 20 16 15 29 25 24 23 21 28 27 26 41 40 39 33 34 35 31 30 42 43 36 37 45 46 4
14 1 7 23 9 17 6 22 0 43 4 49 26 2 42 20 5 30 10 13 19 31 35 29 3 15 46 11 8 33 12 37 18 48 21 27 32 34 16 44 38 24 39 28 25 45 40 36 41 4
21 5 38 16 1 4 12 22 6 0 15 33 17 27 18 42 2 19 31 35 13 45 30 24 25 28 23 20 34 3 43 29 8 14 32 39 9 40 10 7 37 47 44 41 36 26 46 1
3 2 1 0 7 9 10 11 12 8 4 16 20 24 28 32 40 44 36 35 34 33 37 38 39 5 6 42 41 45 46 47 27 26 25 29 30 19 18 17 21 22 13 14 15 23 31 4
16 3 28 31 15 30 1 25 0 22 19 11 10 6 8 12 9 23 29 18 20 4 7 21 13 5 26 2 27 17 14 2
49 47 23 1 25 26 7 0 27 28 2 3 29 30 24 19 31 32 22 18 33 34 21 4 35 36 11 5 39 37 20 6 41 42 17 14 43 44 9 10 38 12 13 40 8 15 45 48 16 4
9 0 2 4 3 6 1 7 8 5 10 15 12 11 13 1
14 8 13 0 1 9 21 16 20 18 15 10 6 2 19 4 3 12 17 7 23 11 24 5 25 2
5 3 42 24 11 9 38 36 29 31 16 0 1 18 26 45 48 21 4 47 2 28 13 35 10 39 27 8 12 37 7 6 46 41 40 30 17 15 32 19 22 49 14 25 44 34 33 43 20 2
3 5 0 2 4 1
39 40 38 17 7 6 0 1 2 3 4 5 12 10 31 15 20 47 9 8 35 11 42 13 29 14 32 43 26 36 49 21 48 18 24 16 44 22 41 45 33 30 34 37 19 28 27 25 23 4
11 10 9 21 20 16 17 29 28 24 25 37 36 32 33 45 44 40 41 5 4 0 1 13 12 8 7 14 2 3 23 30 26 27 15 22 18 19 31 35 34 6 47 39 46 38 42 4
3 1 21 5 16 14 40 0 22 33 41 27 49 43 7 46 2 34 11 39 26 30 48 17 15 6 13 36 8 23 10 47 4 18 29 9 37 35 20 28 38 24 32 44 19 31 12 45 25 4
29 28 21 2 1 25 3 18 26 4 0 15 7 30 6 5 41 37 17 39 8 9 48 35 11 34 45 12 10 23 20 14 43 47 16 32 40 31 44 38 22 42 36 24 19 46 13 27 49 3
9 6 3 4 0 7 2 26 36 22 5 1 40 31 27 30 39 12 23 44 14 35 34 45 49 8 15 18 10 25 29 37 16 33 17 24 43 46 28 38 48 13 47 21 20 11 32 41 19 4
36 27 44 9 32 45 42 2 10 5 0 6 33 13 37 20 43 4 14 41 3 12 47 24 46 39 21 30 17 11 38 8 7 49 1 16 28 26 34 23 31 35 19 15 18 29 40 25 48 2
20 19 12 48 43 24 3 4 40 1 36 25 6 17 10 18 42 8 47 5 11 41 7 31 2 32 26 34 22 13 0 9 23 49 45 29 15 39 44 21 16 30 38 33 46 35 14 27 37 2
19 18 1 38 45 7 2 14 33 4 29 23 35 5 20 17 47 6 32 13 11 10 0 37 41 9 15 21 48 42 30 8 16 26 22 39 40 25 49 36 34 43 3 46 24 12 44 31 27 2
24 1 22 6 40 48 36 19 41 29 0 2 23 17 16 9 28 11 5 35 18 33 10 3 15 14 8 31 12 44 26 49 25 21 7 30 13 47 20 46 34 27 45 39 37 42 43 38 4 3
44 35 15 2 41 3 29 1 43 49 39 48 47 8 37 0 10 4 11 5 32 18 26 13 7 21 9 23 12 14 40 20 46 25 16 36 33 17 34 19 38 27 24 22 45 31 42 30 6 2
16 34 21 19 40 25 8 13 0 5 9 49 2 37 47 45 36 7 1 42 39 27 32 14 6 3 17 20 10 28 22 43 33 4 23 31 29 11 35 12 48 30 44 38 15 46 41 24 26 1
40 0 1 16 42 6 38 2 3 9 47 4 18 17 32 30 41 46 35 5 45 21 48 22 20 34 33 10 7 26 29 8 11 12 25 14 13 15 19 23 31 27 28 37 43 39 49 24 44 3
25 24 28 27 31 30 29 5 10 18 13 21 26 34 42 37 45 46 47 43 44 40 39 35 36 32 33 41 0 4 3 7 6 38 1 2 11 15 14 12 8 9 17 16 20 19 23 2
26 41 6 7 13 30 22 29 36 3 9 16 38 21 4 23 33 18 20 5 10 1 17 11 2 0 44 45 34 19 14 35 8 25 12 31 28 43 15 37 47 32 48 49 24 42 46 27 40 3
26 0 49 1 2 25 3 48 4 5 27 6 47 7 46 8 45 9 10 28 11 12 29 13 14 30 15 31 16 32 33 17 34 35 18 36 37 19 38 39 20 40 21 22 41 23 42 43 24 4
48 46 14 13 25 27 5 12 31 26 1 3 28 34 7 0 41 35 22 6 33 29 17 4 32 38 20 2 39 30 10 23 44 37 8 11 36 47 15 16 40 24 19 42 9 18 45 43 21 4
36 25 22 9 0 27 16 4 7 14 1 15 46 21 10 11 8 12 45 13 30 33 2 19 34 44 17 39 6 3 40 20 31 23 42 5 18 24 35 49 26 29 38 43 28 48 41 37 32 4
2 0 1 18 9 15 6 4 11 13 8 19 5 7 17 16 10 3 12 1
12 0 25 1 2 26 3 4 27 5 6 28 7 8 29 9 10 30 15 43 20 42 18 31 32 14 34 35 11 44 33 13 36 37 16 49 47 19 38 39 17 40 21 22 41 24 45 46 23 4
19 3 38 12 45 2 27 6 5 34 17 9 28 18 1 0 47 22 23 37 30 33 7 26 24 43 36 15 16 41 4 11 31 42 46 40 44 25 13 49 8 39 10 29 48 14 21 20 35 3
49 25 0 1 26 27 2 3 28 29 4 5 30 31 6 7 32 33 8 9 34 35 10 11 36 37 12 13 38 39 14 15 40 41 16 17 42 43 18 19 44 20 21 45 22 23 46 47 24 4
3 1 6 12 17 24 27 28 23 4 8 15 18 22 32 33 36 41 10 19 2 38 20 25 35 37 45 47 44 40 43 46 5 29 21 26 31 39 14 0 7 11 9 13 30 42 16 48 49 3
3 2 0 7 6 9 12 13 4 5 11 1 10 8
0 4 5 1 2 6 3 7
46 47 0 1 23 24 25 3 2 10 11 12 13 15 14 16 17 18 19 4 5 6 7 9 8 27 26 28 29 30 31 21 20 22 32 33 34 36 35 37 38 39 42 43 41 40 44 4
22 21 10 9 8 12 11 15 16 20 19 23 0 4 3 7 6 5 17 1 2 13 14 1
7 23 28 2 11 16 1 0 18 31 27 46 9 44 38 42 35 3 22 48 5 32 14 12 26 4 15 10 6 8 47 43 40 39 41 19 20 37 24 17 13 29 25 49 21 36 33 30 45 3
26 23 8 0 1 34 18 44 49 11 20 24 4 6 12 15 39 7 16 21 5 3 29 36 10 2 22 19 43 30 47 31 25 41 13 40 28 46 9 45 35 48 32 37 33 17 27 14 38 4
7 0 2 4 9 1 3 5 11 6 10 12 14 8 13 1
2 18 16 11 33 29 19 28 10 17 27 9 3 34 13 4 12 21 35 36 26 24 5 0 1 7 6 32 25 39 30 37 23 38 31 8 20 22 14 1
45 46 40 49 1 3 8 12 4 0 2 25 15 38 35 6 5 48 10 44 24 13 11 14 9 43 16 19 7 31 26 42 18 17 37 20 33 32 21 36 23 28 22 29 30 41 34 27 47 3
36 4 2 3 12 40 10 16 48 13 0 46 34 41 6 15 9 17 30 7 14 39 19 45 18 44 25 20 1 5 8 11 21 37 31 33 26 24 38 29 23 42 47 22 32 43 27 28 49 3
30 3 32 42 2 26 6 11 7 37 12 8 13 14 43 16 17 29 4 0 21 49 31 39 22 44 5 25 19 9 1 40 20 24 28 15 36 18 34 10 48 27 41 33 46 23 45 47 35 3
31 30 1 0 28 3 2 41 43 42 33 34 35 49 6 7 5 4 14 8 10 9 11 12 13 16 21 20 48 15 39 38 29 25 26 17 18 19 23 37 36 44 24 32 47 46 45 27 22 4
11 18 26 8 0 14 5 3 29 2 33 32 23 30 1 12 17 27 16 31 4 15 10 20 9 21 6 7 25 22 28 19 24 1
25 0 7 1 10 3 8 47 33 38 40 39 6 24 17 48 13 44 18 27 2 41 29 28 5 31 4 20 9 22 12 37 43 26 42 11 21 14 34 15 23 30 32 49 16 36 35 45 46 1
8 33 18 10 29 38 49 22 5 21 0 28 39 7 36 1 26 16 17 40 24 42 2 47 3 23 6 43 4 11 45 12 9 32 19 14 27 13 25 15 30 31 37 20 48 41 34 35 44 4
30 1 23 7 16 3 26 17 12 39 4 11 37 10 6 38 18 5 2 34 8 0 31 19 21 13 28 15 35 20 9 14 24 33 27 29 32 36 25 2
9 0 1 2 3 4 15 5 6 22 7 8 18 11 19 20 16 13 10 12 17 21 14 2
42 37 45 26 5 10 18 13 21 34 29 30 31 27 28 24 23 19 20 16 17 2 1 0 4 3 7 6 9 8 12 11 15 14 25 48 49 22 33 32 36 35 38 39 40 44 43 47 46 4
46 45 41 42 43 0 1 2 3 4 8 12 16 20 24 28 32 36 40 44 35 34 33 37 38 25 26 27 19 18 17 21 22 23 11 10 9 13 14 15 6 5 7 30 29 39 31 4
20 0 44 16 4 39 26 41 2 5 35 9 1 40 7 11 19 15 3 14 38 8 21 48 30 34 28 37 23 45 27 42 18 25 13 32 6 49 46 17 24 29 31 12 47 43 10 33 36 2
4 3 5 1 2 0
27 40 11 16 43 39 34 22 18 9 13 29 21 26 37 42 45 46 28 1 32 4 3 7 6 0 33 24 2 12 31 30 41 10 17 15 47 23 8 35 25 44 38 36 5 14 20 1
5 0 1 8 2 6 3 4 7 9
4 0 1 3 2 5
44 43 42 41 40 39 38 37 36 35 34 33 32 31 30 29 28 27 26 25 24 23 22 21 20 19 18 17 16 15 14 13 12 11 10 9 8 7 6 5 4 3 2 1 0 46 45 47 48 4
39 30 17 44 42 1 40 26 4 46 2 20 16 8 5 24 15 23 9 3 37 35 22 12 11 41 47 38 18 43 29 19 6 14 25 33 13 7 31 48 0 10 34 32 27 21 49 28 45 3
49 46 25 18 15 8 1 3 0 2 4 5 6 7 9 10 11 12 13 14 16 17 19 20 21 22 23 24 26 27 28 29 30 31 32 34 33 35 37 38 36 41 39 40 44 42 45 47 43 4
8 1 2 6 7 43 42 46 47 35 34 38 39 27 26 30 31 19 18 22 23 11 10 14 15 3 4 5 13 12 0 41 9 16 20 21 25 29 28 24 17 33 40 36 37 45 44 3
24 27 0 6 15 2 4 14 26 1 5 16 8 7 17 22 3 19 23 10 11 21 12 9 18 25 13 2
14 1 0 2 3 4 5 6 7 8 9 10 11 12 13 49 16 17 18 15 48 19 20 21 22 23 24 25 26 27 28 29 30 31 32 33 34 35 36 37 38 39 40 41 42 44 45 43 46 4
26 11 2 39 29 12 1 42 18 3 5 14 4 27 0 23 20 41 13 49 43 16 48 17 32 10 22 38 6 15 19 40 7 30 33 8 35 37 9 34 21 47 44 24 36 46 28 25 45 3
1 7 31 0 27 22 11 47 36 17 12 23 29 35 39 28 38 4 9 3 44 46 5 10 15 14 19 8 13 32 33 6 2 41 26 24 21 42 34 25 49 20 30 18 48 43 40 37 45 1
38 47 0 4 49 1 2 41 35 17 3 27 20 6 46 8 15 44 7 32 31 24 21 29 12 25 34 19 18 30 14 9 37 33 22 28 26 5 40 42 11 39 10 13 43 16 48 45 23 3
44 45 19 48 37 4 0 11 16 5 1 13 36 3 46 29 2 34 47 23 33 8 35 14 21 26 9 15 20 30 12 6 31 38 28 10 7 25 27 49 17 22 40 18 32 43 24 42 41 3
2 1 0 4 3 7 6 5 10 9 8 12 11 15 14 1
48 4 10 0 7 27 44 42 3 1 2 6 21 12 5 8 9 22 45 23 13 11 16 39 31 33 37 14 20 24 30 46 28 32 17 34 35 15 40 47 36 25 38 19 41 26 29 43 18 4
11 6 47 40 42 4 1 19 35 10 3 2 26 49 17 5 31 12 43 46 7 45 33 38 29 0 9 14 8 18 44 25 15 23 36 21 22 27 30 39 24 16 13 32 20 48 28 41 34 3
2 22 9 4 6 15 5 42 13 7 45 17 43 11 1 0 19 14 27 10 24 3 18 26 31 30 41 28 12 34 49 20 29 32 8 23 16 39 35 21 33 47 37 46 38 40 36 25 48 4
0 9 1 5 6 7 8 3 2 4
16 15 0 1 2 3 4 5 6 19 18 9 10 11 12 13 14 8 7 1
9 4 8 3 0 5 2 7 1 6 29 11 18 17 10 13 15 12 14 19 16 41 44 40 43 47 42 46 45 48 20 28 25 22 26 23 24 21 27 31 30 37 34 32 49 38 39 33 36 3
27 17 37 41 20 13 3 10 24 0 4 45 44 25 5 8 1 2 42 26 6 19 28 29 36 12 35 33 21 16 30 43 34 9 31 32 22 7 40 15 38 48 47 39 11 46 18 14 49 2
44 0 1 39 5 2 4 8 13 37 10 42 3 6 9 11 7 48 12 30 14 49 20 16 17 36 26 34 27 43 19 18 22 47 15 31 38 23 25 40 28 21 33 35 29 41 24 45 32 4
30 22 14 9 20 47 7 40 5 36 0 3 15 11 43 6 1 8 12 45 35 42 13 17 44 16 2 26 33 37 10 21 41 18 24 49 4 46 34 28 23 38 39 27 25 29 31 48 32 1
2 0 4 3 1 5
21 19 2 6 15 5 1 10 20 8 0 22 11 26 7 4 3 13 23 14 18 16 12 24 17 27 9 28 25 2
2 0 1 6 4 3 9 8 7 5
32 27 0 1 8 22 7 10 21 3 20 2 5 30 13 17 18 41 46 23 15 40 26 37 33 28 42 49 36 11 38 45 9 14 48 19 31 6 12 25 16 29 43 4 35 39 34 44 47 2
12 11 10 9 1 2 0 5 3 4 16 27 26 25 15 14 13 24 23 19 18 17 20 21 22 6 8 7
6 32 40 47 34 0 13 19 2 10 16 20 4 43 25 7 5 17 12 27 8 22 21 31 26 9 1 14 44 18 35 41 15 29 45 30 23 11 38 39 28 33 48 36 49 46 3 37 42 2
9 8 0 15 23 39 47 32 16 24 25 26 27 28 29 1 2 3 4 5 14 13 12 11 10 6 7 40 31 30 46 45 44 43 42 41 34 33 38 37 36 35 20 17 18 19 22 2
23 11 33 1 20 2 5 7 29 39 6 26 3 18 48 43 9 34 16 4 45 8 38 12 15 28 30 47 37 27 41 17 35 32 19 13 0 14 22 31 10 44 21 25 40 24 49 36 46 4
4 0 26 27 2 1 25 28 3 5 29 30 6 7 32 31 8 9 33 34 10 11 35 36 12 13 37 38 16 14 39 40 15 17 41 42 18 19 43 44 20 48 47 21 45 46 22 23 49 2
22 4 3 1 27 2 5 10 13 15 17 35 0 8 7 11 12 6 14 16 9 19 18 25 30 20 31 43 46 40 44 21 28 26 24 38 29 36 32 34 45 23 37 39 41 33 42 47 48 4
40 39 38 37 10 13 18 21 26 29 34 42 45 44 43 46 47 33 32 31 30 0 1 2 3 4 5 6 7 8 9 12 11 14 15 16 17 19 20 25 24 23 22 28 27 35 36 4
12 13 1 7 16 11 8 3 15 0 10 5 6 14 2 18 17 19 4 9
0 1 2 3 4 5 6 7 8 9 10 11 12 13 14 15 16 17 18 19 20 21 22 23 24 25 26 27 28 29 30 31 32 33 34 35 36 37 38 39 40 41 42 43 44 46 45 47 48 4
16 17 1 26 40 8 45 0 12 23 28 6 3 24 2 49 21 13 11 34 5 33 39 7 42 4 19 18 25 38 48 43 44 37 35 36 14 15 22 9 20 27 30 46 31 41 32 47 10 2
44 18 41 19 3 17 4 0 1 6 9 49 2 13 5 7 21 38 32 20 23 46 14 12 24 11 47 42 10 15 36 16 45 26 22 35 25 27 48 28 31 33 34 39 37 43 29 30 40 8
23 9 2 16 15 22 6 35 19 14 45 21 33 25 10 0 40 3 42 41 44 5 13 27 7 32 47 1 17 49 24 36 38 37 31 4 30 18 20 29 12 34 39 48 8 11 26 28 46 4
6 0 1 2 3 4 5 7 8 9
38 20 13 31 1 25 19 37 43 7 9 2 4 3 5 8 10 11 41 23 29 44 14 32 30 12 42 6 36 18 24 0 17 35 21 39 26 40 22 15 33 46 16 34 47 27 28 4
39 37 14 7 13 36 1 30 0 38 28 18 35 19 42 20 9 34 49 15 17 26 12 10 40 4 21 33 22 47 32 2 5 8 3 16 31 29 27 11 6 45 41 25 44 43 24 46 23 4
44 41 40 45 46 0 1 4 5 2 3 6 7 8 9 12 13 10 11 14 15 16 17 20 21 18 19 22 23 24 25 28 29 26 27 31 30 32 33 36 37 34 38 39 35 42 47 4
13 10 1 47 7 5 42 20 3 22 9 12 2 45 0 18 8 36 16 19 46 38 4 21 49 39 6 17 34 32 11 41 25 27 15 29 26 24 14 33 44 48 23 30 28 31 43 35 37 4
15 8 5 1 10 13 19 0 2 25 22 9 17 24 14 11 16 21 4 20 12 3 18 6 23 7
1 9 13 5 8 3 15 6 14 4 0 7 2 11 10 1
5 3 8 7 0 1 6 2 14 15 16 17 19 18 10 11 9 12 13 4
24 0 47 2 12 35 39 15 5 25 49 13 17 33 28 6 16 38 43 1 4 40 26 21 7 27 31 10 36 3 45 18 11 30 42 9 41 44 14 37 29 22 23 34 8 20 46 48 19 3
23 39 5 6 4 20 43 46 14 34 0 10 1 29 18 3 7 44 21 12 9 40 16 45 17 8 11 30 22 37 15 13 24 31 35 41 25 36 19 33 28 48 26 49 42 32 27 38 2 4
6 0 1 4 3 5 7 2 11 14 13 18 19 22 20 27 21 8 9 12 10 17 15 16 23 24 26 25 28 29 32 30 37 31 34 33 38 39 35 36 41 49 43 46 45 47 42 48 44 4
25 29 10 8 5 40 42 22 17 9 6 44 20 15 7 1 4 0 12 30 16 14 39 37 47 24 13 36 35 27 31 11 49 38 48 41 3 45 32 18 2 34 46 19 33 21 43 23 28 2
5 9 4 6 3 0 8 7 1 2
41 18 20 0 1 27 8 9 5 6 7 2 15 10 23 11 40 16 32 17 19 13 36 31 33 37 12 46 39 45 44 48 30 34 3 14 43 4 22 26 21 24 28 29 25 38 35 42 49 4
2 0 3 4 1 5
2 1 12 11 0 15 14 3 7 8 6 5 9 10 4 1
0 1 2 3 4 5 6 7 8 9 10 11 12 13 14 15 16 17 18 19 20 21 22 23 24 25 26 27 28 29 30 31 32 33 34 35 36 37 38 39 40 41 42 43 44 46 45 47 48 4
25 8 20 39 3 36 4 17 24 35 19 1 37 6 0 9 13 43 18 26 31 47 7 5 32 12 28 27 23 2 42 45 21 10 15 14 44 34 11 40 46 38 41 16 29 22 30 48 49 3
26 3 7 25 1 0 27 2 29 4 5 28 8 9 30 6 31 12 13 33 14 32 15 34 16 39 18 41 19 35 36 17 37 40 10 38 43 11 42 44 20 45 21 22 46 23 47 48 24 4
9 21 14 0 3 1 5 8 11 2 4 13 6 15 7 20 10 12 17 18 16 1
32 46 2 3 6 30 37 5 38 13 9 16 43 45 41 0 18 22 11 19 12 8 40 4 47 21 27 1 24 39 20 31 34 44 10 28 33 7 35 25 49 17 15 14 36 23 26 42 48 2
41 40 0 1 38 30 9 2 43 42 8 3 49 44 14 10 33 31 15 11 25 20 21 26 22 23 27 24 28 29 4 5 32 34 6 7 35 36 12 37 39 13 16 47 17 18 48 45 19 4
26 3 2 1 0 7 6 5 4 8 22 24 16 23 13 17 21 33 42 29 32 19 12 14 18 9 38 20 10 37 25 11 15 30 34 41 39 46 27 43 36 28 47 45 31 35 44 4
49 3 23 30 5 4 10 0 8 35 16 15 1 11 9 12 45 25 2 6 41 22 42 33 24 21 17 43 19 28 14 32 13 39 47 48 44 18 20 31 29 7 38 36 27 34 26 46 40 3
38 49 24 13 25 0 3 26 1 2 27 4 29 47 5 6 43 23 21 28 40 7 8 33 32 9 10 45 11 17 48 12 37 31 16 41 30 14 34 35 15 36 18 46 19 20 39 42 22 4
18 0 25 1 2 26 3 4 27 5 6 28 7 8 29 9 10 30 11 12 31 32 13 33 34 14 35 36 15 37 38 16 39 40 17 41 42 19 43 44 20 45 21 22 46 23 47 48 24 4
1 0 2 3
13 19 37 5 21 26 23 3 25 1 46 41 0 4 27 32 2 6 33 30 7 11 43 16 15 29 14 31 35 8 42 17 44 36 20 28 34 9 38 47 10 45 12 24 48 18 39 49 22 4
2 12 5 48 22 6 39 0 4 49 9 44 16 8 7 47 10 1 14 20 13 18 37 30 28 19 31 3 15 36 33 29 17 11 46 41 42 25 23 32 21 24 27 35 38 26 45 40 43 3
14 0 2 4 12 13 1 23 39 41 5 37 3 26 7 21 32 34 28 48 38 9 40 20 36 30 35 8 27 15 31 47 6 17 10 11 43 18 16 29 22 24 19 33 44 49 42 25 46 4
37 36 35 34 0 1 3 2 47 46 6 5 4 7 8 9 10 12 11 13 14 15 16 18 17 19 20 21 22 24 23 25 26 27 28 30 29 31 32 33 39 38 40 41 42 43 45 4
6 7 0 1 4 5 16 18 13 12 10 11 14 2 3 28 29 19 17 31 30 8 9 15 27 24 22 26 23 21 25 2
36 1 8 2 16 12 5 32 6 28 7 4 13 30 48 15 14 17 44 29 0 25 31 39 3 42 46 26 23 21 38 9 27 11 49 47 22 10 40 35 34 19 20 41 18 33 37 43 24 4
34 9 26 2 1 43 29 5 6 47 38 4 0 10 8 28 13 39 27 36 25 30 24 3 16 12 14 11 18 15 19 49 46 23 40 20 22 42 32 48 44 31 17 33 35 7 21 45 37 4
33 8 28 11 2 0 36 27 22 7 30 39 32 20 10 5 14 6 21 1 35 34 23 26 19 37 4 25 13 31 12 16 24 9 18 29 3 38 15 1
8 24 36 46 1 6 16 3 32 20 31 49 35 26 5 0 42 40 4 48 18 13 7 10 23 9 2 27 25 45 17 14 21 19 22 30 34 11 15 47 33 37 39 29 12 38 28 41 43 4
38 39 40 36 35 31 32 28 27 23 24 20 19 15 16 12 11 7 8 4 3 2 1 0 6 5 10 18 13 21 26 34 29 37 42 41 49 9 14 25 22 17 30 33 47 43 44 45 46 4
34 13 15 0 26 1 49 2 22 5 4 3 11 12 6 27 43 28 47 45 36 19 18 25 39 32 24 35 23 10 7 16 38 41 42 17 8 9 44 14 48 30 33 20 46 37 31 29 40 2
8 42 0 3 44 48 9 5 6 43 33 7 21 10 2 19 37 46 25 17 4 16 34 47 11 24 23 28 1 30 12 22 36 31 39 20 15 49 32 13 41 35 38 27 26 18 14 45 29 4
23 3 21 13 12 33 32 10 9 2 6 7 8 11 29 1 0 15 14 16 18 43 42 40 19 5 4 20 25 24 35 39 38 34 30 22 49 48 47 26 27 28 17 37 36 41 31 45 46 4
38 10 21 43 49 1 46 48 9 37 11 31 23 0 26 3 32 5 14 42 45 12 7 17 44 47 40 2 19 4 24 13 34 15 18 6 28 25 35 41 16 8 27 39 36 29 30 33 20 2
26 0 1 2 3 4 5 6 7 8 9 10 11 12 13 14 15 16 17 18 19 20 21 22 23 24 25 27 28 29 30 31 32 33 34 35 36 37 38 39 40 41 42 43 44 46 45 47 48 4
24 34 1 11 8 22 35 43 41 6 47 2 31 49 38 4 30 9 15 48 44 36 20 39 19 0 5 3 28 7 46 10 42 40 29 26 23 33 12 13 17 18 25 27 14 37 32 45 16 2
28 2 12 6 49 4 13 18 1 0 3 5 42 9 8 37 10 33 11 35 46 31 47 15 19 7 16 43 17 27 39 14 20 21 38 29 40 26 24 22 41 23 48 25 30 32 44 36 34 4
26 2 0 8 35 3 46 7 4 14 20 25 5 34 1 18 19 12 36 9 21 43 44 38 39 24 15 23 10 33 11 22 31 27 29 28 6 16 48 17 32 47 41 13 42 30 37 40 45 4
19 18 4 21 15 48 36 47 39 20 12 17 0 2 24 30 28 11 40 32 46 38 9 29 5 35 1 8 16 3 14 43 7 25 22 10 45 27 6 34 31 37 33 42 13 26 41 23 49 4
0 1 3 2 4 5 6 7 8 9 10 11 13 12 14 15 16 17 18 19 20 47 48 21 22 23 24 25 26 27 28 29 30 31 32 33 34 36 35 37 38 39 40 44 43 45 46 42 41 4
7 0 2 1 3 4 5 6 8 9 10 11 12 14 13 15 18 16 19 22 17 20 23 2
4 3 1 5 6 2 0 7
17 31 4 9 26 49 6 7 37 12 22 36 5 2 30 0 47 21 20 27 8 13 40 19 48 14 28 32 15 43 46 1 29 38 10 25 33 11 34 41 18 39 3 23 45 24 42 35 16 4
9 8 12 11 15 14 13 21 26 34 5 10 18 29 37 42 41 40 44 43 47 46 45 2 1 0 4 3 7 6 17 16 20 19 23 22 25 24 28 27 30 31 32 36 35 39 38 3
45 38 35 32 29 26 19 17 14 11 4 1 0 3 2 5 6 7 8 9 10 12 13 15 16 18 20 21 22 23 24 25 27 28 30 31 33 36 34 37 39 40 42 41 43 44 46 47 49 4
39 12 19 25 23 5 14 4 20 2 33 8 11 13 28 9 30 15 38 41 40 18 6 7 10 3 45 43 0 1 21 17 16 31 49 46 26 48 22 29 34 35 27 44 42 24 32 36 47 3
22 4 1 0 49 2 26 36 3 15 8 24 35 37 34 12 16 21 5 46 41 6 10 27 31 28 9 30 23 32 29 45 48 11 17 33 38 47 7 20 19 18 14 13 43 40 44 25 42 3
32 1 6 0 2 3 12 19 27 23 36 20 21 11 35 34 22 7 8 28 16 18 41 4 31 46 15 9 40 43 42 44 14 47 39 25 29 13 33 17 10 30 37 38 45 5 26 2
5 27 44 19 0 32 2 18 43 6 3 4 41 15 1 8 33 36 26 28 40 49 22 10 34 7 11 39 30 12 45 37 13 38 9 23 46 21 24 14 16 20 25 29 31 48 42 35 17 4
39 1 49 21 7 11 0 18 14 8 4 28 27 6 9 41 43 35 30 47 31 15 13 19 44 26 10 5 17 22 23 20 25 12 34 46 40 29 45 2 3 16 33 24 48 37 42 32 38 3
37 42 6 35 10 48 9 4 0 30 23 25 29 36 20 15 12 17 16 13 28 7 2 5 3 1 8 34 21 31 45 44 22 46 18 24 27 14 33 32 43 11 47 40 19 26 38 39 49 4
28 21 14 7 0 1 2 3 4 5 6 11 13 18 16 9 12 19 17 8 15 10 20 25 22 24 27 29 26 2
24 29 26 14 6 3 8 10 41 4 40 44 25 49 1 2 39 17 47 5 12 36 38 35 9 19 43 13 20 33 15 11 42 45 46 28 22 16 32 34 0 37 18 23 7 48 27 21 31 3
36 27 15 32 48 29 0 5 12 4 2 3 6 17 18 46 28 20 22 25 9 13 16 30 31 1 8 19 34 49 10 33 7 26 42 11 14 41 23 21 37 43 44 38 35 39 45 47 24 4
0 1 2 3
28 27 26 24 23 22 31 30 29 32 3 2 0 4 5 6 8 9 10 1 7 11 12 14 15 16 13 17 18 19 34 33 37 36 21 20 40 39 38 47 45 44 35 41 42 43 46 2
5 2 14 15 6 0 10 11 9 18 12 7 1 13 3 4 16 17 8 1
22 14 0 1 15 16 2 3 17 18 4 5 19 20 6 7 21 8 9 23 24 10 25 26 11 12 27 1
16 14 32 1 46 11 43 48 8 33 4 10 27 28 17 45 13 35 7 37 5 49 3 42 12 29 0 25 23 20 47 31 19 34 9 15 22 24 2 18 30 40 26 36 39 44 21 38 6 4
13 30 44 38 20 24 5 49 10 0 22 40 12 35 16 21 4 33 47 37 2 8 26 15 31 11 7 1 3 19 9 18 17 36 29 14 34 42 25 43 39 27 23 6 46 28 32 48 41 4
3 0 9 7 4 6 5 8 1 2
31 0 6 2 3 35 1 10 37 7 27 46 26 5 29 25 4 9 16 13 18 49 48 40 12 8 41 15 34 11 17 28 14 22 21 23 43 32 30 33 19 36 45 20 38 47 24 42 39 4
23 15 19 5 45 4 27 11 35 47 41 3 1 6 28 25 18 0 8 2 49 29 10 12 20 30 13 16 9 21 17 34 43 22 7 42 14 24 33 26 31 37 38 36 32 40 48 46 39 4
22 18 14 12 11 6 2 5 19 23 24 25 7 9 15 13 21 20 3 4 8 10 27 26 30 31 0 1 32 33 29 28 34 35 36 38 42 41 37 47 44 39 43 45 16 17 46 4
45 31 5 24 41 0 47 9 10 8 32 17 11 38 3 13 15 35 6 26 28 1 12 7 29 40 14 16 22 30 48 2 42 19 33 4 21 49 25 20 39 43 27 36 46 18 44 34 23 3
1 0 2 3 5 4
36 0 1 2 3 4 5 6 7 8 9 10 11 12 13 14 15 16 17 18 19 20 21 22 24 23 49 48 31 30 27 26 41 40 25 43 42 28 45 44 29 47 46 37 38 39 32 34 33 3
5 18 44 2 16 4 0 19 21 3 6 32 14 11 36 9 39 7 30 17 13 24 10 35 15 1 41 33 8 34 20 23 25 12 37 40 22 26 31 27 45 43 42 29 28 3