6 5 0 4 3 2 7 1
5 3 2 6 1 7 0 4 9 8
26 15 13 4 18 0 12 43 16 35 38 2 24 9 8 20 7 1 44 39 30 10 3 34 36 5 37 27 6 14 40 22 33 21 28 42 31 41 11 47 32 19 45 17 23 29 46 2
25 42 48 0 2 23 36 1 39 8 35 5 37 29 3 46 13 9 49 45 21 11 4 6 15 41 27 18 30 47 16 24 32 17 20 7 19 14 22 10 12 34 31 43 38 33 26 44 40 2
47 48 13 14 7 0 3 1 4 2 5 6 8 9 10 11 12 15 16 17 18 19 20 21 22 23 24 25 26 28 27 29 30 31 32 34 33 35 38 41 39 37 36 40 44 42 45 46 43 4
25 2 31 27 26 4 9 22 36 13 17 30 37 0 46 7 1 16 34 28 10 12 6 11 19 3 8 41 39 44 47 45 23 15 5 14 29 38 18 20 43 24 49 40 42 33 35 32 48 2
34 2 47 13 40 6 7 36 28 3 33 8 9 18 10 41 43 26 17 24 31 5 4 0 29 45 46 15 1 38 42 21 11 16 23 30 35 20 48 25 12 49 22 19 14 32 37 27 44 3
18 19 1 42 0 35 15 2 30 8 3 5 47 12 6 41 31 45 4 20 49 46 7 14 24 11 27 38 10 13 21 44 32 9 26 17 22 37 16 28 23 34 29 25 39 48 33 36 43 4
19 17 0 8 15 13 1 2 21 11 3 4 14 10 5 12 6 9 16 18 7 2
6 4 1 2 0 3 5 8 7 9 18 10 11 12 14 13 17 16 15 19 20 21 24 27 22 23 25 28 26 30 39 37 32 31 35 38 34 33 36 29 46 41 40 44 43 48 45 49 42 4
4 3 1 2 5 0
11 8 7 4 2 1 0 3 5 10 18 13 21 22 23 20 19 16 17 9 6 14 15 1
13 11 0 40 4 46 5 16 12 30 24 25 2 1 3 10 27 6 8 7 34 14 23 18 19 9 17 15 21 20 26 22 28 29 32 31 35 33 36 42 44 43 47 37 39 45 38 41 48 4
15 1 0 4 23 9 12 3 2 8 16 6 5 20 24 25 29 26 27 33 30 28 41 35 31 37 32 34 7 10 36 39 17 11 38 40 13 14 44 45 49 43 42 19 47 46 18 21 48 2
46 8 10 5 20 12 1 7 45 2 4 0 28 9 31 38 26 13 21 24 34 3 33 36 39 14 6 16 15 17 23 11 27 19 47 18 43 25 41 35 32 48 29 22 40 42 37 30 49 4
36 23 4 6 17 42 35 21 25 34 33 1 18 2 7 9 14 31 29 46 45 3 0 27 8 10 39 32 12 15 48 22 19 47 13 40 11 24 43 26 30 49 41 44 20 28 37 38 5 1
15 1 3 2 5 6 12 14 13 8 9 16 10 0 17 4 7 18 19 1
46 17 26 5 18 10 13 36 42 30 31 34 43 22 39 37 40 12 33 20 47 27 28 4 24 9 29 35 15 11 3 8 19 1 0 23 32 7 6 2 44 16 21 25 14 41 45 3
24 38 2 32 11 49 14 21 8 30 33 47 42 17 48 12 45 19 29 0 1 16 3 23 15 27 20 18 7 34 4 5 40 9 25 13 28 36 26 6 37 43 10 46 31 44 41 22 39 3
6 11 40 5 2 1 8 25 31 36 17 35 23 34 20 46 18 16 0 7 10 12 26 15 13 41 48 14 33 24 44 27 3 30 4 9 22 45 21 42 29 43 49 38 28 19 32 39 37 4
1 27 48 31 10 25 12 6 0 2 36 18 8 21 22 29 4 28 47 39 5 26 13 17 19 35 40 30 41 46 44 24 42 43 3 9 14 49 7 16 20 15 33 45 38 23 11 32 34 3
18 4 3 32 5 9 34 8 30 7 15 1 10 6 25 11 35 33 24 0 12 31 2 28 17 20 22 13 19 36 14 26 23 38 27 29 21 39 37 1
42 8 29 24 31 18 10 4 9 28 0 30 3 12 47 7 36 14 44 38 27 35 46 17 20 41 43 2 39 37 32 6 34 25 48 5 19 45 11 1 16 49 23 26 22 40 15 33 21 1
30 35 0 1 38 2 19 7 4 3 22 37 44 9 14 5 25 11 16 6 31 8 47 12 39 46 15 26 10 13 43 41 42 20 17 45 48 29 32 18 49 24 28 33 34 21 27 36 23 4
17 7 34 21 33 0 8 14 43 44 12 1 10 18 9 19 11 6 16 2 45 27 4 20 39 22 48 28 5 13 49 3 36 37 32 38 46 15 23 47 25 31 40 41 24 35 30 26 29 4
47 7 0 2 39 41 16 6 1 5 20 8 11 23 4 40 3 35 12 10 25 19 44 14 45 9 34 24 33 17 38 46 27 37 48 22 13 43 32 30 15 18 26 31 28 42 21 29 36 4
49 45 41 2 3 10 7 0 1 39 20 27 23 18 13 42 5 8 21 15 4 25 14 6 9 44 32 28 11 36 17 34 46 37 16 48 22 12 35 40 19 26 38 47 29 30 43 24 31 3
22 21 17 18 19 20 4 8 12 16 36 40 44 32 24 28 27 26 25 29 30 31 39 38 37 33 34 35 47 46 45 41 42 6 5 1 2 3 0 7 43 9 13 14 15 10 11 2
16 0 25 49 1 48 2 47 46 3 45 4 5 26 6 44 7 8 27 9 10 28 11 12 29 13 14 30 15 31 32 17 33 34 18 35 36 19 37 38 20 39 21 43 22 23 40 41 24 4
43 32 0 44 8 2 40 48 16 7 34 5 21 42 35 1 3 47 17 20 25 46 9 26 11 15 37 12 4 39 31 6 49 33 13 29 10 28 38 19 41 14 23 30 22 18 27 45 24 3
29 0 2 1 12 27 3 5 19 23 14 4 10 25 37 30 43 33 42 31 11 13 18 7 49 15 41 16 32 44 36 39 20 46 6 22 38 17 34 40 9 21 45 24 28 26 8 35 47 4
39 3 28 33 38 18 12 41 17 23 1 15 11 4 7 9 20 14 10 13 35 24 29 36 43 42 49 2 0 19 45 27 25 21 22 6 48 5 16 8 34 46 32 26 47 31 37 30 40 4
3 4 6 19 29 7 2 9 13 0 30 1 35 16 38 5 11 31 17 47 18 44 10 26 14 21 25 22 33 32 23 27 40 37 20 36 45 15 24 8 46 28 41 49 12 39 34 42 48 4
12 4 2 16 11 0 1 10 8 13 18 9 6 14 3 5 19 15 7 1
o
38 42 17 3 46 40 13 47 1 0 41 2 31 7 6 30 43 5 21 27 26 11 18 28 29 14 15 33 32 16 48 49 8 9 25 24 19 35 23 36 37 22 44 39 4 34 20 12 45 1
o
34 7 0 33 19 1 25 44 15 31 3 14 13 2 4 12 17 35 45 5 26 9 6 22 43 11 40 10 42 27 49 21 8 37 32 46 38 16 39 23 47 28 18 24 30 20 29 36 41 4
6 0 26 27 3 1 25 28 2 11 35 29 5 4 30 31 7 8 32 33 9 10 34 36 12 13 37 38 18 22 49 39 15 16 40 41 17 14 42 43 19 44 45 21 46 47 23 20 48 2
29 43 20 30 0 10 6 17 25 18 47 48 45 3 1 46 44 28 35 24 34 40 37 4 36 21 2 49 27 5 38 39 32 33 9 41 13 42 23 7 22 8 26 19 11 12 14 15 31 1
11 47 40 2 36 45 0 43 3 6 31 16 39 7 30 8 18 44 15 35 48 4 29 32 5 17 27 9 12 28 10 1 37 13 26 42 20 21 38 33 19 22 49 24 14 25 34 23 46 4
38 26 8 13 25 0 48 3 5 27 4 29 6 7 28 1 2 30 10 11 31 12 37 17 43 20 45 21 46 22 42 9 40 32 15 33 34 14 36 35 16 41 19 39 18 23 44 47 24 4
6 5 4 1 0 2 9 3 8 7 29 12 11 15 10 13 16 14 17 19 18 24 21 22 23 25 28 20 30 31 32 35 33 38 36 39 37 34 26 27 41 46 48 49 42 40 47 45 44 4
20 22 5 8 21 24 41 4 15 9 7 1 30 44 27 10 3 11 39 12 35 14 34 16 2 47 31 0 23 37 33 18 49 36 48 40 25 13 6 45 28 29 32 26 17 19 38 46 42 4
38 1 12 45 39 42 37 0 28 14 35 29 46 9 20 43 3 13 33 15 34 16 8 2 17 6 23 22 48 10 4 19 24 31 5 18 21 11 32 40 25 47 7 44 27 36 26 30 49 4
14 5 12 0 1 11 4 9 3 2 8 6 15 7 10 1
12 31 41 7 34 48 15 20 9 37 0 33 18 40 28 1 16 4 10 27 44 13 2 46 39 29 45 21 6 32 14 47 36 8 3 23 43 49 25 19 5 35 38 30 22 26 24 17 11 4
13 26 45 15 5 8 17 20 7 1 0 11 41 2 47 6 21 3 4 46 34 9 10 29 37 36 23 25 31 12 28 19 32 48 14 16 18 43 27 33 38 42 30 24 49 44 35 39 22 4
2 20 34 42 1 17 22 5 23 24 31 3 12 6 46 4 10 25 44 41 7 16 0 30 32 11 35 36 18 9 14 21 8 29 40 15 48 43 39 47 37 13 19 27 33 49 26 28 38 4
2 14 32 25 3 4 26 20 0 16 37 36 1 8 33 31 5 6 24 21 18 9 34 28 7 10 38 29 11 30 22 12 13 39 15 17 27 23 19 3
3 29 49 12 30 39 8 1 35 42 19 21 36 25 26 4 2 17 34 37 13 15 0 6 48 10 43 24 18 38 45 40 7 27 5 16 9 33 32 23 47 14 31 20 46 44 41 22 11 2
44 21 2 29 1 40 34 4 28 43 0 24 31 3 5 27 6 7 37 8 11 30 15 13 25 14 19 35 20 42 36 10 39 46 17 41 32 12 38 47 9 45 16 22 26 18 33 48 23 4
46 3 2 1 0 49 16 17 18 19 20 21 22 23 24 25 26 27 28 29 30 5 4 45 40 9 8 7 6 43 32 37 12 11 10 39 31 14 13 36 33 34 15 35 38 41 44 42 47 4
47 39 6 38 40 17 22 4 5 0 28 2 20 8 9 26 41 16 24 13 3 18 29 7 21 37 25 42 14 1 10 46 32 23 30 36 27 33 11 12 45 15 19 44 34 48 31 43 49 3
7 1 48 22 36 10 9 49 3 16 27 0 41 43 17 47 31 4 8 39 5 25 11 6 37 13 23 29 18 35 38 2 28 30 15 46 44 14 40 26 20 32 34 24 42 33 21 19 45 1
7 4 9 10 11 0 6 5 1 8 2 3
0 29 1 5 7 2 34 37 12 38 32 8 35 4 41 20 16 14 6 18 9 33 10 22 19 3 21 39 43 47 48 27 15 28 11 30 42 36 31 46 17 45 26 25 24 44 13 23 40 4
28 23 1 3 8 9 4 14 0 18 24 33 35 27 22 32 43 16 20 10 37 11 29 31 12 5 42 2 19 26 44 47 13 7 15 40 45 21 38 17 25 39 6 30 36 34 41 46 48 4
36 1 43 18 0 22 20 44 26 5 39 8 38 7 19 2 6 9 21 10 33 4 16 48 12 11 28 13 17 46 42 27 40 15 37 25 3 34 14 30 32 29 35 24 41 47 31 45 49 2
7 12 14 1 10 3 2 22 5 9 18 19 16 6 21 4 11 8 17 23 20 0 13 1
2 45 0 21 1 12 44 4 3 39 41 47 5 42 6 18 17 11 8 22 14 9 16 7 35 43 10 23 15 19 13 30 24 27 20 32 33 34 28 37 46 31 38 40 26 29 36 2
27 28 31 30 35 32 33 34 37 36 41 38 39 40 0 1 2 3 4 7 6 12 18 9 15 21 20 23 5 8 11 10 13 14 17 43 42 47 44 45 46 22 25 24 29 26 16 1
4 7 2 32 28 8 49 35 41 9 42 27 36 29 31 5 3 11 0 13 1 10 26 30 18 12 20 21 6 14 16 47 15 45 23 24 48 33 22 25 40 43 37 19 34 44 39 17 46 3
31 3 44 1 0 2 6 43 24 16 4 8 7 10 12 39 15 11 13 5 9 17 19 21 18 25 22 28 14 23 46 45 20 35 30 36 47 33 42 26 32 27 38 40 37 49 29 41 48 3
0 1 2 3 4 5 6 7 8 9 10 11 12 13 14 15 16 17 18 19 20 21 22 23 24 25 26 27 28 29 30 31 32 33 34 35 36 37 38 39 40 41 42 43 44 48 49 45 46 4
20 3 4 19 0 18 8 14 15 5 16 9 12 7 25 10 24 6 13 1 21 23 17 22 11 2
37 25 1 2 27 36 8 5 47 39 6 23 26 42 16 4 40 48 14 0 49 34 15 12 28 33 19 18 30 31 22 3 29 44 24 7 43 32 21 13 35 10 9 38 17 20 46 45 11 4
43 40 0 1 25 20 21 26 22 23 27 24 28 29 2 3 32 30 4 5 36 31 6 7 33 34 8 9 35 37 10 11 38 39 12 13 41 42 14 44 45 15 16 46 19 17 47 48 18 4
48 47 8 1 2 11 16 31 37 20 10 18 5 30 36 17 4 13 3 26 27 40 0 6 33 43 28 25 29 41 15 12 14 21 22 45 39 38 9 34 23 19 7 49 42 32 44 46 24 3
42 4 27 0 8 14 17 5 25 2 6 15 43 35 9 12 37 19 22 3 10 18 11 36 13 48 23 1 47 7 24 16 20 45 49 29 31 40 33 41 32 21 26 30 28 39 38 34 46 4
10 38 1 4 19 2 43 32 12 35 33 5 34 3 40 9 0 11 26 6 49 36 27 44 15 17 42 7 16 47 22 48 23 29 8 41 20 37 13 14 24 39 18 25 21 45 28 31 30 4
14 0 1 4 10 48 7 2 8 40 26 38 3 46 33 37 28 9 13 31 19 30 5 15 43 44 6 12 27 21 11 39 24 49 20 34 16 22 17 32 41 18 23 29 47 45 42 36 35 2
24 2 1 18 14 4 7 44 10 43 6 27 25 49 12 28 29 17 22 37 35 20 39 21 5 9 46 3 13 19 8 30 45 33 15 36 26 38 11 23 31 0 48 34 41 42 40 32 16 4
17 2 12 0 40 4 26 19 1 21 6 8 35 5 7 16 36 48 45 33 10 39 9 22 46 13 20 14 42 11 34 15 18 27 43 30 29 32 44 37 38 3 25 28 24 31 49 47 41 2
4 14 27 19 7 26 10 33 20 2 45 11 41 24 35 1 25 13 48 3 49 42 9 36 5 16 30 8 22 44 40 0 38 39 6 28 43 15 29 46 12 47 23 34 21 18 32 31 17 3
1 3 0 4 5 2
20 6 19 4 29 23 16 11 0 7 1 8 10 13 17 2 24 5 9 12 22 3 25 14 27 21 18 26 15 2
29 49 11 33 32 5 18 2 22 30 3 26 36 17 7 8 45 47 14 1 39 6 0 13 43 9 19 4 21 41 25 10 35 38 24 23 46 42 44 15 31 48 16 40 20 28 27 12 37 3
46 15 0 1 2 3 4 5 6 7 8 9 10 11 12 13 14 16 17 18 19 20 21 22 23 24 25 26 27 28 29 30 31 49 32 33 34 35 48 37 47 36 39 38 41 43 40 42 45 4
1 0 2 33 3 32 8 9 10 4 5 6 7 31 12 13 14 15 16 17 18 19 20 21 22 23 24 25 26 28 27 29 30 1
4 2 9 6 0 7 1 3 11 8 5 1
11 5 4 2 3 6 7 1 0 12 13 19 16 14 15 9 10 20 21 27 24 22 23 17 18 28 29 35 32 30 31 25 26 36 37 43 40 38 39 33 34 44 42 41 47 46 8 4
0 1 2 3 4 5 6 7 8 9 10 11 12 13 14 15 16 17 18 19 20 21 22 23 24 25 26 27 28 29 30 31 32 33 34 35 36 37 38 39 40 41 42 43 44 46 45 47 48 4
33 7 1 15 41 32 3 8 23 4 36 9 19 16 38 25 44 22 29 11 46 43 39 37 24 5 26 47 6 12 2 14 10 0 17 34 28 20 18 30 13 21 49 35 31 40 27 42 45 4
0 13 16 2 1 8 3 19 4 6 5 11 18 14 9 17 10 7 12 1
31 7 0 3 33 44 22 9 23 6 1 36 29 26 37 24 45 42 2 19 8 14 4 10 11 20 13 5 16 35 12 21 48 28 32 39 25 34 41 15 30 47 27 38 17 43 49 40 18 4
30 40 37 43 4 0 2 11 1 16 49 7 31 8 3 5 9 15 12 13 23 24 47 45 29 18 48 19 14 27 46 21 36 28 32 34 42 35 38 39 6 17 10 25 20 22 26 41 33 4
11 0 44 3 10 4 45 12 6 9 13 25 2 1 29 22 5 31 30 39 23 49 46 16 19 24 47 15 14 21 7 8 36 27 33 38 20 42 43 32 35 40 34 48 26 41 28 17 37 1
37 9 11 15 35 10 2 4 31 23 24 14 1 45 38 6 44 3 21 5 18 12 33 26 7 41 29 13 19 34 8 25 43 16 39 47 46 30 22 20 42 17 36 28 0 27 32 48 40 4
18 0 38 11 26 27 12 32 25 8 9 6 36 43 3 44 4 24 35 28 5 1 40 16 2 31 13 30 15 34 21 20 41 23 19 14 10 33 39 29 37 42 45 17 7 2
38 20 33 6 9 10 39 1 2 23 11 31 30 24 28 37 3 7 17 12 13 15 25 32 5 35 19 41 14 21 0 40 8 36 27 16 4 29 26 18 22 3
9 8 23 48 2 3 47 44 6 7 10 11 4 5 16 17 46 30 31 1 0 13 12 38 39 27 26 24 25 19 18 45 43 42 21 20 29 28 22 35 15 14 36 37 40 32 33 49 34 4
43 3 36 1 6 9 5 35 13 26 49 28 41 20 40 0 15 37 32 21 48 24 27 22 46 4 34 33 17 45 47 12 44 7 2 14 8 25 29 18 11 38 42 30 10 16 23 31 19 3
32 31 30 29 34 21 26 5 10 18 13 37 42 41 40 39 38 0 1 2 3 4 6 7 8 9 11 12 27 28 14 15 16 17 19 20 22 23 24 25 35 36 49 48 47 46 45 44 43 3
14 43 24 13 19 21 18 12 44 9 11 15 49 0 1 2 3 4 6 5 37 29 7 35 25 34 8 17 26 48 30 10 45 16 39 28 38 27 42 46 20 47 23 22 31 32 33 36 41 4
22 0 1 10 23 37 35 2 3 5 6 4 18 39 7 8 29 49 9 11 43 47 12 13 15 17 42 21 20 27 25 26 40 28 38 30 34 44 48 36 31 33 16 14 45 41 19 32 46 2
40 14 30 44 11 1 41 13 19 3 4 5 12 26 48 45 27 47 31 10 22 43 0 2 9 24 36 35 23 15 6 28 17 25 20 34 7 39 49 21 32 33 8 37 18 16 42 38 29 4
5 3 0 1 4 2
29 9 1 35 26 28 13 36 21 4 5 37 24 49 43 3 32 46 34 0 2 42 19 7 8 12 31 15 18 25 6 45 14 41 38 44 33 27 40 17 10 20 23 16 39 48 11 22 47 3
29 44 37 18 34 21 22 1 17 3 25 2 10 20 11 27 41 33 7 19 40 14 48 32 42 31 45 15 24 9 0 4 46 36 5 23 30 8 43 16 47 35 26 13 38 6 39 12 28 4
